<?xml version="1.0" encoding="UTF-8"?>
<!-- Generated by org.testng.reporters.JUnitXMLReporter -->
<testsuite ignored="0" hostname="DESKTOP-LMKUKFJ" failures="11" tests="28" name="Default test" time="302.012" errors="0" timestamp="2024-11-06T00:03:32 IST">
  <testcase classname="io.cucumber.testng.AbstractTestNGCucumberTests" name="runScenario" time="7.972"/>
  <testcase classname="io.cucumber.testng.AbstractTestNGCucumberTests" name="runScenario" time="4.008"/>
  <testcase classname="io.cucumber.testng.AbstractTestNGCucumberTests" name="runScenario" time="1.215"/>
  <testcase classname="io.cucumber.testng.AbstractTestNGCucumberTests" name="runScenario" time="5.51"/>
  <testcase classname="io.cucumber.testng.AbstractTestNGCucumberTests" name="runScenario" time="2.224"/>
  <testcase classname="io.cucumber.testng.AbstractTestNGCucumberTests" name="runScenario" time="2.415">
    <failure type="java.lang.AssertionError" message="Unable to click element : New Launch icon  --  [[ChromeDriver: chrome on windows (50c3191233544f80e0eb5b2995301fd5)] -&amp;gt; xpath: (//span[normalize-space()=&amp;apos;NEW LAUNCH&amp;apos;])[1]]  --  org.openqa.selenium.ElementClickInterceptedException: element click intercepted: Element &amp;lt;span data-shimmer-effect=&amp;quot;true&amp;quot;&amp;gt;...&amp;lt;/span&amp;gt; is not clickable at point (428, 107). Other element would receive the click: &amp;lt;div class=&amp;quot;modal-popup modal-large book-bike-ride request-callback&amp;quot; id=&amp;quot;requestCallBackModel&amp;quot;&amp;gt;...&amp;lt;/div&amp;gt;
  (Session info: chrome=130.0.6723.92)
Build info: version: &amp;apos;4.13.0&amp;apos;, revision: &amp;apos;ba948ece5b*&amp;apos;
System info: os.name: &amp;apos;Windows 10&amp;apos;, os.arch: &amp;apos;amd64&amp;apos;, os.version: &amp;apos;10.0&amp;apos;, java.version: &amp;apos;17.0.6&amp;apos;
Driver info: org.openqa.selenium.chrome.ChromeDriver
Command: [50c3191233544f80e0eb5b2995301fd5, clickElement {id=f.F0820FAC319528599EB11F4B5FD7207B.d.5D270B7523BCF3BC4068F1BC38F4E9A9.e.379}]
Capabilities {acceptInsecureCerts: false, browserName: chrome, browserVersion: 130.0.6723.92, chrome: {chromedriverVersion: 130.0.6723.91 (53ac07678369..., userDataDir: C:\Users\QA\AppData\Local\T...}, fedcm:accounts: true, goog:chromeOptions: {debuggerAddress: localhost:62644}, networkConnectionEnabled: false, pageLoadStrategy: normal, platformName: windows, proxy: Proxy(), se:cdp: ws://localhost:62644/devtoo..., se:cdpVersion: 130.0.6723.92, setWindowRect: true, strictFileInteractability: false, timeouts: {implicit: 0, pageLoad: 300000, script: 30000}, unhandledPromptBehavior: dismiss and notify, webauthn:extension:credBlob: true, webauthn:extension:largeBlob: true, webauthn:extension:minPinLength: true, webauthn:extension:prf: true, webauthn:virtualAuthenticators: true}
Element: [[ChromeDriver: chrome on windows (50c3191233544f80e0eb5b2995301fd5)] -&amp;gt; xpath: (//span[normalize-space()=&amp;apos;NEW LAUNCH&amp;apos;])[1]]
Session ID: 50c3191233544f80e0eb5b2995301fd5 expected [true] but found [false]">
      <![CDATA[java.lang.AssertionError: Unable to click element : New Launch icon  --  [[ChromeDriver: chrome on windows (50c3191233544f80e0eb5b2995301fd5)] -> xpath: (//span[normalize-space()='NEW LAUNCH'])[1]]  --  org.openqa.selenium.ElementClickInterceptedException: element click intercepted: Element <span data-shimmer-effect="true">...</span> is not clickable at point (428, 107). Other element would receive the click: <div class="modal-popup modal-large book-bike-ride request-callback" id="requestCallBackModel">...</div>
  (Session info: chrome=130.0.6723.92)
Build info: version: '4.13.0', revision: 'ba948ece5b*'
System info: os.name: 'Windows 10', os.arch: 'amd64', os.version: '10.0', java.version: '17.0.6'
Driver info: org.openqa.selenium.chrome.ChromeDriver
Command: [50c3191233544f80e0eb5b2995301fd5, clickElement {id=f.F0820FAC319528599EB11F4B5FD7207B.d.5D270B7523BCF3BC4068F1BC38F4E9A9.e.379}]
Capabilities {acceptInsecureCerts: false, browserName: chrome, browserVersion: 130.0.6723.92, chrome: {chromedriverVersion: 130.0.6723.91 (53ac07678369..., userDataDir: C:\Users\QA\AppData\Local\T...}, fedcm:accounts: true, goog:chromeOptions: {debuggerAddress: localhost:62644}, networkConnectionEnabled: false, pageLoadStrategy: normal, platformName: windows, proxy: Proxy(), se:cdp: ws://localhost:62644/devtoo..., se:cdpVersion: 130.0.6723.92, setWindowRect: true, strictFileInteractability: false, timeouts: {implicit: 0, pageLoad: 300000, script: 30000}, unhandledPromptBehavior: dismiss and notify, webauthn:extension:credBlob: true, webauthn:extension:largeBlob: true, webauthn:extension:minPinLength: true, webauthn:extension:prf: true, webauthn:virtualAuthenticators: true}
Element: [[ChromeDriver: chrome on windows (50c3191233544f80e0eb5b2995301fd5)] -> xpath: (//span[normalize-space()='NEW LAUNCH'])[1]]
Session ID: 50c3191233544f80e0eb5b2995301fd5 expected [true] but found [false]
at org.testng.Assert.fail(Assert.java:110)
at org.testng.Assert.failNotEquals(Assert.java:1577)
at org.testng.Assert.assertTrue(Assert.java:56)
at GB_Webapp.Utility.Library.click(Library.java:40)
at GB_Webapp.StepDefinition.LoginPageTest.click_on(LoginPageTest.java:205)
at ✽.Click on "New_launch_icons"(file:///C:/Users/QA/OneDrive/Documents/Azure/Hero_GB_WebApp_UI_Testing_BDD/./FeatureFilesBangladesh/01_LoginFeature.feature:65)
]]>
    </failure>
  </testcase> <!-- runScenario -->
  <testcase classname="io.cucumber.testng.AbstractTestNGCucumberTests" name="runScenario" time="2.073">
    <failure type="java.lang.AssertionError" message="Unable to click element : Product icon  --  [[ChromeDriver: chrome on windows (50c3191233544f80e0eb5b2995301fd5)] -&amp;gt; xpath: //a[normalize-space()=&amp;apos;PRODUCTS&amp;apos;]]  --  org.openqa.selenium.ElementClickInterceptedException: element click intercepted: Element &amp;lt;a class=&amp;quot;nav-link showMegaMenuContainer ps-lg-0 active&amp;quot; href=&amp;quot;javascript:void(0)&amp;quot; aa-data-attr=&amp;quot;track_cta&amp;quot; aria-haspopup=&amp;quot;true&amp;quot; aria-expanded=&amp;quot;false&amp;quot; value=&amp;quot;productsMegaMenu&amp;quot;&amp;gt;...&amp;lt;/a&amp;gt; is not clickable at point (555, 30). Other element would receive the click: &amp;lt;div class=&amp;quot;modal-popup modal-large book-bike-ride request-callback&amp;quot; id=&amp;quot;requestCallBackModel&amp;quot;&amp;gt;...&amp;lt;/div&amp;gt;
  (Session info: chrome=130.0.6723.92)
Build info: version: &amp;apos;4.13.0&amp;apos;, revision: &amp;apos;ba948ece5b*&amp;apos;
System info: os.name: &amp;apos;Windows 10&amp;apos;, os.arch: &amp;apos;amd64&amp;apos;, os.version: &amp;apos;10.0&amp;apos;, java.version: &amp;apos;17.0.6&amp;apos;
Driver info: org.openqa.selenium.chrome.ChromeDriver
Command: [50c3191233544f80e0eb5b2995301fd5, clickElement {id=f.F0820FAC319528599EB11F4B5FD7207B.d.5D270B7523BCF3BC4068F1BC38F4E9A9.e.347}]
Capabilities {acceptInsecureCerts: false, browserName: chrome, browserVersion: 130.0.6723.92, chrome: {chromedriverVersion: 130.0.6723.91 (53ac07678369..., userDataDir: C:\Users\QA\AppData\Local\T...}, fedcm:accounts: true, goog:chromeOptions: {debuggerAddress: localhost:62644}, networkConnectionEnabled: false, pageLoadStrategy: normal, platformName: windows, proxy: Proxy(), se:cdp: ws://localhost:62644/devtoo..., se:cdpVersion: 130.0.6723.92, setWindowRect: true, strictFileInteractability: false, timeouts: {implicit: 0, pageLoad: 300000, script: 30000}, unhandledPromptBehavior: dismiss and notify, webauthn:extension:credBlob: true, webauthn:extension:largeBlob: true, webauthn:extension:minPinLength: true, webauthn:extension:prf: true, webauthn:virtualAuthenticators: true}
Element: [[ChromeDriver: chrome on windows (50c3191233544f80e0eb5b2995301fd5)] -&amp;gt; xpath: //a[normalize-space()=&amp;apos;PRODUCTS&amp;apos;]]
Session ID: 50c3191233544f80e0eb5b2995301fd5 expected [true] but found [false]">
      <![CDATA[java.lang.AssertionError: Unable to click element : Product icon  --  [[ChromeDriver: chrome on windows (50c3191233544f80e0eb5b2995301fd5)] -> xpath: //a[normalize-space()='PRODUCTS']]  --  org.openqa.selenium.ElementClickInterceptedException: element click intercepted: Element <a class="nav-link showMegaMenuContainer ps-lg-0 active" href="javascript:void(0)" aa-data-attr="track_cta" aria-haspopup="true" aria-expanded="false" value="productsMegaMenu">...</a> is not clickable at point (555, 30). Other element would receive the click: <div class="modal-popup modal-large book-bike-ride request-callback" id="requestCallBackModel">...</div>
  (Session info: chrome=130.0.6723.92)
Build info: version: '4.13.0', revision: 'ba948ece5b*'
System info: os.name: 'Windows 10', os.arch: 'amd64', os.version: '10.0', java.version: '17.0.6'
Driver info: org.openqa.selenium.chrome.ChromeDriver
Command: [50c3191233544f80e0eb5b2995301fd5, clickElement {id=f.F0820FAC319528599EB11F4B5FD7207B.d.5D270B7523BCF3BC4068F1BC38F4E9A9.e.347}]
Capabilities {acceptInsecureCerts: false, browserName: chrome, browserVersion: 130.0.6723.92, chrome: {chromedriverVersion: 130.0.6723.91 (53ac07678369..., userDataDir: C:\Users\QA\AppData\Local\T...}, fedcm:accounts: true, goog:chromeOptions: {debuggerAddress: localhost:62644}, networkConnectionEnabled: false, pageLoadStrategy: normal, platformName: windows, proxy: Proxy(), se:cdp: ws://localhost:62644/devtoo..., se:cdpVersion: 130.0.6723.92, setWindowRect: true, strictFileInteractability: false, timeouts: {implicit: 0, pageLoad: 300000, script: 30000}, unhandledPromptBehavior: dismiss and notify, webauthn:extension:credBlob: true, webauthn:extension:largeBlob: true, webauthn:extension:minPinLength: true, webauthn:extension:prf: true, webauthn:virtualAuthenticators: true}
Element: [[ChromeDriver: chrome on windows (50c3191233544f80e0eb5b2995301fd5)] -> xpath: //a[normalize-space()='PRODUCTS']]
Session ID: 50c3191233544f80e0eb5b2995301fd5 expected [true] but found [false]
at org.testng.Assert.fail(Assert.java:110)
at org.testng.Assert.failNotEquals(Assert.java:1577)
at org.testng.Assert.assertTrue(Assert.java:56)
at GB_Webapp.Utility.Library.click(Library.java:40)
at GB_Webapp.StepDefinition.LoginPageTest.click_on(LoginPageTest.java:188)
at ✽.Click on "Product"(file:///C:/Users/QA/OneDrive/Documents/Azure/Hero_GB_WebApp_UI_Testing_BDD/./FeatureFilesBangladesh/01_LoginFeature.feature:72)
]]>
    </failure>
  </testcase> <!-- runScenario -->
  <testcase classname="io.cucumber.testng.AbstractTestNGCucumberTests" name="runScenario" time="2.113">
    <failure type="java.lang.AssertionError" message="Unable to click element : Product icon  --  [[ChromeDriver: chrome on windows (50c3191233544f80e0eb5b2995301fd5)] -&amp;gt; xpath: //a[normalize-space()=&amp;apos;PRODUCTS&amp;apos;]]  --  org.openqa.selenium.ElementClickInterceptedException: element click intercepted: Element &amp;lt;a class=&amp;quot;nav-link showMegaMenuContainer ps-lg-0 active&amp;quot; href=&amp;quot;javascript:void(0)&amp;quot; aa-data-attr=&amp;quot;track_cta&amp;quot; aria-haspopup=&amp;quot;true&amp;quot; aria-expanded=&amp;quot;false&amp;quot; value=&amp;quot;productsMegaMenu&amp;quot;&amp;gt;...&amp;lt;/a&amp;gt; is not clickable at point (555, 30). Other element would receive the click: &amp;lt;div class=&amp;quot;modal-popup modal-large book-bike-ride request-callback&amp;quot; id=&amp;quot;requestCallBackModel&amp;quot;&amp;gt;...&amp;lt;/div&amp;gt;
  (Session info: chrome=130.0.6723.92)
Build info: version: &amp;apos;4.13.0&amp;apos;, revision: &amp;apos;ba948ece5b*&amp;apos;
System info: os.name: &amp;apos;Windows 10&amp;apos;, os.arch: &amp;apos;amd64&amp;apos;, os.version: &amp;apos;10.0&amp;apos;, java.version: &amp;apos;17.0.6&amp;apos;
Driver info: org.openqa.selenium.chrome.ChromeDriver
Command: [50c3191233544f80e0eb5b2995301fd5, clickElement {id=f.F0820FAC319528599EB11F4B5FD7207B.d.5D270B7523BCF3BC4068F1BC38F4E9A9.e.347}]
Capabilities {acceptInsecureCerts: false, browserName: chrome, browserVersion: 130.0.6723.92, chrome: {chromedriverVersion: 130.0.6723.91 (53ac07678369..., userDataDir: C:\Users\QA\AppData\Local\T...}, fedcm:accounts: true, goog:chromeOptions: {debuggerAddress: localhost:62644}, networkConnectionEnabled: false, pageLoadStrategy: normal, platformName: windows, proxy: Proxy(), se:cdp: ws://localhost:62644/devtoo..., se:cdpVersion: 130.0.6723.92, setWindowRect: true, strictFileInteractability: false, timeouts: {implicit: 0, pageLoad: 300000, script: 30000}, unhandledPromptBehavior: dismiss and notify, webauthn:extension:credBlob: true, webauthn:extension:largeBlob: true, webauthn:extension:minPinLength: true, webauthn:extension:prf: true, webauthn:virtualAuthenticators: true}
Element: [[ChromeDriver: chrome on windows (50c3191233544f80e0eb5b2995301fd5)] -&amp;gt; xpath: //a[normalize-space()=&amp;apos;PRODUCTS&amp;apos;]]
Session ID: 50c3191233544f80e0eb5b2995301fd5 expected [true] but found [false]">
      <![CDATA[java.lang.AssertionError: Unable to click element : Product icon  --  [[ChromeDriver: chrome on windows (50c3191233544f80e0eb5b2995301fd5)] -> xpath: //a[normalize-space()='PRODUCTS']]  --  org.openqa.selenium.ElementClickInterceptedException: element click intercepted: Element <a class="nav-link showMegaMenuContainer ps-lg-0 active" href="javascript:void(0)" aa-data-attr="track_cta" aria-haspopup="true" aria-expanded="false" value="productsMegaMenu">...</a> is not clickable at point (555, 30). Other element would receive the click: <div class="modal-popup modal-large book-bike-ride request-callback" id="requestCallBackModel">...</div>
  (Session info: chrome=130.0.6723.92)
Build info: version: '4.13.0', revision: 'ba948ece5b*'
System info: os.name: 'Windows 10', os.arch: 'amd64', os.version: '10.0', java.version: '17.0.6'
Driver info: org.openqa.selenium.chrome.ChromeDriver
Command: [50c3191233544f80e0eb5b2995301fd5, clickElement {id=f.F0820FAC319528599EB11F4B5FD7207B.d.5D270B7523BCF3BC4068F1BC38F4E9A9.e.347}]
Capabilities {acceptInsecureCerts: false, browserName: chrome, browserVersion: 130.0.6723.92, chrome: {chromedriverVersion: 130.0.6723.91 (53ac07678369..., userDataDir: C:\Users\QA\AppData\Local\T...}, fedcm:accounts: true, goog:chromeOptions: {debuggerAddress: localhost:62644}, networkConnectionEnabled: false, pageLoadStrategy: normal, platformName: windows, proxy: Proxy(), se:cdp: ws://localhost:62644/devtoo..., se:cdpVersion: 130.0.6723.92, setWindowRect: true, strictFileInteractability: false, timeouts: {implicit: 0, pageLoad: 300000, script: 30000}, unhandledPromptBehavior: dismiss and notify, webauthn:extension:credBlob: true, webauthn:extension:largeBlob: true, webauthn:extension:minPinLength: true, webauthn:extension:prf: true, webauthn:virtualAuthenticators: true}
Element: [[ChromeDriver: chrome on windows (50c3191233544f80e0eb5b2995301fd5)] -> xpath: //a[normalize-space()='PRODUCTS']]
Session ID: 50c3191233544f80e0eb5b2995301fd5 expected [true] but found [false]
at org.testng.Assert.fail(Assert.java:110)
at org.testng.Assert.failNotEquals(Assert.java:1577)
at org.testng.Assert.assertTrue(Assert.java:56)
at GB_Webapp.Utility.Library.click(Library.java:40)
at GB_Webapp.StepDefinition.LoginPageTest.click_on(LoginPageTest.java:188)
at ✽.Click on "Product"(file:///C:/Users/QA/OneDrive/Documents/Azure/Hero_GB_WebApp_UI_Testing_BDD/./FeatureFilesBangladesh/01_LoginFeature.feature:88)
]]>
    </failure>
  </testcase> <!-- runScenario -->
  <testcase classname="io.cucumber.testng.AbstractTestNGCucumberTests" name="runScenario" time="2.358">
    <failure type="java.lang.AssertionError" message="Unable to click element : Product icon  --  [[ChromeDriver: chrome on windows (50c3191233544f80e0eb5b2995301fd5)] -&amp;gt; xpath: //a[normalize-space()=&amp;apos;PRODUCTS&amp;apos;]]  --  org.openqa.selenium.ElementClickInterceptedException: element click intercepted: Element &amp;lt;a class=&amp;quot;nav-link showMegaMenuContainer ps-lg-0 active&amp;quot; href=&amp;quot;javascript:void(0)&amp;quot; aa-data-attr=&amp;quot;track_cta&amp;quot; aria-haspopup=&amp;quot;true&amp;quot; aria-expanded=&amp;quot;false&amp;quot; value=&amp;quot;productsMegaMenu&amp;quot;&amp;gt;...&amp;lt;/a&amp;gt; is not clickable at point (555, 30). Other element would receive the click: &amp;lt;div class=&amp;quot;modal-popup modal-large book-bike-ride request-callback&amp;quot; id=&amp;quot;requestCallBackModel&amp;quot;&amp;gt;...&amp;lt;/div&amp;gt;
  (Session info: chrome=130.0.6723.92)
Build info: version: &amp;apos;4.13.0&amp;apos;, revision: &amp;apos;ba948ece5b*&amp;apos;
System info: os.name: &amp;apos;Windows 10&amp;apos;, os.arch: &amp;apos;amd64&amp;apos;, os.version: &amp;apos;10.0&amp;apos;, java.version: &amp;apos;17.0.6&amp;apos;
Driver info: org.openqa.selenium.chrome.ChromeDriver
Command: [50c3191233544f80e0eb5b2995301fd5, clickElement {id=f.F0820FAC319528599EB11F4B5FD7207B.d.5D270B7523BCF3BC4068F1BC38F4E9A9.e.347}]
Capabilities {acceptInsecureCerts: false, browserName: chrome, browserVersion: 130.0.6723.92, chrome: {chromedriverVersion: 130.0.6723.91 (53ac07678369..., userDataDir: C:\Users\QA\AppData\Local\T...}, fedcm:accounts: true, goog:chromeOptions: {debuggerAddress: localhost:62644}, networkConnectionEnabled: false, pageLoadStrategy: normal, platformName: windows, proxy: Proxy(), se:cdp: ws://localhost:62644/devtoo..., se:cdpVersion: 130.0.6723.92, setWindowRect: true, strictFileInteractability: false, timeouts: {implicit: 0, pageLoad: 300000, script: 30000}, unhandledPromptBehavior: dismiss and notify, webauthn:extension:credBlob: true, webauthn:extension:largeBlob: true, webauthn:extension:minPinLength: true, webauthn:extension:prf: true, webauthn:virtualAuthenticators: true}
Element: [[ChromeDriver: chrome on windows (50c3191233544f80e0eb5b2995301fd5)] -&amp;gt; xpath: //a[normalize-space()=&amp;apos;PRODUCTS&amp;apos;]]
Session ID: 50c3191233544f80e0eb5b2995301fd5 expected [true] but found [false]">
      <![CDATA[java.lang.AssertionError: Unable to click element : Product icon  --  [[ChromeDriver: chrome on windows (50c3191233544f80e0eb5b2995301fd5)] -> xpath: //a[normalize-space()='PRODUCTS']]  --  org.openqa.selenium.ElementClickInterceptedException: element click intercepted: Element <a class="nav-link showMegaMenuContainer ps-lg-0 active" href="javascript:void(0)" aa-data-attr="track_cta" aria-haspopup="true" aria-expanded="false" value="productsMegaMenu">...</a> is not clickable at point (555, 30). Other element would receive the click: <div class="modal-popup modal-large book-bike-ride request-callback" id="requestCallBackModel">...</div>
  (Session info: chrome=130.0.6723.92)
Build info: version: '4.13.0', revision: 'ba948ece5b*'
System info: os.name: 'Windows 10', os.arch: 'amd64', os.version: '10.0', java.version: '17.0.6'
Driver info: org.openqa.selenium.chrome.ChromeDriver
Command: [50c3191233544f80e0eb5b2995301fd5, clickElement {id=f.F0820FAC319528599EB11F4B5FD7207B.d.5D270B7523BCF3BC4068F1BC38F4E9A9.e.347}]
Capabilities {acceptInsecureCerts: false, browserName: chrome, browserVersion: 130.0.6723.92, chrome: {chromedriverVersion: 130.0.6723.91 (53ac07678369..., userDataDir: C:\Users\QA\AppData\Local\T...}, fedcm:accounts: true, goog:chromeOptions: {debuggerAddress: localhost:62644}, networkConnectionEnabled: false, pageLoadStrategy: normal, platformName: windows, proxy: Proxy(), se:cdp: ws://localhost:62644/devtoo..., se:cdpVersion: 130.0.6723.92, setWindowRect: true, strictFileInteractability: false, timeouts: {implicit: 0, pageLoad: 300000, script: 30000}, unhandledPromptBehavior: dismiss and notify, webauthn:extension:credBlob: true, webauthn:extension:largeBlob: true, webauthn:extension:minPinLength: true, webauthn:extension:prf: true, webauthn:virtualAuthenticators: true}
Element: [[ChromeDriver: chrome on windows (50c3191233544f80e0eb5b2995301fd5)] -> xpath: //a[normalize-space()='PRODUCTS']]
Session ID: 50c3191233544f80e0eb5b2995301fd5 expected [true] but found [false]
at org.testng.Assert.fail(Assert.java:110)
at org.testng.Assert.failNotEquals(Assert.java:1577)
at org.testng.Assert.assertTrue(Assert.java:56)
at GB_Webapp.Utility.Library.click(Library.java:40)
at GB_Webapp.StepDefinition.LoginPageTest.click_on(LoginPageTest.java:188)
at ✽.Click on "Product"(file:///C:/Users/QA/OneDrive/Documents/Azure/Hero_GB_WebApp_UI_Testing_BDD/./FeatureFilesBangladesh/01_LoginFeature.feature:100)
]]>
    </failure>
  </testcase> <!-- runScenario -->
  <testcase classname="io.cucumber.testng.AbstractTestNGCucumberTests" name="runScenario" time="2.072">
    <failure type="java.lang.AssertionError" message="Unable to click element : Product icon  --  [[ChromeDriver: chrome on windows (50c3191233544f80e0eb5b2995301fd5)] -&amp;gt; xpath: //a[normalize-space()=&amp;apos;PRODUCTS&amp;apos;]]  --  org.openqa.selenium.ElementClickInterceptedException: element click intercepted: Element &amp;lt;a class=&amp;quot;nav-link showMegaMenuContainer ps-lg-0 active&amp;quot; href=&amp;quot;javascript:void(0)&amp;quot; aa-data-attr=&amp;quot;track_cta&amp;quot; aria-haspopup=&amp;quot;true&amp;quot; aria-expanded=&amp;quot;false&amp;quot; value=&amp;quot;productsMegaMenu&amp;quot;&amp;gt;...&amp;lt;/a&amp;gt; is not clickable at point (555, 30). Other element would receive the click: &amp;lt;div class=&amp;quot;modal-popup modal-large book-bike-ride request-callback&amp;quot; id=&amp;quot;requestCallBackModel&amp;quot;&amp;gt;...&amp;lt;/div&amp;gt;
  (Session info: chrome=130.0.6723.92)
Build info: version: &amp;apos;4.13.0&amp;apos;, revision: &amp;apos;ba948ece5b*&amp;apos;
System info: os.name: &amp;apos;Windows 10&amp;apos;, os.arch: &amp;apos;amd64&amp;apos;, os.version: &amp;apos;10.0&amp;apos;, java.version: &amp;apos;17.0.6&amp;apos;
Driver info: org.openqa.selenium.chrome.ChromeDriver
Command: [50c3191233544f80e0eb5b2995301fd5, clickElement {id=f.F0820FAC319528599EB11F4B5FD7207B.d.5D270B7523BCF3BC4068F1BC38F4E9A9.e.347}]
Capabilities {acceptInsecureCerts: false, browserName: chrome, browserVersion: 130.0.6723.92, chrome: {chromedriverVersion: 130.0.6723.91 (53ac07678369..., userDataDir: C:\Users\QA\AppData\Local\T...}, fedcm:accounts: true, goog:chromeOptions: {debuggerAddress: localhost:62644}, networkConnectionEnabled: false, pageLoadStrategy: normal, platformName: windows, proxy: Proxy(), se:cdp: ws://localhost:62644/devtoo..., se:cdpVersion: 130.0.6723.92, setWindowRect: true, strictFileInteractability: false, timeouts: {implicit: 0, pageLoad: 300000, script: 30000}, unhandledPromptBehavior: dismiss and notify, webauthn:extension:credBlob: true, webauthn:extension:largeBlob: true, webauthn:extension:minPinLength: true, webauthn:extension:prf: true, webauthn:virtualAuthenticators: true}
Element: [[ChromeDriver: chrome on windows (50c3191233544f80e0eb5b2995301fd5)] -&amp;gt; xpath: //a[normalize-space()=&amp;apos;PRODUCTS&amp;apos;]]
Session ID: 50c3191233544f80e0eb5b2995301fd5 expected [true] but found [false]">
      <![CDATA[java.lang.AssertionError: Unable to click element : Product icon  --  [[ChromeDriver: chrome on windows (50c3191233544f80e0eb5b2995301fd5)] -> xpath: //a[normalize-space()='PRODUCTS']]  --  org.openqa.selenium.ElementClickInterceptedException: element click intercepted: Element <a class="nav-link showMegaMenuContainer ps-lg-0 active" href="javascript:void(0)" aa-data-attr="track_cta" aria-haspopup="true" aria-expanded="false" value="productsMegaMenu">...</a> is not clickable at point (555, 30). Other element would receive the click: <div class="modal-popup modal-large book-bike-ride request-callback" id="requestCallBackModel">...</div>
  (Session info: chrome=130.0.6723.92)
Build info: version: '4.13.0', revision: 'ba948ece5b*'
System info: os.name: 'Windows 10', os.arch: 'amd64', os.version: '10.0', java.version: '17.0.6'
Driver info: org.openqa.selenium.chrome.ChromeDriver
Command: [50c3191233544f80e0eb5b2995301fd5, clickElement {id=f.F0820FAC319528599EB11F4B5FD7207B.d.5D270B7523BCF3BC4068F1BC38F4E9A9.e.347}]
Capabilities {acceptInsecureCerts: false, browserName: chrome, browserVersion: 130.0.6723.92, chrome: {chromedriverVersion: 130.0.6723.91 (53ac07678369..., userDataDir: C:\Users\QA\AppData\Local\T...}, fedcm:accounts: true, goog:chromeOptions: {debuggerAddress: localhost:62644}, networkConnectionEnabled: false, pageLoadStrategy: normal, platformName: windows, proxy: Proxy(), se:cdp: ws://localhost:62644/devtoo..., se:cdpVersion: 130.0.6723.92, setWindowRect: true, strictFileInteractability: false, timeouts: {implicit: 0, pageLoad: 300000, script: 30000}, unhandledPromptBehavior: dismiss and notify, webauthn:extension:credBlob: true, webauthn:extension:largeBlob: true, webauthn:extension:minPinLength: true, webauthn:extension:prf: true, webauthn:virtualAuthenticators: true}
Element: [[ChromeDriver: chrome on windows (50c3191233544f80e0eb5b2995301fd5)] -> xpath: //a[normalize-space()='PRODUCTS']]
Session ID: 50c3191233544f80e0eb5b2995301fd5 expected [true] but found [false]
at org.testng.Assert.fail(Assert.java:110)
at org.testng.Assert.failNotEquals(Assert.java:1577)
at org.testng.Assert.assertTrue(Assert.java:56)
at GB_Webapp.Utility.Library.click(Library.java:40)
at GB_Webapp.StepDefinition.LoginPageTest.click_on(LoginPageTest.java:188)
at ✽.Click on "Product"(file:///C:/Users/QA/OneDrive/Documents/Azure/Hero_GB_WebApp_UI_Testing_BDD/./FeatureFilesBangladesh/01_LoginFeature.feature:114)
]]>
    </failure>
  </testcase> <!-- runScenario -->
  <testcase classname="io.cucumber.testng.AbstractTestNGCucumberTests" name="runScenario" time="19.451"/>
  <testcase classname="io.cucumber.testng.AbstractTestNGCucumberTests" name="runScenario" time="16.402"/>
  <testcase classname="io.cucumber.testng.AbstractTestNGCucumberTests" name="runScenario" time="2.916">
    <failure type="java.lang.AssertionError" message="Unable to click element : Product icon  --  [[ChromeDriver: chrome on windows (50c3191233544f80e0eb5b2995301fd5)] -&amp;gt; xpath: //a[normalize-space()=&amp;apos;PRODUCTS&amp;apos;]]  --  org.openqa.selenium.ElementClickInterceptedException: element click intercepted: Element &amp;lt;a class=&amp;quot;nav-link showMegaMenuContainer ps-lg-0&amp;quot; href=&amp;quot;javascript:void(0)&amp;quot; aa-data-attr=&amp;quot;track_cta&amp;quot; aria-haspopup=&amp;quot;true&amp;quot; aria-expanded=&amp;quot;false&amp;quot; value=&amp;quot;productsMegaMenu&amp;quot;&amp;gt;...&amp;lt;/a&amp;gt; is not clickable at point (553, 28). Other element would receive the click: &amp;lt;div class=&amp;quot;modal-popup modal-large book-bike-ride request-callback&amp;quot; id=&amp;quot;requestCallBackModel&amp;quot;&amp;gt;...&amp;lt;/div&amp;gt;
  (Session info: chrome=130.0.6723.92)
Build info: version: &amp;apos;4.13.0&amp;apos;, revision: &amp;apos;ba948ece5b*&amp;apos;
System info: os.name: &amp;apos;Windows 10&amp;apos;, os.arch: &amp;apos;amd64&amp;apos;, os.version: &amp;apos;10.0&amp;apos;, java.version: &amp;apos;17.0.6&amp;apos;
Driver info: org.openqa.selenium.chrome.ChromeDriver
Command: [50c3191233544f80e0eb5b2995301fd5, clickElement {id=f.AED4D936C5B076E762611393775614BA.d.36E7A476768476E5EFB505D1A2B91034.e.786}]
Capabilities {acceptInsecureCerts: false, browserName: chrome, browserVersion: 130.0.6723.92, chrome: {chromedriverVersion: 130.0.6723.91 (53ac07678369..., userDataDir: C:\Users\QA\AppData\Local\T...}, fedcm:accounts: true, goog:chromeOptions: {debuggerAddress: localhost:62644}, networkConnectionEnabled: false, pageLoadStrategy: normal, platformName: windows, proxy: Proxy(), se:cdp: ws://localhost:62644/devtoo..., se:cdpVersion: 130.0.6723.92, setWindowRect: true, strictFileInteractability: false, timeouts: {implicit: 0, pageLoad: 300000, script: 30000}, unhandledPromptBehavior: dismiss and notify, webauthn:extension:credBlob: true, webauthn:extension:largeBlob: true, webauthn:extension:minPinLength: true, webauthn:extension:prf: true, webauthn:virtualAuthenticators: true}
Element: [[ChromeDriver: chrome on windows (50c3191233544f80e0eb5b2995301fd5)] -&amp;gt; xpath: //a[normalize-space()=&amp;apos;PRODUCTS&amp;apos;]]
Session ID: 50c3191233544f80e0eb5b2995301fd5 expected [true] but found [false]">
      <![CDATA[java.lang.AssertionError: Unable to click element : Product icon  --  [[ChromeDriver: chrome on windows (50c3191233544f80e0eb5b2995301fd5)] -> xpath: //a[normalize-space()='PRODUCTS']]  --  org.openqa.selenium.ElementClickInterceptedException: element click intercepted: Element <a class="nav-link showMegaMenuContainer ps-lg-0" href="javascript:void(0)" aa-data-attr="track_cta" aria-haspopup="true" aria-expanded="false" value="productsMegaMenu">...</a> is not clickable at point (553, 28). Other element would receive the click: <div class="modal-popup modal-large book-bike-ride request-callback" id="requestCallBackModel">...</div>
  (Session info: chrome=130.0.6723.92)
Build info: version: '4.13.0', revision: 'ba948ece5b*'
System info: os.name: 'Windows 10', os.arch: 'amd64', os.version: '10.0', java.version: '17.0.6'
Driver info: org.openqa.selenium.chrome.ChromeDriver
Command: [50c3191233544f80e0eb5b2995301fd5, clickElement {id=f.AED4D936C5B076E762611393775614BA.d.36E7A476768476E5EFB505D1A2B91034.e.786}]
Capabilities {acceptInsecureCerts: false, browserName: chrome, browserVersion: 130.0.6723.92, chrome: {chromedriverVersion: 130.0.6723.91 (53ac07678369..., userDataDir: C:\Users\QA\AppData\Local\T...}, fedcm:accounts: true, goog:chromeOptions: {debuggerAddress: localhost:62644}, networkConnectionEnabled: false, pageLoadStrategy: normal, platformName: windows, proxy: Proxy(), se:cdp: ws://localhost:62644/devtoo..., se:cdpVersion: 130.0.6723.92, setWindowRect: true, strictFileInteractability: false, timeouts: {implicit: 0, pageLoad: 300000, script: 30000}, unhandledPromptBehavior: dismiss and notify, webauthn:extension:credBlob: true, webauthn:extension:largeBlob: true, webauthn:extension:minPinLength: true, webauthn:extension:prf: true, webauthn:virtualAuthenticators: true}
Element: [[ChromeDriver: chrome on windows (50c3191233544f80e0eb5b2995301fd5)] -> xpath: //a[normalize-space()='PRODUCTS']]
Session ID: 50c3191233544f80e0eb5b2995301fd5 expected [true] but found [false]
at org.testng.Assert.fail(Assert.java:110)
at org.testng.Assert.failNotEquals(Assert.java:1577)
at org.testng.Assert.assertTrue(Assert.java:56)
at GB_Webapp.Utility.Library.click(Library.java:40)
at GB_Webapp.StepDefinition.LoginPageTest.click_on(LoginPageTest.java:188)
at ✽.Click on "Product"(file:///C:/Users/QA/OneDrive/Documents/Azure/Hero_GB_WebApp_UI_Testing_BDD/./FeatureFilesBangladesh/02_BikeFeature.feature:5)
]]>
    </failure>
  </testcase> <!-- runScenario -->
  <testcase classname="io.cucumber.testng.AbstractTestNGCucumberTests" name="runScenario" time="19.816"/>
  <testcase classname="io.cucumber.testng.AbstractTestNGCucumberTests" name="runScenario" time="3.048">
    <failure type="java.lang.AssertionError" message="Unable to click element : Product icon  --  [[ChromeDriver: chrome on windows (50c3191233544f80e0eb5b2995301fd5)] -&amp;gt; xpath: //a[normalize-space()=&amp;apos;PRODUCTS&amp;apos;]]  --  org.openqa.selenium.ElementClickInterceptedException: element click intercepted: Element &amp;lt;a class=&amp;quot;nav-link showMegaMenuContainer ps-lg-0&amp;quot; href=&amp;quot;javascript:void(0)&amp;quot; aa-data-attr=&amp;quot;track_cta&amp;quot; aria-haspopup=&amp;quot;true&amp;quot; aria-expanded=&amp;quot;false&amp;quot; value=&amp;quot;productsMegaMenu&amp;quot;&amp;gt;...&amp;lt;/a&amp;gt; is not clickable at point (553, 30). Other element would receive the click: &amp;lt;div class=&amp;quot;modal-popup modal-large book-bike-ride request-callback&amp;quot; id=&amp;quot;requestCallBackModel&amp;quot;&amp;gt;...&amp;lt;/div&amp;gt;
  (Session info: chrome=130.0.6723.92)
Build info: version: &amp;apos;4.13.0&amp;apos;, revision: &amp;apos;ba948ece5b*&amp;apos;
System info: os.name: &amp;apos;Windows 10&amp;apos;, os.arch: &amp;apos;amd64&amp;apos;, os.version: &amp;apos;10.0&amp;apos;, java.version: &amp;apos;17.0.6&amp;apos;
Driver info: org.openqa.selenium.chrome.ChromeDriver
Command: [50c3191233544f80e0eb5b2995301fd5, clickElement {id=f.328AB2519B5F862BDB17D59F7AB52C25.d.EA8BD085C51E22E2E00D4BA8B4AEB30E.e.984}]
Capabilities {acceptInsecureCerts: false, browserName: chrome, browserVersion: 130.0.6723.92, chrome: {chromedriverVersion: 130.0.6723.91 (53ac07678369..., userDataDir: C:\Users\QA\AppData\Local\T...}, fedcm:accounts: true, goog:chromeOptions: {debuggerAddress: localhost:62644}, networkConnectionEnabled: false, pageLoadStrategy: normal, platformName: windows, proxy: Proxy(), se:cdp: ws://localhost:62644/devtoo..., se:cdpVersion: 130.0.6723.92, setWindowRect: true, strictFileInteractability: false, timeouts: {implicit: 0, pageLoad: 300000, script: 30000}, unhandledPromptBehavior: dismiss and notify, webauthn:extension:credBlob: true, webauthn:extension:largeBlob: true, webauthn:extension:minPinLength: true, webauthn:extension:prf: true, webauthn:virtualAuthenticators: true}
Element: [[ChromeDriver: chrome on windows (50c3191233544f80e0eb5b2995301fd5)] -&amp;gt; xpath: //a[normalize-space()=&amp;apos;PRODUCTS&amp;apos;]]
Session ID: 50c3191233544f80e0eb5b2995301fd5 expected [true] but found [false]">
      <![CDATA[java.lang.AssertionError: Unable to click element : Product icon  --  [[ChromeDriver: chrome on windows (50c3191233544f80e0eb5b2995301fd5)] -> xpath: //a[normalize-space()='PRODUCTS']]  --  org.openqa.selenium.ElementClickInterceptedException: element click intercepted: Element <a class="nav-link showMegaMenuContainer ps-lg-0" href="javascript:void(0)" aa-data-attr="track_cta" aria-haspopup="true" aria-expanded="false" value="productsMegaMenu">...</a> is not clickable at point (553, 30). Other element would receive the click: <div class="modal-popup modal-large book-bike-ride request-callback" id="requestCallBackModel">...</div>
  (Session info: chrome=130.0.6723.92)
Build info: version: '4.13.0', revision: 'ba948ece5b*'
System info: os.name: 'Windows 10', os.arch: 'amd64', os.version: '10.0', java.version: '17.0.6'
Driver info: org.openqa.selenium.chrome.ChromeDriver
Command: [50c3191233544f80e0eb5b2995301fd5, clickElement {id=f.328AB2519B5F862BDB17D59F7AB52C25.d.EA8BD085C51E22E2E00D4BA8B4AEB30E.e.984}]
Capabilities {acceptInsecureCerts: false, browserName: chrome, browserVersion: 130.0.6723.92, chrome: {chromedriverVersion: 130.0.6723.91 (53ac07678369..., userDataDir: C:\Users\QA\AppData\Local\T...}, fedcm:accounts: true, goog:chromeOptions: {debuggerAddress: localhost:62644}, networkConnectionEnabled: false, pageLoadStrategy: normal, platformName: windows, proxy: Proxy(), se:cdp: ws://localhost:62644/devtoo..., se:cdpVersion: 130.0.6723.92, setWindowRect: true, strictFileInteractability: false, timeouts: {implicit: 0, pageLoad: 300000, script: 30000}, unhandledPromptBehavior: dismiss and notify, webauthn:extension:credBlob: true, webauthn:extension:largeBlob: true, webauthn:extension:minPinLength: true, webauthn:extension:prf: true, webauthn:virtualAuthenticators: true}
Element: [[ChromeDriver: chrome on windows (50c3191233544f80e0eb5b2995301fd5)] -> xpath: //a[normalize-space()='PRODUCTS']]
Session ID: 50c3191233544f80e0eb5b2995301fd5 expected [true] but found [false]
at org.testng.Assert.fail(Assert.java:110)
at org.testng.Assert.failNotEquals(Assert.java:1577)
at org.testng.Assert.assertTrue(Assert.java:56)
at GB_Webapp.Utility.Library.click(Library.java:40)
at GB_Webapp.StepDefinition.LoginPageTest.click_on(LoginPageTest.java:188)
at ✽.Click on "Product"(file:///C:/Users/QA/OneDrive/Documents/Azure/Hero_GB_WebApp_UI_Testing_BDD/./FeatureFilesBangladesh/02_BikeFeature.feature:5)
]]>
    </failure>
  </testcase> <!-- runScenario -->
  <testcase classname="io.cucumber.testng.AbstractTestNGCucumberTests" name="runScenario" time="20.595"/>
  <testcase classname="io.cucumber.testng.AbstractTestNGCucumberTests" name="runScenario" time="16.332"/>
  <testcase classname="io.cucumber.testng.AbstractTestNGCucumberTests" name="runScenario" time="2.904">
    <failure type="java.lang.AssertionError" message="Unable to click element : Product icon  --  [[ChromeDriver: chrome on windows (50c3191233544f80e0eb5b2995301fd5)] -&amp;gt; xpath: //a[normalize-space()=&amp;apos;PRODUCTS&amp;apos;]]  --  org.openqa.selenium.ElementClickInterceptedException: element click intercepted: Element &amp;lt;a class=&amp;quot;nav-link showMegaMenuContainer ps-lg-0&amp;quot; href=&amp;quot;javascript:void(0)&amp;quot; aa-data-attr=&amp;quot;track_cta&amp;quot; aria-haspopup=&amp;quot;true&amp;quot; aria-expanded=&amp;quot;false&amp;quot; value=&amp;quot;productsMegaMenu&amp;quot;&amp;gt;...&amp;lt;/a&amp;gt; is not clickable at point (553, 29). Other element would receive the click: &amp;lt;div class=&amp;quot;modal-popup modal-large book-bike-ride request-callback&amp;quot; id=&amp;quot;requestCallBackModel&amp;quot;&amp;gt;...&amp;lt;/div&amp;gt;
  (Session info: chrome=130.0.6723.92)
Build info: version: &amp;apos;4.13.0&amp;apos;, revision: &amp;apos;ba948ece5b*&amp;apos;
System info: os.name: &amp;apos;Windows 10&amp;apos;, os.arch: &amp;apos;amd64&amp;apos;, os.version: &amp;apos;10.0&amp;apos;, java.version: &amp;apos;17.0.6&amp;apos;
Driver info: org.openqa.selenium.chrome.ChromeDriver
Command: [50c3191233544f80e0eb5b2995301fd5, clickElement {id=f.C52C088B79890923A4E08DC63650C1F1.d.29A1AD6E7B7186510607C10AD80E6037.e.1374}]
Capabilities {acceptInsecureCerts: false, browserName: chrome, browserVersion: 130.0.6723.92, chrome: {chromedriverVersion: 130.0.6723.91 (53ac07678369..., userDataDir: C:\Users\QA\AppData\Local\T...}, fedcm:accounts: true, goog:chromeOptions: {debuggerAddress: localhost:62644}, networkConnectionEnabled: false, pageLoadStrategy: normal, platformName: windows, proxy: Proxy(), se:cdp: ws://localhost:62644/devtoo..., se:cdpVersion: 130.0.6723.92, setWindowRect: true, strictFileInteractability: false, timeouts: {implicit: 0, pageLoad: 300000, script: 30000}, unhandledPromptBehavior: dismiss and notify, webauthn:extension:credBlob: true, webauthn:extension:largeBlob: true, webauthn:extension:minPinLength: true, webauthn:extension:prf: true, webauthn:virtualAuthenticators: true}
Element: [[ChromeDriver: chrome on windows (50c3191233544f80e0eb5b2995301fd5)] -&amp;gt; xpath: //a[normalize-space()=&amp;apos;PRODUCTS&amp;apos;]]
Session ID: 50c3191233544f80e0eb5b2995301fd5 expected [true] but found [false]">
      <![CDATA[java.lang.AssertionError: Unable to click element : Product icon  --  [[ChromeDriver: chrome on windows (50c3191233544f80e0eb5b2995301fd5)] -> xpath: //a[normalize-space()='PRODUCTS']]  --  org.openqa.selenium.ElementClickInterceptedException: element click intercepted: Element <a class="nav-link showMegaMenuContainer ps-lg-0" href="javascript:void(0)" aa-data-attr="track_cta" aria-haspopup="true" aria-expanded="false" value="productsMegaMenu">...</a> is not clickable at point (553, 29). Other element would receive the click: <div class="modal-popup modal-large book-bike-ride request-callback" id="requestCallBackModel">...</div>
  (Session info: chrome=130.0.6723.92)
Build info: version: '4.13.0', revision: 'ba948ece5b*'
System info: os.name: 'Windows 10', os.arch: 'amd64', os.version: '10.0', java.version: '17.0.6'
Driver info: org.openqa.selenium.chrome.ChromeDriver
Command: [50c3191233544f80e0eb5b2995301fd5, clickElement {id=f.C52C088B79890923A4E08DC63650C1F1.d.29A1AD6E7B7186510607C10AD80E6037.e.1374}]
Capabilities {acceptInsecureCerts: false, browserName: chrome, browserVersion: 130.0.6723.92, chrome: {chromedriverVersion: 130.0.6723.91 (53ac07678369..., userDataDir: C:\Users\QA\AppData\Local\T...}, fedcm:accounts: true, goog:chromeOptions: {debuggerAddress: localhost:62644}, networkConnectionEnabled: false, pageLoadStrategy: normal, platformName: windows, proxy: Proxy(), se:cdp: ws://localhost:62644/devtoo..., se:cdpVersion: 130.0.6723.92, setWindowRect: true, strictFileInteractability: false, timeouts: {implicit: 0, pageLoad: 300000, script: 30000}, unhandledPromptBehavior: dismiss and notify, webauthn:extension:credBlob: true, webauthn:extension:largeBlob: true, webauthn:extension:minPinLength: true, webauthn:extension:prf: true, webauthn:virtualAuthenticators: true}
Element: [[ChromeDriver: chrome on windows (50c3191233544f80e0eb5b2995301fd5)] -> xpath: //a[normalize-space()='PRODUCTS']]
Session ID: 50c3191233544f80e0eb5b2995301fd5 expected [true] but found [false]
at org.testng.Assert.fail(Assert.java:110)
at org.testng.Assert.failNotEquals(Assert.java:1577)
at org.testng.Assert.assertTrue(Assert.java:56)
at GB_Webapp.Utility.Library.click(Library.java:40)
at GB_Webapp.StepDefinition.LoginPageTest.click_on(LoginPageTest.java:188)
at ✽.Click on "Product"(file:///C:/Users/QA/OneDrive/Documents/Azure/Hero_GB_WebApp_UI_Testing_BDD/./FeatureFilesBangladesh/02_BikeFeature.feature:5)
]]>
    </failure>
  </testcase> <!-- runScenario -->
  <testcase classname="io.cucumber.testng.AbstractTestNGCucumberTests" name="runScenario" time="20.419"/>
  <testcase classname="io.cucumber.testng.AbstractTestNGCucumberTests" name="runScenario" time="2.994">
    <failure type="java.lang.AssertionError" message="Unable to click element : Product icon  --  [[ChromeDriver: chrome on windows (50c3191233544f80e0eb5b2995301fd5)] -&amp;gt; xpath: //a[normalize-space()=&amp;apos;PRODUCTS&amp;apos;]]  --  org.openqa.selenium.ElementClickInterceptedException: element click intercepted: Element &amp;lt;a class=&amp;quot;nav-link showMegaMenuContainer ps-lg-0&amp;quot; href=&amp;quot;javascript:void(0)&amp;quot; aa-data-attr=&amp;quot;track_cta&amp;quot; aria-haspopup=&amp;quot;true&amp;quot; aria-expanded=&amp;quot;false&amp;quot; value=&amp;quot;productsMegaMenu&amp;quot;&amp;gt;...&amp;lt;/a&amp;gt; is not clickable at point (553, 30). Other element would receive the click: &amp;lt;div class=&amp;quot;modal-popup modal-large book-bike-ride request-callback&amp;quot; id=&amp;quot;requestCallBackModel&amp;quot;&amp;gt;...&amp;lt;/div&amp;gt;
  (Session info: chrome=130.0.6723.92)
Build info: version: &amp;apos;4.13.0&amp;apos;, revision: &amp;apos;ba948ece5b*&amp;apos;
System info: os.name: &amp;apos;Windows 10&amp;apos;, os.arch: &amp;apos;amd64&amp;apos;, os.version: &amp;apos;10.0&amp;apos;, java.version: &amp;apos;17.0.6&amp;apos;
Driver info: org.openqa.selenium.chrome.ChromeDriver
Command: [50c3191233544f80e0eb5b2995301fd5, clickElement {id=f.7348078180EAA667DA0C5B8FBF87F4AA.d.72A88E4B6A00E62AD49EB07E5FE00B07.e.1617}]
Capabilities {acceptInsecureCerts: false, browserName: chrome, browserVersion: 130.0.6723.92, chrome: {chromedriverVersion: 130.0.6723.91 (53ac07678369..., userDataDir: C:\Users\QA\AppData\Local\T...}, fedcm:accounts: true, goog:chromeOptions: {debuggerAddress: localhost:62644}, networkConnectionEnabled: false, pageLoadStrategy: normal, platformName: windows, proxy: Proxy(), se:cdp: ws://localhost:62644/devtoo..., se:cdpVersion: 130.0.6723.92, setWindowRect: true, strictFileInteractability: false, timeouts: {implicit: 0, pageLoad: 300000, script: 30000}, unhandledPromptBehavior: dismiss and notify, webauthn:extension:credBlob: true, webauthn:extension:largeBlob: true, webauthn:extension:minPinLength: true, webauthn:extension:prf: true, webauthn:virtualAuthenticators: true}
Element: [[ChromeDriver: chrome on windows (50c3191233544f80e0eb5b2995301fd5)] -&amp;gt; xpath: //a[normalize-space()=&amp;apos;PRODUCTS&amp;apos;]]
Session ID: 50c3191233544f80e0eb5b2995301fd5 expected [true] but found [false]">
      <![CDATA[java.lang.AssertionError: Unable to click element : Product icon  --  [[ChromeDriver: chrome on windows (50c3191233544f80e0eb5b2995301fd5)] -> xpath: //a[normalize-space()='PRODUCTS']]  --  org.openqa.selenium.ElementClickInterceptedException: element click intercepted: Element <a class="nav-link showMegaMenuContainer ps-lg-0" href="javascript:void(0)" aa-data-attr="track_cta" aria-haspopup="true" aria-expanded="false" value="productsMegaMenu">...</a> is not clickable at point (553, 30). Other element would receive the click: <div class="modal-popup modal-large book-bike-ride request-callback" id="requestCallBackModel">...</div>
  (Session info: chrome=130.0.6723.92)
Build info: version: '4.13.0', revision: 'ba948ece5b*'
System info: os.name: 'Windows 10', os.arch: 'amd64', os.version: '10.0', java.version: '17.0.6'
Driver info: org.openqa.selenium.chrome.ChromeDriver
Command: [50c3191233544f80e0eb5b2995301fd5, clickElement {id=f.7348078180EAA667DA0C5B8FBF87F4AA.d.72A88E4B6A00E62AD49EB07E5FE00B07.e.1617}]
Capabilities {acceptInsecureCerts: false, browserName: chrome, browserVersion: 130.0.6723.92, chrome: {chromedriverVersion: 130.0.6723.91 (53ac07678369..., userDataDir: C:\Users\QA\AppData\Local\T...}, fedcm:accounts: true, goog:chromeOptions: {debuggerAddress: localhost:62644}, networkConnectionEnabled: false, pageLoadStrategy: normal, platformName: windows, proxy: Proxy(), se:cdp: ws://localhost:62644/devtoo..., se:cdpVersion: 130.0.6723.92, setWindowRect: true, strictFileInteractability: false, timeouts: {implicit: 0, pageLoad: 300000, script: 30000}, unhandledPromptBehavior: dismiss and notify, webauthn:extension:credBlob: true, webauthn:extension:largeBlob: true, webauthn:extension:minPinLength: true, webauthn:extension:prf: true, webauthn:virtualAuthenticators: true}
Element: [[ChromeDriver: chrome on windows (50c3191233544f80e0eb5b2995301fd5)] -> xpath: //a[normalize-space()='PRODUCTS']]
Session ID: 50c3191233544f80e0eb5b2995301fd5 expected [true] but found [false]
at org.testng.Assert.fail(Assert.java:110)
at org.testng.Assert.failNotEquals(Assert.java:1577)
at org.testng.Assert.assertTrue(Assert.java:56)
at GB_Webapp.Utility.Library.click(Library.java:40)
at GB_Webapp.StepDefinition.LoginPageTest.click_on(LoginPageTest.java:188)
at ✽.Click on "Product"(file:///C:/Users/QA/OneDrive/Documents/Azure/Hero_GB_WebApp_UI_Testing_BDD/./FeatureFilesBangladesh/02_BikeFeature.feature:5)
]]>
    </failure>
  </testcase> <!-- runScenario -->
  <testcase classname="io.cucumber.testng.AbstractTestNGCucumberTests" name="runScenario" time="20.617"/>
  <testcase classname="io.cucumber.testng.AbstractTestNGCucumberTests" name="runScenario" time="2.871">
    <failure type="java.lang.AssertionError" message="Unable to click element : Product icon  --  [[ChromeDriver: chrome on windows (50c3191233544f80e0eb5b2995301fd5)] -&amp;gt; xpath: //a[normalize-space()=&amp;apos;PRODUCTS&amp;apos;]]  --  org.openqa.selenium.ElementClickInterceptedException: element click intercepted: Element &amp;lt;a class=&amp;quot;nav-link showMegaMenuContainer ps-lg-0&amp;quot; href=&amp;quot;javascript:void(0)&amp;quot; aa-data-attr=&amp;quot;track_cta&amp;quot; aria-haspopup=&amp;quot;true&amp;quot; aria-expanded=&amp;quot;false&amp;quot; value=&amp;quot;productsMegaMenu&amp;quot;&amp;gt;...&amp;lt;/a&amp;gt; is not clickable at point (553, 26). Other element would receive the click: &amp;lt;div class=&amp;quot;modal-popup modal-large book-bike-ride request-callback&amp;quot; id=&amp;quot;requestCallBackModel&amp;quot;&amp;gt;...&amp;lt;/div&amp;gt;
  (Session info: chrome=130.0.6723.92)
Build info: version: &amp;apos;4.13.0&amp;apos;, revision: &amp;apos;ba948ece5b*&amp;apos;
System info: os.name: &amp;apos;Windows 10&amp;apos;, os.arch: &amp;apos;amd64&amp;apos;, os.version: &amp;apos;10.0&amp;apos;, java.version: &amp;apos;17.0.6&amp;apos;
Driver info: org.openqa.selenium.chrome.ChromeDriver
Command: [50c3191233544f80e0eb5b2995301fd5, clickElement {id=f.BCE0CBE40EE89E78F58D568F57779763.d.9D1224D1E5F0F67F4D615817F59B32AE.e.1857}]
Capabilities {acceptInsecureCerts: false, browserName: chrome, browserVersion: 130.0.6723.92, chrome: {chromedriverVersion: 130.0.6723.91 (53ac07678369..., userDataDir: C:\Users\QA\AppData\Local\T...}, fedcm:accounts: true, goog:chromeOptions: {debuggerAddress: localhost:62644}, networkConnectionEnabled: false, pageLoadStrategy: normal, platformName: windows, proxy: Proxy(), se:cdp: ws://localhost:62644/devtoo..., se:cdpVersion: 130.0.6723.92, setWindowRect: true, strictFileInteractability: false, timeouts: {implicit: 0, pageLoad: 300000, script: 30000}, unhandledPromptBehavior: dismiss and notify, webauthn:extension:credBlob: true, webauthn:extension:largeBlob: true, webauthn:extension:minPinLength: true, webauthn:extension:prf: true, webauthn:virtualAuthenticators: true}
Element: [[ChromeDriver: chrome on windows (50c3191233544f80e0eb5b2995301fd5)] -&amp;gt; xpath: //a[normalize-space()=&amp;apos;PRODUCTS&amp;apos;]]
Session ID: 50c3191233544f80e0eb5b2995301fd5 expected [true] but found [false]">
      <![CDATA[java.lang.AssertionError: Unable to click element : Product icon  --  [[ChromeDriver: chrome on windows (50c3191233544f80e0eb5b2995301fd5)] -> xpath: //a[normalize-space()='PRODUCTS']]  --  org.openqa.selenium.ElementClickInterceptedException: element click intercepted: Element <a class="nav-link showMegaMenuContainer ps-lg-0" href="javascript:void(0)" aa-data-attr="track_cta" aria-haspopup="true" aria-expanded="false" value="productsMegaMenu">...</a> is not clickable at point (553, 26). Other element would receive the click: <div class="modal-popup modal-large book-bike-ride request-callback" id="requestCallBackModel">...</div>
  (Session info: chrome=130.0.6723.92)
Build info: version: '4.13.0', revision: 'ba948ece5b*'
System info: os.name: 'Windows 10', os.arch: 'amd64', os.version: '10.0', java.version: '17.0.6'
Driver info: org.openqa.selenium.chrome.ChromeDriver
Command: [50c3191233544f80e0eb5b2995301fd5, clickElement {id=f.BCE0CBE40EE89E78F58D568F57779763.d.9D1224D1E5F0F67F4D615817F59B32AE.e.1857}]
Capabilities {acceptInsecureCerts: false, browserName: chrome, browserVersion: 130.0.6723.92, chrome: {chromedriverVersion: 130.0.6723.91 (53ac07678369..., userDataDir: C:\Users\QA\AppData\Local\T...}, fedcm:accounts: true, goog:chromeOptions: {debuggerAddress: localhost:62644}, networkConnectionEnabled: false, pageLoadStrategy: normal, platformName: windows, proxy: Proxy(), se:cdp: ws://localhost:62644/devtoo..., se:cdpVersion: 130.0.6723.92, setWindowRect: true, strictFileInteractability: false, timeouts: {implicit: 0, pageLoad: 300000, script: 30000}, unhandledPromptBehavior: dismiss and notify, webauthn:extension:credBlob: true, webauthn:extension:largeBlob: true, webauthn:extension:minPinLength: true, webauthn:extension:prf: true, webauthn:virtualAuthenticators: true}
Element: [[ChromeDriver: chrome on windows (50c3191233544f80e0eb5b2995301fd5)] -> xpath: //a[normalize-space()='PRODUCTS']]
Session ID: 50c3191233544f80e0eb5b2995301fd5 expected [true] but found [false]
at org.testng.Assert.fail(Assert.java:110)
at org.testng.Assert.failNotEquals(Assert.java:1577)
at org.testng.Assert.assertTrue(Assert.java:56)
at GB_Webapp.Utility.Library.click(Library.java:40)
at GB_Webapp.StepDefinition.LoginPageTest.click_on(LoginPageTest.java:188)
at ✽.Click on "Product"(file:///C:/Users/QA/OneDrive/Documents/Azure/Hero_GB_WebApp_UI_Testing_BDD/./FeatureFilesBangladesh/02_BikeFeature.feature:5)
]]>
    </failure>
  </testcase> <!-- runScenario -->
  <testcase classname="io.cucumber.testng.AbstractTestNGCucumberTests" name="runScenario" time="19.801"/>
  <testcase classname="io.cucumber.testng.AbstractTestNGCucumberTests" name="runScenario" time="15.632"/>
  <testcase classname="io.cucumber.testng.AbstractTestNGCucumberTests" name="runScenario" time="5.071"/>
  <testcase classname="io.cucumber.testng.AbstractTestNGCucumberTests" name="runScenario" time="19.337"/>
  <testcase classname="io.cucumber.testng.AbstractTestNGCucumberTests" name="runScenario" time="32.99"/>
  <testcase classname="io.cucumber.testng.AbstractTestNGCucumberTests" name="runScenario" time="19.549">
    <failure type="java.lang.AssertionError" message="Unable to click element : About hero icon  --  [[ChromeDriver: chrome on windows (50c3191233544f80e0eb5b2995301fd5)] -&amp;gt; xpath: //a[normalize-space()=&amp;apos;ABOUT HERO&amp;apos;]]  --  org.openqa.selenium.ElementClickInterceptedException: element click intercepted: Element &amp;lt;a class=&amp;quot;nav-link showMegaMenuContainer active&amp;quot; href=&amp;quot;javascript:void(0)&amp;quot; aa-data-attr=&amp;quot;track_cta&amp;quot; aria-haspopup=&amp;quot;true&amp;quot; aria-expanded=&amp;quot;false&amp;quot; value=&amp;quot;aboutMegaMenu&amp;quot;&amp;gt;...&amp;lt;/a&amp;gt; is not clickable at point (1007, 30). Other element would receive the click: &amp;lt;div class=&amp;quot;modal-popup modal-large book-bike-ride request-callback&amp;quot; id=&amp;quot;requestCallBackModel&amp;quot;&amp;gt;...&amp;lt;/div&amp;gt;
  (Session info: chrome=130.0.6723.92)
Build info: version: &amp;apos;4.13.0&amp;apos;, revision: &amp;apos;ba948ece5b*&amp;apos;
System info: os.name: &amp;apos;Windows 10&amp;apos;, os.arch: &amp;apos;amd64&amp;apos;, os.version: &amp;apos;10.0&amp;apos;, java.version: &amp;apos;17.0.6&amp;apos;
Driver info: org.openqa.selenium.chrome.ChromeDriver
Command: [50c3191233544f80e0eb5b2995301fd5, clickElement {id=f.FC36F8A4E3E76BD45919269C1B7DA50E.d.7DE1D6589D10C7332BA43DA27FFD4987.e.3301}]
Capabilities {acceptInsecureCerts: false, browserName: chrome, browserVersion: 130.0.6723.92, chrome: {chromedriverVersion: 130.0.6723.91 (53ac07678369..., userDataDir: C:\Users\QA\AppData\Local\T...}, fedcm:accounts: true, goog:chromeOptions: {debuggerAddress: localhost:62644}, networkConnectionEnabled: false, pageLoadStrategy: normal, platformName: windows, proxy: Proxy(), se:cdp: ws://localhost:62644/devtoo..., se:cdpVersion: 130.0.6723.92, setWindowRect: true, strictFileInteractability: false, timeouts: {implicit: 0, pageLoad: 300000, script: 30000}, unhandledPromptBehavior: dismiss and notify, webauthn:extension:credBlob: true, webauthn:extension:largeBlob: true, webauthn:extension:minPinLength: true, webauthn:extension:prf: true, webauthn:virtualAuthenticators: true}
Element: [[ChromeDriver: chrome on windows (50c3191233544f80e0eb5b2995301fd5)] -&amp;gt; xpath: //a[normalize-space()=&amp;apos;ABOUT HERO&amp;apos;]]
Session ID: 50c3191233544f80e0eb5b2995301fd5 expected [true] but found [false]">
      <![CDATA[java.lang.AssertionError: Unable to click element : About hero icon  --  [[ChromeDriver: chrome on windows (50c3191233544f80e0eb5b2995301fd5)] -> xpath: //a[normalize-space()='ABOUT HERO']]  --  org.openqa.selenium.ElementClickInterceptedException: element click intercepted: Element <a class="nav-link showMegaMenuContainer active" href="javascript:void(0)" aa-data-attr="track_cta" aria-haspopup="true" aria-expanded="false" value="aboutMegaMenu">...</a> is not clickable at point (1007, 30). Other element would receive the click: <div class="modal-popup modal-large book-bike-ride request-callback" id="requestCallBackModel">...</div>
  (Session info: chrome=130.0.6723.92)
Build info: version: '4.13.0', revision: 'ba948ece5b*'
System info: os.name: 'Windows 10', os.arch: 'amd64', os.version: '10.0', java.version: '17.0.6'
Driver info: org.openqa.selenium.chrome.ChromeDriver
Command: [50c3191233544f80e0eb5b2995301fd5, clickElement {id=f.FC36F8A4E3E76BD45919269C1B7DA50E.d.7DE1D6589D10C7332BA43DA27FFD4987.e.3301}]
Capabilities {acceptInsecureCerts: false, browserName: chrome, browserVersion: 130.0.6723.92, chrome: {chromedriverVersion: 130.0.6723.91 (53ac07678369..., userDataDir: C:\Users\QA\AppData\Local\T...}, fedcm:accounts: true, goog:chromeOptions: {debuggerAddress: localhost:62644}, networkConnectionEnabled: false, pageLoadStrategy: normal, platformName: windows, proxy: Proxy(), se:cdp: ws://localhost:62644/devtoo..., se:cdpVersion: 130.0.6723.92, setWindowRect: true, strictFileInteractability: false, timeouts: {implicit: 0, pageLoad: 300000, script: 30000}, unhandledPromptBehavior: dismiss and notify, webauthn:extension:credBlob: true, webauthn:extension:largeBlob: true, webauthn:extension:minPinLength: true, webauthn:extension:prf: true, webauthn:virtualAuthenticators: true}
Element: [[ChromeDriver: chrome on windows (50c3191233544f80e0eb5b2995301fd5)] -> xpath: //a[normalize-space()='ABOUT HERO']]
Session ID: 50c3191233544f80e0eb5b2995301fd5 expected [true] but found [false]
at org.testng.Assert.fail(Assert.java:110)
at org.testng.Assert.failNotEquals(Assert.java:1577)
at org.testng.Assert.assertTrue(Assert.java:56)
at GB_Webapp.Utility.Library.click(Library.java:40)
at GB_Webapp.StepDefinition.AboutHeroTest.click_on_about_niloy_bangladesh_ltd_icon(AboutHeroTest.java:29)
at ✽.Click on About Niloy Bangladesh Ltd icon(file:///C:/Users/QA/OneDrive/Documents/Azure/Hero_GB_WebApp_UI_Testing_BDD/./FeatureFilesBangladesh/05_AboutHero.feature:11)
]]>
    </failure>
  </testcase> <!-- runScenario -->
</testsuite> <!-- Default test -->
