<?xml version="1.0" encoding="UTF-8"?>
<!-- Generated by org.testng.reporters.JUnitXMLReporter -->
<testsuite ignored="0" hostname="DESKTOP-LMKUKFJ" failures="12" tests="28" name="Bangladesh" time="742.67" errors="0" timestamp="2024-10-03T14:53:21 IST">
  <testcase classname="io.cucumber.testng.AbstractTestNGCucumberTests" name="runScenario" time="10.183"/>
  <testcase classname="io.cucumber.testng.AbstractTestNGCucumberTests" name="runScenario" time="7.888"/>
  <testcase classname="io.cucumber.testng.AbstractTestNGCucumberTests" name="runScenario" time="2.42"/>
  <testcase classname="io.cucumber.testng.AbstractTestNGCucumberTests" name="runScenario" time="6.655"/>
  <testcase classname="io.cucumber.testng.AbstractTestNGCucumberTests" name="runScenario" time="3.33"/>
  <testcase classname="io.cucumber.testng.AbstractTestNGCucumberTests" name="runScenario" time="2.492"/>
  <testcase classname="io.cucumber.testng.AbstractTestNGCucumberTests" name="runScenario" time="3.441"/>
  <testcase classname="io.cucumber.testng.AbstractTestNGCucumberTests" name="runScenario" time="3.67"/>
  <testcase classname="io.cucumber.testng.AbstractTestNGCucumberTests" name="runScenario" time="3.209"/>
  <testcase classname="io.cucumber.testng.AbstractTestNGCucumberTests" name="runScenario" time="3.646"/>
  <testcase classname="io.cucumber.testng.AbstractTestNGCucumberTests" name="runScenario" time="26.704"/>
  <testcase classname="io.cucumber.testng.AbstractTestNGCucumberTests" name="runScenario" time="3.51">
    <failure type="java.lang.AssertionError" message="Unable to click element : Commuter icon  --  [[ChromeDriver: chrome on windows (ac5d37d99cf43f512650459bd2aa5f70)] -&amp;gt; xpath: (//span[normalize-space()=&amp;apos;COMMUTER&amp;apos;])[1]]  --  org.openqa.selenium.ElementClickInterceptedException: element click intercepted: Element &amp;lt;span data-shimmer-effect=&amp;quot;false&amp;quot;&amp;gt;...&amp;lt;/span&amp;gt; is not clickable at point (577, 106). Other element would receive the click: &amp;lt;div class=&amp;quot;modal-popup modal-large book-bike-ride request-callback&amp;quot; id=&amp;quot;requestCallBackModel&amp;quot;&amp;gt;...&amp;lt;/div&amp;gt;
  (Session info: chrome=129.0.6668.72)
Build info: version: &amp;apos;4.13.0&amp;apos;, revision: &amp;apos;ba948ece5b*&amp;apos;
System info: os.name: &amp;apos;Windows 10&amp;apos;, os.arch: &amp;apos;amd64&amp;apos;, os.version: &amp;apos;10.0&amp;apos;, java.version: &amp;apos;17.0.6&amp;apos;
Driver info: org.openqa.selenium.chrome.ChromeDriver
Command: [ac5d37d99cf43f512650459bd2aa5f70, clickElement {id=f.D06AF8B4F8C72A2E49CB15900CEB7694.d.5C9D3B9DC38BC3438C084683A96937FE.e.694}]
Capabilities {acceptInsecureCerts: false, browserName: chrome, browserVersion: 129.0.6668.72, chrome: {chromedriverVersion: 129.0.6668.89 (951c0b97221f..., userDataDir: C:\Users\QA\AppData\Local\T...}, fedcm:accounts: true, goog:chromeOptions: {debuggerAddress: localhost:54683}, networkConnectionEnabled: false, pageLoadStrategy: normal, platformName: windows, proxy: Proxy(), se:cdp: ws://localhost:54683/devtoo..., se:cdpVersion: 129.0.6668.72, setWindowRect: true, strictFileInteractability: false, timeouts: {implicit: 0, pageLoad: 300000, script: 30000}, unhandledPromptBehavior: dismiss and notify, webauthn:extension:credBlob: true, webauthn:extension:largeBlob: true, webauthn:extension:minPinLength: true, webauthn:extension:prf: true, webauthn:virtualAuthenticators: true}
Element: [[ChromeDriver: chrome on windows (ac5d37d99cf43f512650459bd2aa5f70)] -&amp;gt; xpath: (//span[normalize-space()=&amp;apos;COMMUTER&amp;apos;])[1]]
Session ID: ac5d37d99cf43f512650459bd2aa5f70 expected [true] but found [false]">
      <![CDATA[java.lang.AssertionError: Unable to click element : Commuter icon  --  [[ChromeDriver: chrome on windows (ac5d37d99cf43f512650459bd2aa5f70)] -> xpath: (//span[normalize-space()='COMMUTER'])[1]]  --  org.openqa.selenium.ElementClickInterceptedException: element click intercepted: Element <span data-shimmer-effect="false">...</span> is not clickable at point (577, 106). Other element would receive the click: <div class="modal-popup modal-large book-bike-ride request-callback" id="requestCallBackModel">...</div>
  (Session info: chrome=129.0.6668.72)
Build info: version: '4.13.0', revision: 'ba948ece5b*'
System info: os.name: 'Windows 10', os.arch: 'amd64', os.version: '10.0', java.version: '17.0.6'
Driver info: org.openqa.selenium.chrome.ChromeDriver
Command: [ac5d37d99cf43f512650459bd2aa5f70, clickElement {id=f.D06AF8B4F8C72A2E49CB15900CEB7694.d.5C9D3B9DC38BC3438C084683A96937FE.e.694}]
Capabilities {acceptInsecureCerts: false, browserName: chrome, browserVersion: 129.0.6668.72, chrome: {chromedriverVersion: 129.0.6668.89 (951c0b97221f..., userDataDir: C:\Users\QA\AppData\Local\T...}, fedcm:accounts: true, goog:chromeOptions: {debuggerAddress: localhost:54683}, networkConnectionEnabled: false, pageLoadStrategy: normal, platformName: windows, proxy: Proxy(), se:cdp: ws://localhost:54683/devtoo..., se:cdpVersion: 129.0.6668.72, setWindowRect: true, strictFileInteractability: false, timeouts: {implicit: 0, pageLoad: 300000, script: 30000}, unhandledPromptBehavior: dismiss and notify, webauthn:extension:credBlob: true, webauthn:extension:largeBlob: true, webauthn:extension:minPinLength: true, webauthn:extension:prf: true, webauthn:virtualAuthenticators: true}
Element: [[ChromeDriver: chrome on windows (ac5d37d99cf43f512650459bd2aa5f70)] -> xpath: (//span[normalize-space()='COMMUTER'])[1]]
Session ID: ac5d37d99cf43f512650459bd2aa5f70 expected [true] but found [false]
at GB_Webapp.Utility.Library.click(Library.java:34)
at GB_Webapp.Page.LoginPage.click_on_commuter_icons(LoginPage.java:520)
at GB_Webapp.StepDefinition.BikeFeatureTest.click_on_icons(BikeFeatureTest.java:173)
at ✽.Click on "commuter" icons(file:///C:/Users/QA/OneDrive/Documents/Azure/Hero_GB_WebApp_UI_Testing_BDD/./FeatureFilesBangladesh/02_BikeFeature.feature:12)
... Removed 3 stack frames]]>
    </failure>
  </testcase> <!-- runScenario -->
  <testcase classname="io.cucumber.testng.AbstractTestNGCucumberTests" name="runScenario" time="20.825"/>
  <testcase classname="io.cucumber.testng.AbstractTestNGCucumberTests" name="runScenario" time="3.264">
    <failure type="java.lang.AssertionError" message="Unable to click element : Commuter icon  --  [[ChromeDriver: chrome on windows (ac5d37d99cf43f512650459bd2aa5f70)] -&amp;gt; xpath: (//span[normalize-space()=&amp;apos;COMMUTER&amp;apos;])[1]]  --  org.openqa.selenium.ElementClickInterceptedException: element click intercepted: Element &amp;lt;span data-shimmer-effect=&amp;quot;false&amp;quot;&amp;gt;...&amp;lt;/span&amp;gt; is not clickable at point (577, 102). Other element would receive the click: &amp;lt;div class=&amp;quot;modal-popup modal-large book-bike-ride request-callback&amp;quot; id=&amp;quot;requestCallBackModel&amp;quot;&amp;gt;...&amp;lt;/div&amp;gt;
  (Session info: chrome=129.0.6668.72)
Build info: version: &amp;apos;4.13.0&amp;apos;, revision: &amp;apos;ba948ece5b*&amp;apos;
System info: os.name: &amp;apos;Windows 10&amp;apos;, os.arch: &amp;apos;amd64&amp;apos;, os.version: &amp;apos;10.0&amp;apos;, java.version: &amp;apos;17.0.6&amp;apos;
Driver info: org.openqa.selenium.chrome.ChromeDriver
Command: [ac5d37d99cf43f512650459bd2aa5f70, clickElement {id=f.D06AF8B4F8C72A2E49CB15900CEB7694.d.1E0EA12B2A89E345F10ACE587D038BFE.e.963}]
Capabilities {acceptInsecureCerts: false, browserName: chrome, browserVersion: 129.0.6668.72, chrome: {chromedriverVersion: 129.0.6668.89 (951c0b97221f..., userDataDir: C:\Users\QA\AppData\Local\T...}, fedcm:accounts: true, goog:chromeOptions: {debuggerAddress: localhost:54683}, networkConnectionEnabled: false, pageLoadStrategy: normal, platformName: windows, proxy: Proxy(), se:cdp: ws://localhost:54683/devtoo..., se:cdpVersion: 129.0.6668.72, setWindowRect: true, strictFileInteractability: false, timeouts: {implicit: 0, pageLoad: 300000, script: 30000}, unhandledPromptBehavior: dismiss and notify, webauthn:extension:credBlob: true, webauthn:extension:largeBlob: true, webauthn:extension:minPinLength: true, webauthn:extension:prf: true, webauthn:virtualAuthenticators: true}
Element: [[ChromeDriver: chrome on windows (ac5d37d99cf43f512650459bd2aa5f70)] -&amp;gt; xpath: (//span[normalize-space()=&amp;apos;COMMUTER&amp;apos;])[1]]
Session ID: ac5d37d99cf43f512650459bd2aa5f70 expected [true] but found [false]">
      <![CDATA[java.lang.AssertionError: Unable to click element : Commuter icon  --  [[ChromeDriver: chrome on windows (ac5d37d99cf43f512650459bd2aa5f70)] -> xpath: (//span[normalize-space()='COMMUTER'])[1]]  --  org.openqa.selenium.ElementClickInterceptedException: element click intercepted: Element <span data-shimmer-effect="false">...</span> is not clickable at point (577, 102). Other element would receive the click: <div class="modal-popup modal-large book-bike-ride request-callback" id="requestCallBackModel">...</div>
  (Session info: chrome=129.0.6668.72)
Build info: version: '4.13.0', revision: 'ba948ece5b*'
System info: os.name: 'Windows 10', os.arch: 'amd64', os.version: '10.0', java.version: '17.0.6'
Driver info: org.openqa.selenium.chrome.ChromeDriver
Command: [ac5d37d99cf43f512650459bd2aa5f70, clickElement {id=f.D06AF8B4F8C72A2E49CB15900CEB7694.d.1E0EA12B2A89E345F10ACE587D038BFE.e.963}]
Capabilities {acceptInsecureCerts: false, browserName: chrome, browserVersion: 129.0.6668.72, chrome: {chromedriverVersion: 129.0.6668.89 (951c0b97221f..., userDataDir: C:\Users\QA\AppData\Local\T...}, fedcm:accounts: true, goog:chromeOptions: {debuggerAddress: localhost:54683}, networkConnectionEnabled: false, pageLoadStrategy: normal, platformName: windows, proxy: Proxy(), se:cdp: ws://localhost:54683/devtoo..., se:cdpVersion: 129.0.6668.72, setWindowRect: true, strictFileInteractability: false, timeouts: {implicit: 0, pageLoad: 300000, script: 30000}, unhandledPromptBehavior: dismiss and notify, webauthn:extension:credBlob: true, webauthn:extension:largeBlob: true, webauthn:extension:minPinLength: true, webauthn:extension:prf: true, webauthn:virtualAuthenticators: true}
Element: [[ChromeDriver: chrome on windows (ac5d37d99cf43f512650459bd2aa5f70)] -> xpath: (//span[normalize-space()='COMMUTER'])[1]]
Session ID: ac5d37d99cf43f512650459bd2aa5f70 expected [true] but found [false]
at GB_Webapp.Utility.Library.click(Library.java:34)
at GB_Webapp.Page.LoginPage.click_on_commuter_icons(LoginPage.java:520)
at GB_Webapp.StepDefinition.BikeFeatureTest.click_on_icons(BikeFeatureTest.java:173)
at ✽.Click on "commuter" icons(file:///C:/Users/QA/OneDrive/Documents/Azure/Hero_GB_WebApp_UI_Testing_BDD/./FeatureFilesBangladesh/02_BikeFeature.feature:12)
... Removed 3 stack frames]]>
    </failure>
  </testcase> <!-- runScenario -->
  <testcase classname="io.cucumber.testng.AbstractTestNGCucumberTests" name="runScenario" time="92.091"/>
  <testcase classname="io.cucumber.testng.AbstractTestNGCucumberTests" name="runScenario" time="3.265">
    <failure type="java.lang.AssertionError" message="Unable to click element : Executive icon  --  [[ChromeDriver: chrome on windows (ac5d37d99cf43f512650459bd2aa5f70)] -&amp;gt; xpath: (//span[normalize-space()=&amp;apos;EXECUTIVE&amp;apos;])[1]]  --  org.openqa.selenium.ElementClickInterceptedException: element click intercepted: Element &amp;lt;span data-shimmer-effect=&amp;quot;false&amp;quot;&amp;gt;...&amp;lt;/span&amp;gt; is not clickable at point (716, 106). Other element would receive the click: &amp;lt;div class=&amp;quot;modal-popup modal-large book-bike-ride request-callback&amp;quot; id=&amp;quot;requestCallBackModel&amp;quot;&amp;gt;...&amp;lt;/div&amp;gt;
  (Session info: chrome=129.0.6668.72)
Build info: version: &amp;apos;4.13.0&amp;apos;, revision: &amp;apos;ba948ece5b*&amp;apos;
System info: os.name: &amp;apos;Windows 10&amp;apos;, os.arch: &amp;apos;amd64&amp;apos;, os.version: &amp;apos;10.0&amp;apos;, java.version: &amp;apos;17.0.6&amp;apos;
Driver info: org.openqa.selenium.chrome.ChromeDriver
Command: [ac5d37d99cf43f512650459bd2aa5f70, clickElement {id=f.D06AF8B4F8C72A2E49CB15900CEB7694.d.3C2C473CE4BA6DC5C5B37E66CB572F14.e.1243}]
Capabilities {acceptInsecureCerts: false, browserName: chrome, browserVersion: 129.0.6668.72, chrome: {chromedriverVersion: 129.0.6668.89 (951c0b97221f..., userDataDir: C:\Users\QA\AppData\Local\T...}, fedcm:accounts: true, goog:chromeOptions: {debuggerAddress: localhost:54683}, networkConnectionEnabled: false, pageLoadStrategy: normal, platformName: windows, proxy: Proxy(), se:cdp: ws://localhost:54683/devtoo..., se:cdpVersion: 129.0.6668.72, setWindowRect: true, strictFileInteractability: false, timeouts: {implicit: 0, pageLoad: 300000, script: 30000}, unhandledPromptBehavior: dismiss and notify, webauthn:extension:credBlob: true, webauthn:extension:largeBlob: true, webauthn:extension:minPinLength: true, webauthn:extension:prf: true, webauthn:virtualAuthenticators: true}
Element: [[ChromeDriver: chrome on windows (ac5d37d99cf43f512650459bd2aa5f70)] -&amp;gt; xpath: (//span[normalize-space()=&amp;apos;EXECUTIVE&amp;apos;])[1]]
Session ID: ac5d37d99cf43f512650459bd2aa5f70 expected [true] but found [false]">
      <![CDATA[java.lang.AssertionError: Unable to click element : Executive icon  --  [[ChromeDriver: chrome on windows (ac5d37d99cf43f512650459bd2aa5f70)] -> xpath: (//span[normalize-space()='EXECUTIVE'])[1]]  --  org.openqa.selenium.ElementClickInterceptedException: element click intercepted: Element <span data-shimmer-effect="false">...</span> is not clickable at point (716, 106). Other element would receive the click: <div class="modal-popup modal-large book-bike-ride request-callback" id="requestCallBackModel">...</div>
  (Session info: chrome=129.0.6668.72)
Build info: version: '4.13.0', revision: 'ba948ece5b*'
System info: os.name: 'Windows 10', os.arch: 'amd64', os.version: '10.0', java.version: '17.0.6'
Driver info: org.openqa.selenium.chrome.ChromeDriver
Command: [ac5d37d99cf43f512650459bd2aa5f70, clickElement {id=f.D06AF8B4F8C72A2E49CB15900CEB7694.d.3C2C473CE4BA6DC5C5B37E66CB572F14.e.1243}]
Capabilities {acceptInsecureCerts: false, browserName: chrome, browserVersion: 129.0.6668.72, chrome: {chromedriverVersion: 129.0.6668.89 (951c0b97221f..., userDataDir: C:\Users\QA\AppData\Local\T...}, fedcm:accounts: true, goog:chromeOptions: {debuggerAddress: localhost:54683}, networkConnectionEnabled: false, pageLoadStrategy: normal, platformName: windows, proxy: Proxy(), se:cdp: ws://localhost:54683/devtoo..., se:cdpVersion: 129.0.6668.72, setWindowRect: true, strictFileInteractability: false, timeouts: {implicit: 0, pageLoad: 300000, script: 30000}, unhandledPromptBehavior: dismiss and notify, webauthn:extension:credBlob: true, webauthn:extension:largeBlob: true, webauthn:extension:minPinLength: true, webauthn:extension:prf: true, webauthn:virtualAuthenticators: true}
Element: [[ChromeDriver: chrome on windows (ac5d37d99cf43f512650459bd2aa5f70)] -> xpath: (//span[normalize-space()='EXECUTIVE'])[1]]
Session ID: ac5d37d99cf43f512650459bd2aa5f70 expected [true] but found [false]
at GB_Webapp.Utility.Library.click(Library.java:34)
at GB_Webapp.Page.LoginPage.click_on_executive_icons(LoginPage.java:529)
at GB_Webapp.StepDefinition.BikeFeatureTest.click_on_icons(BikeFeatureTest.java:176)
at ✽.Click on "executive" icons(file:///C:/Users/QA/OneDrive/Documents/Azure/Hero_GB_WebApp_UI_Testing_BDD/./FeatureFilesBangladesh/02_BikeFeature.feature:12)
... Removed 3 stack frames]]>
    </failure>
  </testcase> <!-- runScenario -->
  <testcase classname="io.cucumber.testng.AbstractTestNGCucumberTests" name="runScenario" time="28.786"/>
  <testcase classname="io.cucumber.testng.AbstractTestNGCucumberTests" name="runScenario" time="3.388">
    <failure type="java.lang.AssertionError" message="Unable to click element : Executive icon  --  [[ChromeDriver: chrome on windows (ac5d37d99cf43f512650459bd2aa5f70)] -&amp;gt; xpath: (//span[normalize-space()=&amp;apos;EXECUTIVE&amp;apos;])[1]]  --  org.openqa.selenium.ElementClickInterceptedException: element click intercepted: Element &amp;lt;span data-shimmer-effect=&amp;quot;false&amp;quot;&amp;gt;...&amp;lt;/span&amp;gt; is not clickable at point (716, 105). Other element would receive the click: &amp;lt;div class=&amp;quot;modal-popup modal-large book-bike-ride request-callback&amp;quot; id=&amp;quot;requestCallBackModel&amp;quot;&amp;gt;...&amp;lt;/div&amp;gt;
  (Session info: chrome=129.0.6668.72)
Build info: version: &amp;apos;4.13.0&amp;apos;, revision: &amp;apos;ba948ece5b*&amp;apos;
System info: os.name: &amp;apos;Windows 10&amp;apos;, os.arch: &amp;apos;amd64&amp;apos;, os.version: &amp;apos;10.0&amp;apos;, java.version: &amp;apos;17.0.6&amp;apos;
Driver info: org.openqa.selenium.chrome.ChromeDriver
Command: [ac5d37d99cf43f512650459bd2aa5f70, clickElement {id=f.D06AF8B4F8C72A2E49CB15900CEB7694.d.A145CEE806F39C1655ACBE5994A3551E.e.1555}]
Capabilities {acceptInsecureCerts: false, browserName: chrome, browserVersion: 129.0.6668.72, chrome: {chromedriverVersion: 129.0.6668.89 (951c0b97221f..., userDataDir: C:\Users\QA\AppData\Local\T...}, fedcm:accounts: true, goog:chromeOptions: {debuggerAddress: localhost:54683}, networkConnectionEnabled: false, pageLoadStrategy: normal, platformName: windows, proxy: Proxy(), se:cdp: ws://localhost:54683/devtoo..., se:cdpVersion: 129.0.6668.72, setWindowRect: true, strictFileInteractability: false, timeouts: {implicit: 0, pageLoad: 300000, script: 30000}, unhandledPromptBehavior: dismiss and notify, webauthn:extension:credBlob: true, webauthn:extension:largeBlob: true, webauthn:extension:minPinLength: true, webauthn:extension:prf: true, webauthn:virtualAuthenticators: true}
Element: [[ChromeDriver: chrome on windows (ac5d37d99cf43f512650459bd2aa5f70)] -&amp;gt; xpath: (//span[normalize-space()=&amp;apos;EXECUTIVE&amp;apos;])[1]]
Session ID: ac5d37d99cf43f512650459bd2aa5f70 expected [true] but found [false]">
      <![CDATA[java.lang.AssertionError: Unable to click element : Executive icon  --  [[ChromeDriver: chrome on windows (ac5d37d99cf43f512650459bd2aa5f70)] -> xpath: (//span[normalize-space()='EXECUTIVE'])[1]]  --  org.openqa.selenium.ElementClickInterceptedException: element click intercepted: Element <span data-shimmer-effect="false">...</span> is not clickable at point (716, 105). Other element would receive the click: <div class="modal-popup modal-large book-bike-ride request-callback" id="requestCallBackModel">...</div>
  (Session info: chrome=129.0.6668.72)
Build info: version: '4.13.0', revision: 'ba948ece5b*'
System info: os.name: 'Windows 10', os.arch: 'amd64', os.version: '10.0', java.version: '17.0.6'
Driver info: org.openqa.selenium.chrome.ChromeDriver
Command: [ac5d37d99cf43f512650459bd2aa5f70, clickElement {id=f.D06AF8B4F8C72A2E49CB15900CEB7694.d.A145CEE806F39C1655ACBE5994A3551E.e.1555}]
Capabilities {acceptInsecureCerts: false, browserName: chrome, browserVersion: 129.0.6668.72, chrome: {chromedriverVersion: 129.0.6668.89 (951c0b97221f..., userDataDir: C:\Users\QA\AppData\Local\T...}, fedcm:accounts: true, goog:chromeOptions: {debuggerAddress: localhost:54683}, networkConnectionEnabled: false, pageLoadStrategy: normal, platformName: windows, proxy: Proxy(), se:cdp: ws://localhost:54683/devtoo..., se:cdpVersion: 129.0.6668.72, setWindowRect: true, strictFileInteractability: false, timeouts: {implicit: 0, pageLoad: 300000, script: 30000}, unhandledPromptBehavior: dismiss and notify, webauthn:extension:credBlob: true, webauthn:extension:largeBlob: true, webauthn:extension:minPinLength: true, webauthn:extension:prf: true, webauthn:virtualAuthenticators: true}
Element: [[ChromeDriver: chrome on windows (ac5d37d99cf43f512650459bd2aa5f70)] -> xpath: (//span[normalize-space()='EXECUTIVE'])[1]]
Session ID: ac5d37d99cf43f512650459bd2aa5f70 expected [true] but found [false]
at GB_Webapp.Utility.Library.click(Library.java:34)
at GB_Webapp.Page.LoginPage.click_on_executive_icons(LoginPage.java:529)
at GB_Webapp.StepDefinition.BikeFeatureTest.click_on_icons(BikeFeatureTest.java:176)
at ✽.Click on "executive" icons(file:///C:/Users/QA/OneDrive/Documents/Azure/Hero_GB_WebApp_UI_Testing_BDD/./FeatureFilesBangladesh/02_BikeFeature.feature:12)
... Removed 3 stack frames]]>
    </failure>
  </testcase> <!-- runScenario -->
  <testcase classname="io.cucumber.testng.AbstractTestNGCucumberTests" name="runScenario" time="31.352">
    <failure type="java.lang.AssertionError" message="Unable to click element : Select model drop down  --  [[ChromeDriver: chrome on windows (ac5d37d99cf43f512650459bd2aa5f70)] -&amp;gt; xpath: (//button[@data-bs-toggle=&amp;apos;dropdown&amp;apos;])[2]]  --  org.openqa.selenium.ElementClickInterceptedException: element click intercepted: Element is not clickable at point (699, 1122)
  (Session info: chrome=129.0.6668.72)
Build info: version: &amp;apos;4.13.0&amp;apos;, revision: &amp;apos;ba948ece5b*&amp;apos;
System info: os.name: &amp;apos;Windows 10&amp;apos;, os.arch: &amp;apos;amd64&amp;apos;, os.version: &amp;apos;10.0&amp;apos;, java.version: &amp;apos;17.0.6&amp;apos;
Driver info: org.openqa.selenium.chrome.ChromeDriver
Command: [ac5d37d99cf43f512650459bd2aa5f70, clickElement {id=f.D06AF8B4F8C72A2E49CB15900CEB7694.d.84AB60192E4D8AA2EA493D8916A892B9.e.1749}]
Capabilities {acceptInsecureCerts: false, browserName: chrome, browserVersion: 129.0.6668.72, chrome: {chromedriverVersion: 129.0.6668.89 (951c0b97221f..., userDataDir: C:\Users\QA\AppData\Local\T...}, fedcm:accounts: true, goog:chromeOptions: {debuggerAddress: localhost:54683}, networkConnectionEnabled: false, pageLoadStrategy: normal, platformName: windows, proxy: Proxy(), se:cdp: ws://localhost:54683/devtoo..., se:cdpVersion: 129.0.6668.72, setWindowRect: true, strictFileInteractability: false, timeouts: {implicit: 0, pageLoad: 300000, script: 30000}, unhandledPromptBehavior: dismiss and notify, webauthn:extension:credBlob: true, webauthn:extension:largeBlob: true, webauthn:extension:minPinLength: true, webauthn:extension:prf: true, webauthn:virtualAuthenticators: true}
Element: [[ChromeDriver: chrome on windows (ac5d37d99cf43f512650459bd2aa5f70)] -&amp;gt; xpath: (//button[@data-bs-toggle=&amp;apos;dropdown&amp;apos;])[2]]
Session ID: ac5d37d99cf43f512650459bd2aa5f70 expected [true] but found [false]">
      <![CDATA[java.lang.AssertionError: Unable to click element : Select model drop down  --  [[ChromeDriver: chrome on windows (ac5d37d99cf43f512650459bd2aa5f70)] -> xpath: (//button[@data-bs-toggle='dropdown'])[2]]  --  org.openqa.selenium.ElementClickInterceptedException: element click intercepted: Element is not clickable at point (699, 1122)
  (Session info: chrome=129.0.6668.72)
Build info: version: '4.13.0', revision: 'ba948ece5b*'
System info: os.name: 'Windows 10', os.arch: 'amd64', os.version: '10.0', java.version: '17.0.6'
Driver info: org.openqa.selenium.chrome.ChromeDriver
Command: [ac5d37d99cf43f512650459bd2aa5f70, clickElement {id=f.D06AF8B4F8C72A2E49CB15900CEB7694.d.84AB60192E4D8AA2EA493D8916A892B9.e.1749}]
Capabilities {acceptInsecureCerts: false, browserName: chrome, browserVersion: 129.0.6668.72, chrome: {chromedriverVersion: 129.0.6668.89 (951c0b97221f..., userDataDir: C:\Users\QA\AppData\Local\T...}, fedcm:accounts: true, goog:chromeOptions: {debuggerAddress: localhost:54683}, networkConnectionEnabled: false, pageLoadStrategy: normal, platformName: windows, proxy: Proxy(), se:cdp: ws://localhost:54683/devtoo..., se:cdpVersion: 129.0.6668.72, setWindowRect: true, strictFileInteractability: false, timeouts: {implicit: 0, pageLoad: 300000, script: 30000}, unhandledPromptBehavior: dismiss and notify, webauthn:extension:credBlob: true, webauthn:extension:largeBlob: true, webauthn:extension:minPinLength: true, webauthn:extension:prf: true, webauthn:virtualAuthenticators: true}
Element: [[ChromeDriver: chrome on windows (ac5d37d99cf43f512650459bd2aa5f70)] -> xpath: (//button[@data-bs-toggle='dropdown'])[2]]
Session ID: ac5d37d99cf43f512650459bd2aa5f70 expected [true] but found [false]
at GB_Webapp.Utility.Library.click(Library.java:34)
at GB_Webapp.Page.BikeFeaturePage.verify_all_emi_option(BikeFeaturePage.java:291)
at GB_Webapp.StepDefinition.BikeFeatureTest.verify_all_emi_option(BikeFeatureTest.java:70)
at ✽.Verify all EMI option(file:///C:/Users/QA/OneDrive/Documents/Azure/Hero_GB_WebApp_UI_Testing_BDD/./FeatureFilesBangladesh/02_BikeFeature.feature:23)
... Removed 3 stack frames]]>
    </failure>
  </testcase> <!-- runScenario -->
  <testcase classname="io.cucumber.testng.AbstractTestNGCucumberTests" name="runScenario" time="11.725">
    <failure type="java.lang.AssertionError" message="Unable to click element : Select model drop down  --  [[ChromeDriver: chrome on windows (ac5d37d99cf43f512650459bd2aa5f70)] -&amp;gt; xpath: (//button[@data-bs-toggle=&amp;apos;dropdown&amp;apos;])[2]]  --  org.openqa.selenium.ElementClickInterceptedException: element click intercepted: Element is not clickable at point (699, 1154)
  (Session info: chrome=129.0.6668.72)
Build info: version: &amp;apos;4.13.0&amp;apos;, revision: &amp;apos;ba948ece5b*&amp;apos;
System info: os.name: &amp;apos;Windows 10&amp;apos;, os.arch: &amp;apos;amd64&amp;apos;, os.version: &amp;apos;10.0&amp;apos;, java.version: &amp;apos;17.0.6&amp;apos;
Driver info: org.openqa.selenium.chrome.ChromeDriver
Command: [ac5d37d99cf43f512650459bd2aa5f70, clickElement {id=f.D06AF8B4F8C72A2E49CB15900CEB7694.d.A152E9A7F2747A80AF8B0F0705D7FFB6.e.1919}]
Capabilities {acceptInsecureCerts: false, browserName: chrome, browserVersion: 129.0.6668.72, chrome: {chromedriverVersion: 129.0.6668.89 (951c0b97221f..., userDataDir: C:\Users\QA\AppData\Local\T...}, fedcm:accounts: true, goog:chromeOptions: {debuggerAddress: localhost:54683}, networkConnectionEnabled: false, pageLoadStrategy: normal, platformName: windows, proxy: Proxy(), se:cdp: ws://localhost:54683/devtoo..., se:cdpVersion: 129.0.6668.72, setWindowRect: true, strictFileInteractability: false, timeouts: {implicit: 0, pageLoad: 300000, script: 30000}, unhandledPromptBehavior: dismiss and notify, webauthn:extension:credBlob: true, webauthn:extension:largeBlob: true, webauthn:extension:minPinLength: true, webauthn:extension:prf: true, webauthn:virtualAuthenticators: true}
Element: [[ChromeDriver: chrome on windows (ac5d37d99cf43f512650459bd2aa5f70)] -&amp;gt; xpath: (//button[@data-bs-toggle=&amp;apos;dropdown&amp;apos;])[2]]
Session ID: ac5d37d99cf43f512650459bd2aa5f70 expected [true] but found [false]">
      <![CDATA[java.lang.AssertionError: Unable to click element : Select model drop down  --  [[ChromeDriver: chrome on windows (ac5d37d99cf43f512650459bd2aa5f70)] -> xpath: (//button[@data-bs-toggle='dropdown'])[2]]  --  org.openqa.selenium.ElementClickInterceptedException: element click intercepted: Element is not clickable at point (699, 1154)
  (Session info: chrome=129.0.6668.72)
Build info: version: '4.13.0', revision: 'ba948ece5b*'
System info: os.name: 'Windows 10', os.arch: 'amd64', os.version: '10.0', java.version: '17.0.6'
Driver info: org.openqa.selenium.chrome.ChromeDriver
Command: [ac5d37d99cf43f512650459bd2aa5f70, clickElement {id=f.D06AF8B4F8C72A2E49CB15900CEB7694.d.A152E9A7F2747A80AF8B0F0705D7FFB6.e.1919}]
Capabilities {acceptInsecureCerts: false, browserName: chrome, browserVersion: 129.0.6668.72, chrome: {chromedriverVersion: 129.0.6668.89 (951c0b97221f..., userDataDir: C:\Users\QA\AppData\Local\T...}, fedcm:accounts: true, goog:chromeOptions: {debuggerAddress: localhost:54683}, networkConnectionEnabled: false, pageLoadStrategy: normal, platformName: windows, proxy: Proxy(), se:cdp: ws://localhost:54683/devtoo..., se:cdpVersion: 129.0.6668.72, setWindowRect: true, strictFileInteractability: false, timeouts: {implicit: 0, pageLoad: 300000, script: 30000}, unhandledPromptBehavior: dismiss and notify, webauthn:extension:credBlob: true, webauthn:extension:largeBlob: true, webauthn:extension:minPinLength: true, webauthn:extension:prf: true, webauthn:virtualAuthenticators: true}
Element: [[ChromeDriver: chrome on windows (ac5d37d99cf43f512650459bd2aa5f70)] -> xpath: (//button[@data-bs-toggle='dropdown'])[2]]
Session ID: ac5d37d99cf43f512650459bd2aa5f70 expected [true] but found [false]
at GB_Webapp.Utility.Library.click(Library.java:34)
at GB_Webapp.Page.BikeFeaturePage.verify_all_emi_option(BikeFeaturePage.java:291)
at GB_Webapp.StepDefinition.BikeFeatureTest.verify_all_emi_option(BikeFeatureTest.java:70)
at ✽.Verify all EMI option(file:///C:/Users/QA/OneDrive/Documents/Azure/Hero_GB_WebApp_UI_Testing_BDD/./FeatureFilesBangladesh/02_BikeFeature.feature:23)
... Removed 3 stack frames]]>
    </failure>
  </testcase> <!-- runScenario -->
  <testcase classname="io.cucumber.testng.AbstractTestNGCucumberTests" name="runScenario" time="21.88">
    <failure type="java.lang.AssertionError" message="Unable to click element : Select model drop down  --  [[ChromeDriver: chrome on windows (ac5d37d99cf43f512650459bd2aa5f70)] -&amp;gt; xpath: (//button[@data-bs-toggle=&amp;apos;dropdown&amp;apos;])[2]]  --  org.openqa.selenium.ElementClickInterceptedException: element click intercepted: Element is not clickable at point (699, 1178)
  (Session info: chrome=129.0.6668.72)
Build info: version: &amp;apos;4.13.0&amp;apos;, revision: &amp;apos;ba948ece5b*&amp;apos;
System info: os.name: &amp;apos;Windows 10&amp;apos;, os.arch: &amp;apos;amd64&amp;apos;, os.version: &amp;apos;10.0&amp;apos;, java.version: &amp;apos;17.0.6&amp;apos;
Driver info: org.openqa.selenium.chrome.ChromeDriver
Command: [ac5d37d99cf43f512650459bd2aa5f70, clickElement {id=f.D06AF8B4F8C72A2E49CB15900CEB7694.d.BCBDEC0B6862B16024C02BD13ADB4895.e.2071}]
Capabilities {acceptInsecureCerts: false, browserName: chrome, browserVersion: 129.0.6668.72, chrome: {chromedriverVersion: 129.0.6668.89 (951c0b97221f..., userDataDir: C:\Users\QA\AppData\Local\T...}, fedcm:accounts: true, goog:chromeOptions: {debuggerAddress: localhost:54683}, networkConnectionEnabled: false, pageLoadStrategy: normal, platformName: windows, proxy: Proxy(), se:cdp: ws://localhost:54683/devtoo..., se:cdpVersion: 129.0.6668.72, setWindowRect: true, strictFileInteractability: false, timeouts: {implicit: 0, pageLoad: 300000, script: 30000}, unhandledPromptBehavior: dismiss and notify, webauthn:extension:credBlob: true, webauthn:extension:largeBlob: true, webauthn:extension:minPinLength: true, webauthn:extension:prf: true, webauthn:virtualAuthenticators: true}
Element: [[ChromeDriver: chrome on windows (ac5d37d99cf43f512650459bd2aa5f70)] -&amp;gt; xpath: (//button[@data-bs-toggle=&amp;apos;dropdown&amp;apos;])[2]]
Session ID: ac5d37d99cf43f512650459bd2aa5f70 expected [true] but found [false]">
      <![CDATA[java.lang.AssertionError: Unable to click element : Select model drop down  --  [[ChromeDriver: chrome on windows (ac5d37d99cf43f512650459bd2aa5f70)] -> xpath: (//button[@data-bs-toggle='dropdown'])[2]]  --  org.openqa.selenium.ElementClickInterceptedException: element click intercepted: Element is not clickable at point (699, 1178)
  (Session info: chrome=129.0.6668.72)
Build info: version: '4.13.0', revision: 'ba948ece5b*'
System info: os.name: 'Windows 10', os.arch: 'amd64', os.version: '10.0', java.version: '17.0.6'
Driver info: org.openqa.selenium.chrome.ChromeDriver
Command: [ac5d37d99cf43f512650459bd2aa5f70, clickElement {id=f.D06AF8B4F8C72A2E49CB15900CEB7694.d.BCBDEC0B6862B16024C02BD13ADB4895.e.2071}]
Capabilities {acceptInsecureCerts: false, browserName: chrome, browserVersion: 129.0.6668.72, chrome: {chromedriverVersion: 129.0.6668.89 (951c0b97221f..., userDataDir: C:\Users\QA\AppData\Local\T...}, fedcm:accounts: true, goog:chromeOptions: {debuggerAddress: localhost:54683}, networkConnectionEnabled: false, pageLoadStrategy: normal, platformName: windows, proxy: Proxy(), se:cdp: ws://localhost:54683/devtoo..., se:cdpVersion: 129.0.6668.72, setWindowRect: true, strictFileInteractability: false, timeouts: {implicit: 0, pageLoad: 300000, script: 30000}, unhandledPromptBehavior: dismiss and notify, webauthn:extension:credBlob: true, webauthn:extension:largeBlob: true, webauthn:extension:minPinLength: true, webauthn:extension:prf: true, webauthn:virtualAuthenticators: true}
Element: [[ChromeDriver: chrome on windows (ac5d37d99cf43f512650459bd2aa5f70)] -> xpath: (//button[@data-bs-toggle='dropdown'])[2]]
Session ID: ac5d37d99cf43f512650459bd2aa5f70 expected [true] but found [false]
at GB_Webapp.Utility.Library.click(Library.java:34)
at GB_Webapp.Page.BikeFeaturePage.verify_all_emi_option(BikeFeaturePage.java:291)
at GB_Webapp.StepDefinition.BikeFeatureTest.verify_all_emi_option(BikeFeatureTest.java:70)
at ✽.Verify all EMI option(file:///C:/Users/QA/OneDrive/Documents/Azure/Hero_GB_WebApp_UI_Testing_BDD/./FeatureFilesBangladesh/02_BikeFeature.feature:23)
... Removed 3 stack frames]]>
    </failure>
  </testcase> <!-- runScenario -->
  <testcase classname="io.cucumber.testng.AbstractTestNGCucumberTests" name="runScenario" time="33.732"/>
  <testcase classname="io.cucumber.testng.AbstractTestNGCucumberTests" name="runScenario" time="12.271"/>
  <testcase classname="io.cucumber.testng.AbstractTestNGCucumberTests" name="runScenario" time="314.964">
    <failure type="java.lang.AssertionError" message="Unable to click element : MAESTRO EDGE XTEC  --  [[ChromeDriver: chrome on windows (ac5d37d99cf43f512650459bd2aa5f70)] -&amp;gt; xpath: //div[normalize-space()=&amp;apos;MAESTRO EDGE XTEC&amp;apos;]]  --  org.openqa.selenium.TimeoutException: java.util.concurrent.TimeoutException
Build info: version: &amp;apos;4.13.0&amp;apos;, revision: &amp;apos;ba948ece5b*&amp;apos;
System info: os.name: &amp;apos;Windows 10&amp;apos;, os.arch: &amp;apos;amd64&amp;apos;, os.version: &amp;apos;10.0&amp;apos;, java.version: &amp;apos;17.0.6&amp;apos;
Driver info: org.openqa.selenium.chrome.ChromeDriver
Command: [ac5d37d99cf43f512650459bd2aa5f70, clickElement {id=f.D06AF8B4F8C72A2E49CB15900CEB7694.d.F484375062881455E1C193C71DB2D1BF.e.2556}]
Capabilities {acceptInsecureCerts: false, browserName: chrome, browserVersion: 129.0.6668.72, chrome: {chromedriverVersion: 129.0.6668.89 (951c0b97221f..., userDataDir: C:\Users\QA\AppData\Local\T...}, fedcm:accounts: true, goog:chromeOptions: {debuggerAddress: localhost:54683}, networkConnectionEnabled: false, pageLoadStrategy: normal, platformName: windows, proxy: Proxy(), se:cdp: ws://localhost:54683/devtoo..., se:cdpVersion: 129.0.6668.72, setWindowRect: true, strictFileInteractability: false, timeouts: {implicit: 0, pageLoad: 300000, script: 30000}, unhandledPromptBehavior: dismiss and notify, webauthn:extension:credBlob: true, webauthn:extension:largeBlob: true, webauthn:extension:minPinLength: true, webauthn:extension:prf: true, webauthn:virtualAuthenticators: true}
Element: [[ChromeDriver: chrome on windows (ac5d37d99cf43f512650459bd2aa5f70)] -&amp;gt; xpath: //div[normalize-space()=&amp;apos;MAESTRO EDGE XTEC&amp;apos;]]
Session ID: ac5d37d99cf43f512650459bd2aa5f70 expected [true] but found [false]">
      <![CDATA[java.lang.AssertionError: Unable to click element : MAESTRO EDGE XTEC  --  [[ChromeDriver: chrome on windows (ac5d37d99cf43f512650459bd2aa5f70)] -> xpath: //div[normalize-space()='MAESTRO EDGE XTEC']]  --  org.openqa.selenium.TimeoutException: java.util.concurrent.TimeoutException
Build info: version: '4.13.0', revision: 'ba948ece5b*'
System info: os.name: 'Windows 10', os.arch: 'amd64', os.version: '10.0', java.version: '17.0.6'
Driver info: org.openqa.selenium.chrome.ChromeDriver
Command: [ac5d37d99cf43f512650459bd2aa5f70, clickElement {id=f.D06AF8B4F8C72A2E49CB15900CEB7694.d.F484375062881455E1C193C71DB2D1BF.e.2556}]
Capabilities {acceptInsecureCerts: false, browserName: chrome, browserVersion: 129.0.6668.72, chrome: {chromedriverVersion: 129.0.6668.89 (951c0b97221f..., userDataDir: C:\Users\QA\AppData\Local\T...}, fedcm:accounts: true, goog:chromeOptions: {debuggerAddress: localhost:54683}, networkConnectionEnabled: false, pageLoadStrategy: normal, platformName: windows, proxy: Proxy(), se:cdp: ws://localhost:54683/devtoo..., se:cdpVersion: 129.0.6668.72, setWindowRect: true, strictFileInteractability: false, timeouts: {implicit: 0, pageLoad: 300000, script: 30000}, unhandledPromptBehavior: dismiss and notify, webauthn:extension:credBlob: true, webauthn:extension:largeBlob: true, webauthn:extension:minPinLength: true, webauthn:extension:prf: true, webauthn:virtualAuthenticators: true}
Element: [[ChromeDriver: chrome on windows (ac5d37d99cf43f512650459bd2aa5f70)] -> xpath: //div[normalize-space()='MAESTRO EDGE XTEC']]
Session ID: ac5d37d99cf43f512650459bd2aa5f70 expected [true] but found [false]
at GB_Webapp.Utility.Library.click(Library.java:34)
at GB_Webapp.Page.BikeFeaturePage.click_on_maestro_edge_xtec_scooter_name(BikeFeaturePage.java:288)
at GB_Webapp.StepDefinition.BikeFeatureTest.click_on_bike_name(BikeFeatureTest.java:234)
at ✽.Click on "MAESTRO_EDGE_XTEC" bike name(file:///C:/Users/QA/OneDrive/Documents/Azure/Hero_GB_WebApp_UI_Testing_BDD/./FeatureFilesBangladesh/02_BikeFeature.feature:13)
... Removed 3 stack frames]]>
    </failure>
  </testcase> <!-- runScenario -->
  <testcase classname="io.cucumber.testng.AbstractTestNGCucumberTests" name="runScenario" time="8.156">
    <failure type="io.cucumber.testng.UndefinedStepException" message="The step &amp;apos;close browser&amp;apos; is undefined.
You can implement this step using the snippet(s) below:

@Then(&amp;quot;close browser&amp;quot;)
public void close_browser() {
    // Write code here that turns the phrase above into concrete actions
    throw new io.cucumber.java.PendingException();
}
">
      <![CDATA[io.cucumber.testng.UndefinedStepException: The step 'close browser' is undefined.
You can implement this step using the snippet(s) below:

@Then("close browser")
public void close_browser() {
    // Write code here that turns the phrase above into concrete actions
    throw new io.cucumber.java.PendingException();
}

at io.cucumber.core.runtime.TestCaseResultObserver.assertTestCasePassed(TestCaseResultObserver.java:69)
at io.cucumber.testng.TestCaseResultObserver.assertTestCasePassed(TestCaseResultObserver.java:23)
at io.cucumber.testng.TestNGCucumberRunner.lambda$runScenario$1(TestNGCucumberRunner.java:133)
at io.cucumber.core.runtime.CucumberExecutionContext.lambda$runTestCase$5(CucumberExecutionContext.java:129)
at io.cucumber.core.runtime.RethrowingThrowableCollector.executeAndThrow(RethrowingThrowableCollector.java:23)
at io.cucumber.core.runtime.CucumberExecutionContext.runTestCase(CucumberExecutionContext.java:129)
at io.cucumber.testng.TestNGCucumberRunner.runScenario(TestNGCucumberRunner.java:129)
at io.cucumber.testng.AbstractTestNGCucumberTests.runScenario(AbstractTestNGCucumberTests.java:35)
at java.base/java.util.ArrayList.forEach(ArrayList.java:1511)
... Removed 26 stack frames]]>
    </failure>
  </testcase> <!-- runScenario -->
  <testcase classname="io.cucumber.testng.AbstractTestNGCucumberTests" name="runScenario" time="16.178">
    <failure type="io.cucumber.testng.UndefinedStepException" message="The step &amp;apos;close browser&amp;apos; is undefined.
You can implement this step using the snippet(s) below:

@Then(&amp;quot;close browser&amp;quot;)
public void close_browser() {
    // Write code here that turns the phrase above into concrete actions
    throw new io.cucumber.java.PendingException();
}
">
      <![CDATA[io.cucumber.testng.UndefinedStepException: The step 'close browser' is undefined.
You can implement this step using the snippet(s) below:

@Then("close browser")
public void close_browser() {
    // Write code here that turns the phrase above into concrete actions
    throw new io.cucumber.java.PendingException();
}

at io.cucumber.core.runtime.TestCaseResultObserver.assertTestCasePassed(TestCaseResultObserver.java:69)
at io.cucumber.testng.TestCaseResultObserver.assertTestCasePassed(TestCaseResultObserver.java:23)
at io.cucumber.testng.TestNGCucumberRunner.lambda$runScenario$1(TestNGCucumberRunner.java:133)
at io.cucumber.core.runtime.CucumberExecutionContext.lambda$runTestCase$5(CucumberExecutionContext.java:129)
at io.cucumber.core.runtime.RethrowingThrowableCollector.executeAndThrow(RethrowingThrowableCollector.java:23)
at io.cucumber.core.runtime.CucumberExecutionContext.runTestCase(CucumberExecutionContext.java:129)
at io.cucumber.testng.TestNGCucumberRunner.runScenario(TestNGCucumberRunner.java:129)
at io.cucumber.testng.AbstractTestNGCucumberTests.runScenario(AbstractTestNGCucumberTests.java:35)
at java.base/java.util.ArrayList.forEach(ArrayList.java:1511)
... Removed 26 stack frames]]>
    </failure>
  </testcase> <!-- runScenario -->
  <testcase classname="io.cucumber.testng.AbstractTestNGCucumberTests" name="runScenario" time="27.384">
    <failure type="io.cucumber.testng.UndefinedStepException" message="The step &amp;apos;close browser&amp;apos; is undefined.
You can implement this step using the snippet(s) below:

@Then(&amp;quot;close browser&amp;quot;)
public void close_browser() {
    // Write code here that turns the phrase above into concrete actions
    throw new io.cucumber.java.PendingException();
}
">
      <![CDATA[io.cucumber.testng.UndefinedStepException: The step 'close browser' is undefined.
You can implement this step using the snippet(s) below:

@Then("close browser")
public void close_browser() {
    // Write code here that turns the phrase above into concrete actions
    throw new io.cucumber.java.PendingException();
}

at io.cucumber.core.runtime.TestCaseResultObserver.assertTestCasePassed(TestCaseResultObserver.java:69)
at io.cucumber.testng.TestCaseResultObserver.assertTestCasePassed(TestCaseResultObserver.java:23)
at io.cucumber.testng.TestNGCucumberRunner.lambda$runScenario$1(TestNGCucumberRunner.java:133)
at io.cucumber.core.runtime.CucumberExecutionContext.lambda$runTestCase$5(CucumberExecutionContext.java:129)
at io.cucumber.core.runtime.RethrowingThrowableCollector.executeAndThrow(RethrowingThrowableCollector.java:23)
at io.cucumber.core.runtime.CucumberExecutionContext.runTestCase(CucumberExecutionContext.java:129)
at io.cucumber.testng.TestNGCucumberRunner.runScenario(TestNGCucumberRunner.java:129)
at io.cucumber.testng.AbstractTestNGCucumberTests.runScenario(AbstractTestNGCucumberTests.java:35)
at java.base/java.util.ArrayList.forEach(ArrayList.java:1511)
... Removed 26 stack frames]]>
    </failure>
  </testcase> <!-- runScenario -->
  <testcase classname="io.cucumber.testng.AbstractTestNGCucumberTests" name="runScenario" time="23.055">
    <failure type="io.cucumber.testng.UndefinedStepException" message="The step &amp;apos;close browser&amp;apos; is undefined.
You can implement this step using the snippet(s) below:

@Then(&amp;quot;close browser&amp;quot;)
public void close_browser() {
    // Write code here that turns the phrase above into concrete actions
    throw new io.cucumber.java.PendingException();
}
">
      <![CDATA[io.cucumber.testng.UndefinedStepException: The step 'close browser' is undefined.
You can implement this step using the snippet(s) below:

@Then("close browser")
public void close_browser() {
    // Write code here that turns the phrase above into concrete actions
    throw new io.cucumber.java.PendingException();
}

at io.cucumber.core.runtime.TestCaseResultObserver.assertTestCasePassed(TestCaseResultObserver.java:69)
at io.cucumber.testng.TestCaseResultObserver.assertTestCasePassed(TestCaseResultObserver.java:23)
at io.cucumber.testng.TestNGCucumberRunner.lambda$runScenario$1(TestNGCucumberRunner.java:133)
at io.cucumber.core.runtime.CucumberExecutionContext.lambda$runTestCase$5(CucumberExecutionContext.java:129)
at io.cucumber.core.runtime.RethrowingThrowableCollector.executeAndThrow(RethrowingThrowableCollector.java:23)
at io.cucumber.core.runtime.CucumberExecutionContext.runTestCase(CucumberExecutionContext.java:129)
at io.cucumber.testng.TestNGCucumberRunner.runScenario(TestNGCucumberRunner.java:129)
at io.cucumber.testng.AbstractTestNGCucumberTests.runScenario(AbstractTestNGCucumberTests.java:35)
at java.base/java.util.ArrayList.forEach(ArrayList.java:1511)
... Removed 26 stack frames]]>
    </failure>
  </testcase> <!-- runScenario -->
</testsuite> <!-- Bangladesh -->
