<?xml version="1.0" encoding="UTF-8"?>
<testng-results ignored="0" total="22" passed="21" failed="1" skipped="0">
  <reporter-output>
  </reporter-output>
  <suite started-at="2024-11-07T20:08:56 IST" name="Default suite" finished-at="2024-11-07T20:12:44 IST" duration-ms="227877">
    <groups>
      <group name="cucumber">
        <method signature="AbstractTestNGCucumberTests.runScenario(io.cucumber.testng.PickleWrapper,io.cucumber.testng.FeatureWrapper)[pri:0, instance:GB_Webapp.TestRunner.Philippines@46944ca9]" name="runScenario" class="io.cucumber.testng.AbstractTestNGCucumberTests"/>
      </group> <!-- cucumber -->
    </groups>
    <test started-at="2024-11-07T20:08:56 IST" name="Default test" finished-at="2024-11-07T20:12:44 IST" duration-ms="227877">
      <class name="GB_Webapp.TestRunner.Philippines">
        <test-method is-config="true" signature="setUpClass(org.testng.ITestContext)[pri:0, instance:GB_Webapp.TestRunner.Philippines@46944ca9]" started-at="2024-11-07T20:08:56 IST" name="setUpClass" finished-at="2024-11-07T20:09:08 IST" duration-ms="11832" status="PASS">
          <params>
            <param index="0">
              <value>
                <![CDATA[org.testng.TestRunner@536e3aab]]>
              </value>
            </param>
          </params>
          <reporter-output>
          </reporter-output>
        </test-method> <!-- setUpClass -->
        <test-method signature="runScenario(io.cucumber.testng.PickleWrapper,io.cucumber.testng.FeatureWrapper)[pri:0, instance:GB_Webapp.TestRunner.Philippines@46944ca9]" started-at="2024-11-07T20:09:08 IST" name="runScenario" description="Runs Cucumber Scenarios" data-provider="scenarios" finished-at="2024-11-07T20:09:14 IST" duration-ms="5903" status="PASS">
          <params>
            <param index="0">
              <value>
                <![CDATA["TC_001 Successfully open global website link"]]>
              </value>
            </param>
            <param index="1">
              <value>
                <![CDATA["HomePage"]]>
              </value>
            </param>
          </params>
          <reporter-output>
          </reporter-output>
        </test-method> <!-- runScenario -->
        <test-method signature="runScenario(io.cucumber.testng.PickleWrapper,io.cucumber.testng.FeatureWrapper)[pri:0, instance:GB_Webapp.TestRunner.Philippines@46944ca9]" started-at="2024-11-07T20:09:14 IST" name="runScenario" description="Runs Cucumber Scenarios" data-provider="scenarios" finished-at="2024-11-07T20:09:16 IST" duration-ms="1882" status="PASS">
          <params>
            <param index="0">
              <value>
                <![CDATA["TC_002 Successfully verify all header menu icons"]]>
              </value>
            </param>
            <param index="1">
              <value>
                <![CDATA["HomePage"]]>
              </value>
            </param>
          </params>
          <reporter-output>
          </reporter-output>
        </test-method> <!-- runScenario -->
        <test-method signature="runScenario(io.cucumber.testng.PickleWrapper,io.cucumber.testng.FeatureWrapper)[pri:0, instance:GB_Webapp.TestRunner.Philippines@46944ca9]" started-at="2024-11-07T20:09:16 IST" name="runScenario" description="Runs Cucumber Scenarios" data-provider="scenarios" finished-at="2024-11-07T20:09:20 IST" duration-ms="3999" status="PASS">
          <params>
            <param index="0">
              <value>
                <![CDATA["TC_003 Click on Company_logo"]]>
              </value>
            </param>
            <param index="1">
              <value>
                <![CDATA["HomePage"]]>
              </value>
            </param>
          </params>
          <reporter-output>
          </reporter-output>
        </test-method> <!-- runScenario -->
        <test-method signature="runScenario(io.cucumber.testng.PickleWrapper,io.cucumber.testng.FeatureWrapper)[pri:0, instance:GB_Webapp.TestRunner.Philippines@46944ca9]" started-at="2024-11-07T20:09:20 IST" name="runScenario" description="Runs Cucumber Scenarios" data-provider="scenarios" finished-at="2024-11-07T20:09:21 IST" duration-ms="1331" status="PASS">
          <params>
            <param index="0">
              <value>
                <![CDATA["TC_004 Click on Product"]]>
              </value>
            </param>
            <param index="1">
              <value>
                <![CDATA["HomePage"]]>
              </value>
            </param>
          </params>
          <reporter-output>
          </reporter-output>
        </test-method> <!-- runScenario -->
        <test-method signature="runScenario(io.cucumber.testng.PickleWrapper,io.cucumber.testng.FeatureWrapper)[pri:0, instance:GB_Webapp.TestRunner.Philippines@46944ca9]" started-at="2024-11-07T20:09:21 IST" name="runScenario" description="Runs Cucumber Scenarios" data-provider="scenarios" finished-at="2024-11-07T20:09:28 IST" duration-ms="7027" status="PASS">
          <params>
            <param index="0">
              <value>
                <![CDATA["TC_005 Click on Dealers"]]>
              </value>
            </param>
            <param index="1">
              <value>
                <![CDATA["HomePage"]]>
              </value>
            </param>
          </params>
          <reporter-output>
          </reporter-output>
        </test-method> <!-- runScenario -->
        <test-method signature="runScenario(io.cucumber.testng.PickleWrapper,io.cucumber.testng.FeatureWrapper)[pri:0, instance:GB_Webapp.TestRunner.Philippines@46944ca9]" started-at="2024-11-07T20:09:28 IST" name="runScenario" description="Runs Cucumber Scenarios" data-provider="scenarios" finished-at="2024-11-07T20:09:30 IST" duration-ms="1446" status="PASS">
          <params>
            <param index="0">
              <value>
                <![CDATA["TC_006 Click on Service"]]>
              </value>
            </param>
            <param index="1">
              <value>
                <![CDATA["HomePage"]]>
              </value>
            </param>
          </params>
          <reporter-output>
          </reporter-output>
        </test-method> <!-- runScenario -->
        <test-method signature="runScenario(io.cucumber.testng.PickleWrapper,io.cucumber.testng.FeatureWrapper)[pri:0, instance:GB_Webapp.TestRunner.Philippines@46944ca9]" started-at="2024-11-07T20:09:30 IST" name="runScenario" description="Runs Cucumber Scenarios" data-provider="scenarios" finished-at="2024-11-07T20:09:31 IST" duration-ms="1636" status="PASS">
          <params>
            <param index="0">
              <value>
                <![CDATA["TC_007 Click on About_hero"]]>
              </value>
            </param>
            <param index="1">
              <value>
                <![CDATA["HomePage"]]>
              </value>
            </param>
          </params>
          <reporter-output>
          </reporter-output>
        </test-method> <!-- runScenario -->
        <test-method signature="runScenario(io.cucumber.testng.PickleWrapper,io.cucumber.testng.FeatureWrapper)[pri:0, instance:GB_Webapp.TestRunner.Philippines@46944ca9]" started-at="2024-11-07T20:09:31 IST" name="runScenario" description="Runs Cucumber Scenarios" data-provider="scenarios" finished-at="2024-11-07T20:09:41 IST" duration-ms="9417" status="PASS">
          <params>
            <param index="0">
              <value>
                <![CDATA["TC_008 Click on country icon"]]>
              </value>
            </param>
            <param index="1">
              <value>
                <![CDATA["HomePage"]]>
              </value>
            </param>
          </params>
          <reporter-output>
          </reporter-output>
        </test-method> <!-- runScenario -->
        <test-method signature="runScenario(io.cucumber.testng.PickleWrapper,io.cucumber.testng.FeatureWrapper)[pri:0, instance:GB_Webapp.TestRunner.Philippines@46944ca9]" started-at="2024-11-07T20:09:41 IST" name="runScenario" description="Runs Cucumber Scenarios" data-provider="scenarios" finished-at="2024-11-07T20:09:42 IST" duration-ms="898" status="PASS">
          <params>
            <param index="0">
              <value>
                <![CDATA["TC_009 Verify home page text content"]]>
              </value>
            </param>
            <param index="1">
              <value>
                <![CDATA["HomePage"]]>
              </value>
            </param>
          </params>
          <reporter-output>
          </reporter-output>
        </test-method> <!-- runScenario -->
        <test-method signature="runScenario(io.cucumber.testng.PickleWrapper,io.cucumber.testng.FeatureWrapper)[pri:0, instance:GB_Webapp.TestRunner.Philippines@46944ca9]" started-at="2024-11-07T20:09:42 IST" name="runScenario" description="Runs Cucumber Scenarios" data-provider="scenarios" finished-at="2024-11-07T20:09:49 IST" duration-ms="6860" status="PASS">
          <params>
            <param index="0">
              <value>
                <![CDATA["TC_010 Verify home page premium and scooter bikes"]]>
              </value>
            </param>
            <param index="1">
              <value>
                <![CDATA["HomePage"]]>
              </value>
            </param>
          </params>
          <reporter-output>
          </reporter-output>
        </test-method> <!-- runScenario -->
        <test-method signature="runScenario(io.cucumber.testng.PickleWrapper,io.cucumber.testng.FeatureWrapper)[pri:0, instance:GB_Webapp.TestRunner.Philippines@46944ca9]" started-at="2024-11-07T20:09:49 IST" name="runScenario" description="Runs Cucumber Scenarios" data-provider="scenarios" finished-at="2024-11-07T20:10:20 IST" duration-ms="31619" status="PASS">
          <params>
            <param index="0">
              <value>
                <![CDATA["TC_011 Verify home page Xpulse2004V bike expanded card under premium icon"]]>
              </value>
            </param>
            <param index="1">
              <value>
                <![CDATA["HomePage"]]>
              </value>
            </param>
          </params>
          <reporter-output>
          </reporter-output>
        </test-method> <!-- runScenario -->
        <test-method signature="runScenario(io.cucumber.testng.PickleWrapper,io.cucumber.testng.FeatureWrapper)[pri:0, instance:GB_Webapp.TestRunner.Philippines@46944ca9]" started-at="2024-11-07T20:10:20 IST" name="runScenario" description="Runs Cucumber Scenarios" data-provider="scenarios" finished-at="2024-11-07T20:10:53 IST" duration-ms="32243" status="PASS">
          <params>
            <param index="0">
              <value>
                <![CDATA["TC_012 Verify home page Hunk160R4V bike expanded card under premium icon"]]>
              </value>
            </param>
            <param index="1">
              <value>
                <![CDATA["HomePage"]]>
              </value>
            </param>
          </params>
          <reporter-output>
          </reporter-output>
        </test-method> <!-- runScenario -->
        <test-method signature="runScenario(io.cucumber.testng.PickleWrapper,io.cucumber.testng.FeatureWrapper)[pri:0, instance:GB_Webapp.TestRunner.Philippines@46944ca9]" started-at="2024-11-07T20:10:53 IST" name="runScenario" description="Runs Cucumber Scenarios" data-provider="scenarios" finished-at="2024-11-07T20:11:22 IST" duration-ms="29800" status="PASS">
          <params>
            <param index="0">
              <value>
                <![CDATA["TC_013 Verify home page Xoom110 bike expanded card under scooter icon"]]>
              </value>
            </param>
            <param index="1">
              <value>
                <![CDATA["HomePage"]]>
              </value>
            </param>
          </params>
          <reporter-output>
          </reporter-output>
        </test-method> <!-- runScenario -->
        <test-method signature="runScenario(io.cucumber.testng.PickleWrapper,io.cucumber.testng.FeatureWrapper)[pri:0, instance:GB_Webapp.TestRunner.Philippines@46944ca9]" started-at="2024-11-07T20:11:22 IST" name="runScenario" description="Runs Cucumber Scenarios" data-provider="scenarios" finished-at="2024-11-07T20:11:26 IST" duration-ms="3897" status="PASS">
          <params>
            <param index="0">
              <value>
                <![CDATA["TC_014 Verify home page promotion banner"]]>
              </value>
            </param>
            <param index="1">
              <value>
                <![CDATA["HomePage"]]>
              </value>
            </param>
          </params>
          <reporter-output>
          </reporter-output>
        </test-method> <!-- runScenario -->
        <test-method signature="runScenario(io.cucumber.testng.PickleWrapper,io.cucumber.testng.FeatureWrapper)[pri:0, instance:GB_Webapp.TestRunner.Philippines@46944ca9]" started-at="2024-11-07T20:11:26 IST" name="runScenario" description="Runs Cucumber Scenarios" data-provider="scenarios" finished-at="2024-11-07T20:11:28 IST" duration-ms="1454" status="PASS">
          <params>
            <param index="0">
              <value>
                <![CDATA["TC_015 Verify home page let us call you back form mandatory field"]]>
              </value>
            </param>
            <param index="1">
              <value>
                <![CDATA["HomePage"]]>
              </value>
            </param>
          </params>
          <reporter-output>
          </reporter-output>
        </test-method> <!-- runScenario -->
        <test-method signature="runScenario(io.cucumber.testng.PickleWrapper,io.cucumber.testng.FeatureWrapper)[pri:0, instance:GB_Webapp.TestRunner.Philippines@46944ca9]" started-at="2024-11-07T20:11:28 IST" name="runScenario" description="Runs Cucumber Scenarios" data-provider="scenarios" finished-at="2024-11-07T20:11:34 IST" duration-ms="5886" status="PASS">
          <params>
            <param index="0">
              <value>
                <![CDATA["TC_016 Successfully fill home page let us call you back form"]]>
              </value>
            </param>
            <param index="1">
              <value>
                <![CDATA["HomePage"]]>
              </value>
            </param>
          </params>
          <reporter-output>
          </reporter-output>
        </test-method> <!-- runScenario -->
        <test-method signature="runScenario(io.cucumber.testng.PickleWrapper,io.cucumber.testng.FeatureWrapper)[pri:0, instance:GB_Webapp.TestRunner.Philippines@46944ca9]" started-at="2024-11-07T20:11:34 IST" name="runScenario" description="Runs Cucumber Scenarios" data-provider="scenarios" finished-at="2024-11-07T20:11:35 IST" duration-ms="1458" status="PASS">
          <params>
            <param index="0">
              <value>
                <![CDATA["TC_017 Verify home page marketing advertisement banner text"]]>
              </value>
            </param>
            <param index="1">
              <value>
                <![CDATA["HomePage"]]>
              </value>
            </param>
          </params>
          <reporter-output>
          </reporter-output>
        </test-method> <!-- runScenario -->
        <test-method signature="runScenario(io.cucumber.testng.PickleWrapper,io.cucumber.testng.FeatureWrapper)[pri:0, instance:GB_Webapp.TestRunner.Philippines@46944ca9]" started-at="2024-11-07T20:11:35 IST" name="runScenario" description="Runs Cucumber Scenarios" data-provider="scenarios" finished-at="2024-11-07T20:11:49 IST" duration-ms="13592" status="PASS">
          <params>
            <param index="0">
              <value>
                <![CDATA["TC_018 Verify home page footer link inside the product all icons rediretions"]]>
              </value>
            </param>
            <param index="1">
              <value>
                <![CDATA["HomePage"]]>
              </value>
            </param>
          </params>
          <reporter-output>
          </reporter-output>
        </test-method> <!-- runScenario -->
        <test-method signature="runScenario(io.cucumber.testng.PickleWrapper,io.cucumber.testng.FeatureWrapper)[pri:0, instance:GB_Webapp.TestRunner.Philippines@46944ca9]" started-at="2024-11-07T20:11:49 IST" name="runScenario" description="Runs Cucumber Scenarios" data-provider="scenarios" finished-at="2024-11-07T20:12:00 IST" duration-ms="11517" status="PASS">
          <params>
            <param index="0">
              <value>
                <![CDATA["TC_019 Verify home page footer link inside the support all icons rediretions"]]>
              </value>
            </param>
            <param index="1">
              <value>
                <![CDATA["HomePage"]]>
              </value>
            </param>
          </params>
          <reporter-output>
          </reporter-output>
        </test-method> <!-- runScenario -->
        <test-method signature="runScenario(io.cucumber.testng.PickleWrapper,io.cucumber.testng.FeatureWrapper)[pri:0, instance:GB_Webapp.TestRunner.Philippines@46944ca9]" started-at="2024-11-07T20:12:00 IST" name="runScenario" description="Runs Cucumber Scenarios" data-provider="scenarios" finished-at="2024-11-07T20:12:06 IST" duration-ms="5916" status="PASS">
          <params>
            <param index="0">
              <value>
                <![CDATA["TC_020 Verify home page footer link facebook and instagram logo"]]>
              </value>
            </param>
            <param index="1">
              <value>
                <![CDATA["HomePage"]]>
              </value>
            </param>
          </params>
          <reporter-output>
          </reporter-output>
        </test-method> <!-- runScenario -->
        <test-method signature="runScenario(io.cucumber.testng.PickleWrapper,io.cucumber.testng.FeatureWrapper)[pri:0, instance:GB_Webapp.TestRunner.Philippines@46944ca9]" started-at="2024-11-07T20:12:06 IST" name="runScenario" description="Runs Cucumber Scenarios" data-provider="scenarios" finished-at="2024-11-07T20:12:19 IST" duration-ms="12477" status="PASS">
          <params>
            <param index="0">
              <value>
                <![CDATA["TC_021 Verify home page request a call back popup form mandatory field"]]>
              </value>
            </param>
            <param index="1">
              <value>
                <![CDATA["HomePage"]]>
              </value>
            </param>
          </params>
          <reporter-output>
          </reporter-output>
        </test-method> <!-- runScenario -->
        <test-method signature="runScenario(io.cucumber.testng.PickleWrapper,io.cucumber.testng.FeatureWrapper)[pri:0, instance:GB_Webapp.TestRunner.Philippines@46944ca9]" started-at="2024-11-07T20:12:19 IST" name="runScenario" description="Runs Cucumber Scenarios" data-provider="scenarios" finished-at="2024-11-07T20:12:43 IST" duration-ms="23927" status="FAIL">
          <params>
            <param index="0">
              <value>
                <![CDATA["TC_022 Successfully fill home page let us call you back popup form"]]>
              </value>
            </param>
            <param index="1">
              <value>
                <![CDATA["HomePage"]]>
              </value>
            </param>
          </params>
          <exception class="java.lang.AssertionError">
            <message>
              <![CDATA[Unable to click element : Select city  --  Proxy element for: DefaultElementLocator 'By.xpath: (//span[normalize-space()='ALBAY'])[2]'  --  org.openqa.selenium.NoSuchElementException: no such element: Unable to locate element: {"method":"xpath","selector":"(//span[normalize-space()='ALBAY'])[2]"}
  (Session info: chrome=130.0.6723.116)
For documentation on this error, please visit: https://www.selenium.dev/documentation/webdriver/troubleshooting/errors#no-such-element-exception
Build info: version: '4.13.0', revision: 'ba948ece5b*'
System info: os.name: 'Windows 10', os.arch: 'amd64', os.version: '10.0', java.version: '22.0.1'
Driver info: org.openqa.selenium.chrome.ChromeDriver
Command: [b26e8e3fbf4173f308b2d6b2749bae44, findElement {using=xpath, value=(//span[normalize-space()='ALBAY'])[2]}]
Capabilities {acceptInsecureCerts: false, browserName: chrome, browserVersion: 130.0.6723.116, chrome: {chromedriverVersion: 130.0.6723.116 (6ac35f94ae3..., userDataDir: C:\Users\QA\AppData\Local\T...}, fedcm:accounts: true, goog:chromeOptions: {debuggerAddress: localhost:60428}, networkConnectionEnabled: false, pageLoadStrategy: normal, platformName: windows, proxy: Proxy(), se:cdp: ws://localhost:60428/devtoo..., se:cdpVersion: 130.0.6723.116, setWindowRect: true, strictFileInteractability: false, timeouts: {implicit: 0, pageLoad: 300000, script: 30000}, unhandledPromptBehavior: dismiss and notify, webauthn:extension:credBlob: true, webauthn:extension:largeBlob: true, webauthn:extension:minPinLength: true, webauthn:extension:prf: true, webauthn:virtualAuthenticators: true}
Session ID: b26e8e3fbf4173f308b2d6b2749bae44 expected [true] but found [false]]]>
            </message>
            <full-stacktrace>
              <![CDATA[java.lang.AssertionError: Unable to click element : Select city  --  Proxy element for: DefaultElementLocator 'By.xpath: (//span[normalize-space()='ALBAY'])[2]'  --  org.openqa.selenium.NoSuchElementException: no such element: Unable to locate element: {"method":"xpath","selector":"(//span[normalize-space()='ALBAY'])[2]"}
  (Session info: chrome=130.0.6723.116)
For documentation on this error, please visit: https://www.selenium.dev/documentation/webdriver/troubleshooting/errors#no-such-element-exception
Build info: version: '4.13.0', revision: 'ba948ece5b*'
System info: os.name: 'Windows 10', os.arch: 'amd64', os.version: '10.0', java.version: '22.0.1'
Driver info: org.openqa.selenium.chrome.ChromeDriver
Command: [b26e8e3fbf4173f308b2d6b2749bae44, findElement {using=xpath, value=(//span[normalize-space()='ALBAY'])[2]}]
Capabilities {acceptInsecureCerts: false, browserName: chrome, browserVersion: 130.0.6723.116, chrome: {chromedriverVersion: 130.0.6723.116 (6ac35f94ae3..., userDataDir: C:\Users\QA\AppData\Local\T...}, fedcm:accounts: true, goog:chromeOptions: {debuggerAddress: localhost:60428}, networkConnectionEnabled: false, pageLoadStrategy: normal, platformName: windows, proxy: Proxy(), se:cdp: ws://localhost:60428/devtoo..., se:cdpVersion: 130.0.6723.116, setWindowRect: true, strictFileInteractability: false, timeouts: {implicit: 0, pageLoad: 300000, script: 30000}, unhandledPromptBehavior: dismiss and notify, webauthn:extension:credBlob: true, webauthn:extension:largeBlob: true, webauthn:extension:minPinLength: true, webauthn:extension:prf: true, webauthn:virtualAuthenticators: true}
Session ID: b26e8e3fbf4173f308b2d6b2749bae44 expected [true] but found [false]
at org.testng.Assert.fail(Assert.java:110)
at org.testng.Assert.failNotEquals(Assert.java:1577)
at org.testng.Assert.assertTrue(Assert.java:56)
at GB_Webapp.Utility.Library.click(Library.java:38)
at GB_Webapp.Page.HomePage.select_city1(HomePage.java:849)
at GB_Webapp.StepDefinition.HomePageTest.select_city_in_dropdown(HomePageTest.java:284)
at ✽.select city in dropdown "city1"(file:///C:/Users/QA/OneDrive/Documents/Zoom/Intellij_trial/Hero_GB_WebApp_UI_Testing_BDD/./FeatureFilesPhilippines/01_HomePage.feature:123)
]]>
            </full-stacktrace>
          </exception> <!-- java.lang.AssertionError -->
          <reporter-output>
          </reporter-output>
        </test-method> <!-- runScenario -->
        <test-method is-config="true" signature="tearDownClass()[pri:0, instance:GB_Webapp.TestRunner.Philippines@46944ca9]" started-at="2024-11-07T20:12:43 IST" name="tearDownClass" finished-at="2024-11-07T20:12:44 IST" duration-ms="1452" status="PASS">
          <reporter-output>
          </reporter-output>
        </test-method> <!-- tearDownClass -->
      </class> <!-- GB_Webapp.TestRunner.Philippines -->
    </test> <!-- Default test -->
  </suite> <!-- Default suite -->
</testng-results>
