<?xml version="1.0" encoding="UTF-8"?>
<testng-results ignored="0" total="5" passed="5" failed="0" skipped="0">
  <reporter-output>
  </reporter-output>
  <suite started-at="2024-11-19T00:05:59 IST" name="Default suite" finished-at="2024-11-19T00:06:21 IST" duration-ms="21940">
    <groups>
      <group name="cucumber">
        <method signature="AbstractTestNGCucumberTests.runScenario(io.cucumber.testng.PickleWrapper,io.cucumber.testng.FeatureWrapper)[pri:0, instance:GB_Webapp.TestRunner.Bangladesh@46944ca9]" name="runScenario" class="io.cucumber.testng.AbstractTestNGCucumberTests"/>
      </group> <!-- cucumber -->
    </groups>
    <test started-at="2024-11-19T00:05:59 IST" name="Default test" finished-at="2024-11-19T00:06:21 IST" duration-ms="21940">
      <class name="GB_Webapp.TestRunner.Bangladesh">
        <test-method is-config="true" signature="setUpClass(org.testng.ITestContext)[pri:0, instance:GB_Webapp.TestRunner.Bangladesh@46944ca9]" started-at="2024-11-19T00:05:59 IST" name="setUpClass" finished-at="2024-11-19T00:06:06 IST" duration-ms="6844" status="PASS">
          <params>
            <param index="0">
              <value>
                <![CDATA[org.testng.TestRunner@32245b66]]>
              </value>
            </param>
          </params>
          <reporter-output>
          </reporter-output>
        </test-method> <!-- setUpClass -->
        <test-method signature="runScenario(io.cucumber.testng.PickleWrapper,io.cucumber.testng.FeatureWrapper)[pri:0, instance:GB_Webapp.TestRunner.Bangladesh@46944ca9]" started-at="2024-11-19T00:06:06 IST" name="runScenario" description="Runs Cucumber Scenarios" data-provider="scenarios" finished-at="2024-11-19T00:06:12 IST" duration-ms="6222" status="PASS">
          <params>
            <param index="0">
              <value>
                <![CDATA["TC_011 Verify home page new launch all bikes"]]>
              </value>
            </param>
            <param index="1">
              <value>
                <![CDATA["HomePage"]]>
              </value>
            </param>
          </params>
          <reporter-output>
          </reporter-output>
        </test-method> <!-- runScenario -->
        <test-method signature="runScenario(io.cucumber.testng.PickleWrapper,io.cucumber.testng.FeatureWrapper)[pri:0, instance:GB_Webapp.TestRunner.Bangladesh@46944ca9]" started-at="2024-11-19T00:06:12 IST" name="runScenario" description="Runs Cucumber Scenarios" data-provider="scenarios" finished-at="2024-11-19T00:06:14 IST" duration-ms="2294" status="PASS">
          <params>
            <param index="0">
              <value>
                <![CDATA["TC_012 Verify home page commuter all bikes"]]>
              </value>
            </param>
            <param index="1">
              <value>
                <![CDATA["HomePage"]]>
              </value>
            </param>
          </params>
          <reporter-output>
          </reporter-output>
        </test-method> <!-- runScenario -->
        <test-method signature="runScenario(io.cucumber.testng.PickleWrapper,io.cucumber.testng.FeatureWrapper)[pri:0, instance:GB_Webapp.TestRunner.Bangladesh@46944ca9]" started-at="2024-11-19T00:06:14 IST" name="runScenario" description="Runs Cucumber Scenarios" data-provider="scenarios" finished-at="2024-11-19T00:06:16 IST" duration-ms="1750" status="PASS">
          <params>
            <param index="0">
              <value>
                <![CDATA["TC_013 Verify home page executive all bikes"]]>
              </value>
            </param>
            <param index="1">
              <value>
                <![CDATA["HomePage"]]>
              </value>
            </param>
          </params>
          <reporter-output>
          </reporter-output>
        </test-method> <!-- runScenario -->
        <test-method signature="runScenario(io.cucumber.testng.PickleWrapper,io.cucumber.testng.FeatureWrapper)[pri:0, instance:GB_Webapp.TestRunner.Bangladesh@46944ca9]" started-at="2024-11-19T00:06:16 IST" name="runScenario" description="Runs Cucumber Scenarios" data-provider="scenarios" finished-at="2024-11-19T00:06:18 IST" duration-ms="2034" status="PASS">
          <params>
            <param index="0">
              <value>
                <![CDATA["TC_014 Verify home page premium bikes"]]>
              </value>
            </param>
            <param index="1">
              <value>
                <![CDATA["HomePage"]]>
              </value>
            </param>
          </params>
          <reporter-output>
          </reporter-output>
        </test-method> <!-- runScenario -->
        <test-method signature="runScenario(io.cucumber.testng.PickleWrapper,io.cucumber.testng.FeatureWrapper)[pri:0, instance:GB_Webapp.TestRunner.Bangladesh@46944ca9]" started-at="2024-11-19T00:06:18 IST" name="runScenario" description="Runs Cucumber Scenarios" data-provider="scenarios" finished-at="2024-11-19T00:06:19 IST" duration-ms="1457" status="PASS">
          <params>
            <param index="0">
              <value>
                <![CDATA["TC_015 Verify home page all scooter"]]>
              </value>
            </param>
            <param index="1">
              <value>
                <![CDATA["HomePage"]]>
              </value>
            </param>
          </params>
          <reporter-output>
          </reporter-output>
        </test-method> <!-- runScenario -->
        <test-method is-config="true" signature="tearDownClass()[pri:0, instance:GB_Webapp.TestRunner.Bangladesh@46944ca9]" started-at="2024-11-19T00:06:19 IST" name="tearDownClass" finished-at="2024-11-19T00:06:21 IST" duration-ms="1181" status="PASS">
          <reporter-output>
          </reporter-output>
        </test-method> <!-- tearDownClass -->
      </class> <!-- GB_Webapp.TestRunner.Bangladesh -->
    </test> <!-- Default test -->
  </suite> <!-- Default suite -->
</testng-results>
