<?xml version="1.0" encoding="UTF-8"?>
<testng-results ignored="0" total="42" passed="38" failed="4" skipped="0">
  <reporter-output>
  </reporter-output>
  <suite started-at="2024-12-02T12:55:14 IST" name="Default suite" finished-at="2024-12-02T13:03:28 IST" duration-ms="493769">
    <groups>
      <group name="cucumber">
        <method signature="AbstractTestNGCucumberTests.runScenario(io.cucumber.testng.PickleWrapper,io.cucumber.testng.FeatureWrapper)[pri:0, instance:GB_Webapp.TestRunner.Nepal@46944ca9]" name="runScenario" class="io.cucumber.testng.AbstractTestNGCucumberTests"/>
      </group> <!-- cucumber -->
    </groups>
    <test started-at="2024-12-02T12:55:14 IST" name="Default test" finished-at="2024-12-02T13:03:28 IST" duration-ms="493769">
      <class name="GB_Webapp.TestRunner.Nepal">
        <test-method is-config="true" signature="setUpClass(org.testng.ITestContext)[pri:0, instance:GB_Webapp.TestRunner.Nepal@46944ca9]" started-at="2024-12-02T12:55:14 IST" name="setUpClass" finished-at="2024-12-02T12:55:21 IST" duration-ms="6583" status="PASS">
          <params>
            <param index="0">
              <value>
                <![CDATA[org.testng.TestRunner@35cc869b]]>
              </value>
            </param>
          </params>
          <reporter-output>
          </reporter-output>
        </test-method> <!-- setUpClass -->
        <test-method signature="runScenario(io.cucumber.testng.PickleWrapper,io.cucumber.testng.FeatureWrapper)[pri:0, instance:GB_Webapp.TestRunner.Nepal@46944ca9]" started-at="2024-12-02T12:55:21 IST" name="runScenario" description="Runs Cucumber Scenarios" data-provider="scenarios" finished-at="2024-12-02T12:55:26 IST" duration-ms="5171" status="PASS">
          <params>
            <param index="0">
              <value>
                <![CDATA["TC_001 Successfully open global website link"]]>
              </value>
            </param>
            <param index="1">
              <value>
                <![CDATA["HomePage"]]>
              </value>
            </param>
          </params>
          <reporter-output>
          </reporter-output>
        </test-method> <!-- runScenario -->
        <test-method signature="runScenario(io.cucumber.testng.PickleWrapper,io.cucumber.testng.FeatureWrapper)[pri:0, instance:GB_Webapp.TestRunner.Nepal@46944ca9]" started-at="2024-12-02T12:55:26 IST" name="runScenario" description="Runs Cucumber Scenarios" data-provider="scenarios" finished-at="2024-12-02T12:55:27 IST" duration-ms="1426" status="PASS">
          <params>
            <param index="0">
              <value>
                <![CDATA["TC_002 Successfully verify all header menu icons"]]>
              </value>
            </param>
            <param index="1">
              <value>
                <![CDATA["HomePage"]]>
              </value>
            </param>
          </params>
          <reporter-output>
          </reporter-output>
        </test-method> <!-- runScenario -->
        <test-method signature="runScenario(io.cucumber.testng.PickleWrapper,io.cucumber.testng.FeatureWrapper)[pri:0, instance:GB_Webapp.TestRunner.Nepal@46944ca9]" started-at="2024-12-02T12:55:27 IST" name="runScenario" description="Runs Cucumber Scenarios" data-provider="scenarios" finished-at="2024-12-02T12:55:28 IST" duration-ms="693" status="PASS">
          <params>
            <param index="0">
              <value>
                <![CDATA["TC_003 Click on Product"]]>
              </value>
            </param>
            <param index="1">
              <value>
                <![CDATA["HomePage"]]>
              </value>
            </param>
          </params>
          <reporter-output>
          </reporter-output>
        </test-method> <!-- runScenario -->
        <test-method signature="runScenario(io.cucumber.testng.PickleWrapper,io.cucumber.testng.FeatureWrapper)[pri:0, instance:GB_Webapp.TestRunner.Nepal@46944ca9]" started-at="2024-12-02T12:55:28 IST" name="runScenario" description="Runs Cucumber Scenarios" data-provider="scenarios" finished-at="2024-12-02T12:55:31 IST" duration-ms="3224" status="PASS">
          <params>
            <param index="0">
              <value>
                <![CDATA["TC_004 Click on Dealers"]]>
              </value>
            </param>
            <param index="1">
              <value>
                <![CDATA["HomePage"]]>
              </value>
            </param>
          </params>
          <reporter-output>
          </reporter-output>
        </test-method> <!-- runScenario -->
        <test-method signature="runScenario(io.cucumber.testng.PickleWrapper,io.cucumber.testng.FeatureWrapper)[pri:0, instance:GB_Webapp.TestRunner.Nepal@46944ca9]" started-at="2024-12-02T12:55:31 IST" name="runScenario" description="Runs Cucumber Scenarios" data-provider="scenarios" finished-at="2024-12-02T12:55:32 IST" duration-ms="660" status="PASS">
          <params>
            <param index="0">
              <value>
                <![CDATA["TC_005 Click on Service"]]>
              </value>
            </param>
            <param index="1">
              <value>
                <![CDATA["HomePage"]]>
              </value>
            </param>
          </params>
          <reporter-output>
          </reporter-output>
        </test-method> <!-- runScenario -->
        <test-method signature="runScenario(io.cucumber.testng.PickleWrapper,io.cucumber.testng.FeatureWrapper)[pri:0, instance:GB_Webapp.TestRunner.Nepal@46944ca9]" started-at="2024-12-02T12:55:32 IST" name="runScenario" description="Runs Cucumber Scenarios" data-provider="scenarios" finished-at="2024-12-02T12:55:35 IST" duration-ms="2755" status="PASS">
          <params>
            <param index="0">
              <value>
                <![CDATA["TC_006 Click on Hero_world"]]>
              </value>
            </param>
            <param index="1">
              <value>
                <![CDATA["HomePage"]]>
              </value>
            </param>
          </params>
          <reporter-output>
          </reporter-output>
        </test-method> <!-- runScenario -->
        <test-method signature="runScenario(io.cucumber.testng.PickleWrapper,io.cucumber.testng.FeatureWrapper)[pri:0, instance:GB_Webapp.TestRunner.Nepal@46944ca9]" started-at="2024-12-02T12:55:35 IST" name="runScenario" description="Runs Cucumber Scenarios" data-provider="scenarios" finished-at="2024-12-02T12:55:36 IST" duration-ms="939" status="PASS">
          <params>
            <param index="0">
              <value>
                <![CDATA["TC_007 Click on About_hero"]]>
              </value>
            </param>
            <param index="1">
              <value>
                <![CDATA["HomePage"]]>
              </value>
            </param>
          </params>
          <reporter-output>
          </reporter-output>
        </test-method> <!-- runScenario -->
        <test-method signature="runScenario(io.cucumber.testng.PickleWrapper,io.cucumber.testng.FeatureWrapper)[pri:0, instance:GB_Webapp.TestRunner.Nepal@46944ca9]" started-at="2024-12-02T12:55:36 IST" name="runScenario" description="Runs Cucumber Scenarios" data-provider="scenarios" finished-at="2024-12-02T12:55:40 IST" duration-ms="4483" status="PASS">
          <params>
            <param index="0">
              <value>
                <![CDATA["TC_008 Click on Company_logo"]]>
              </value>
            </param>
            <param index="1">
              <value>
                <![CDATA["HomePage"]]>
              </value>
            </param>
          </params>
          <reporter-output>
          </reporter-output>
        </test-method> <!-- runScenario -->
        <test-method signature="runScenario(io.cucumber.testng.PickleWrapper,io.cucumber.testng.FeatureWrapper)[pri:0, instance:GB_Webapp.TestRunner.Nepal@46944ca9]" started-at="2024-12-02T12:55:40 IST" name="runScenario" description="Runs Cucumber Scenarios" data-provider="scenarios" finished-at="2024-12-02T12:55:48 IST" duration-ms="7728" status="PASS">
          <params>
            <param index="0">
              <value>
                <![CDATA["TC_009 Click on country icon and select any country"]]>
              </value>
            </param>
            <param index="1">
              <value>
                <![CDATA["HomePage"]]>
              </value>
            </param>
          </params>
          <reporter-output>
          </reporter-output>
        </test-method> <!-- runScenario -->
        <test-method signature="runScenario(io.cucumber.testng.PickleWrapper,io.cucumber.testng.FeatureWrapper)[pri:0, instance:GB_Webapp.TestRunner.Nepal@46944ca9]" started-at="2024-12-02T12:55:48 IST" name="runScenario" description="Runs Cucumber Scenarios" data-provider="scenarios" finished-at="2024-12-02T12:55:48 IST" duration-ms="528" status="PASS">
          <params>
            <param index="0">
              <value>
                <![CDATA["TC_010 Verify home page text content"]]>
              </value>
            </param>
            <param index="1">
              <value>
                <![CDATA["HomePage"]]>
              </value>
            </param>
          </params>
          <reporter-output>
          </reporter-output>
        </test-method> <!-- runScenario -->
        <test-method signature="runScenario(io.cucumber.testng.PickleWrapper,io.cucumber.testng.FeatureWrapper)[pri:0, instance:GB_Webapp.TestRunner.Nepal@46944ca9]" started-at="2024-12-02T12:55:48 IST" name="runScenario" description="Runs Cucumber Scenarios" data-provider="scenarios" finished-at="2024-12-02T12:55:57 IST" duration-ms="8496" status="PASS">
          <params>
            <param index="0">
              <value>
                <![CDATA["TC_011 Verify home page commuter all bikes"]]>
              </value>
            </param>
            <param index="1">
              <value>
                <![CDATA["HomePage"]]>
              </value>
            </param>
          </params>
          <reporter-output>
          </reporter-output>
        </test-method> <!-- runScenario -->
        <test-method signature="runScenario(io.cucumber.testng.PickleWrapper,io.cucumber.testng.FeatureWrapper)[pri:0, instance:GB_Webapp.TestRunner.Nepal@46944ca9]" started-at="2024-12-02T12:55:57 IST" name="runScenario" description="Runs Cucumber Scenarios" data-provider="scenarios" finished-at="2024-12-02T12:56:06 IST" duration-ms="9131" status="PASS">
          <params>
            <param index="0">
              <value>
                <![CDATA["TC_012 Verify home page premium bikes"]]>
              </value>
            </param>
            <param index="1">
              <value>
                <![CDATA["HomePage"]]>
              </value>
            </param>
          </params>
          <reporter-output>
          </reporter-output>
        </test-method> <!-- runScenario -->
        <test-method signature="runScenario(io.cucumber.testng.PickleWrapper,io.cucumber.testng.FeatureWrapper)[pri:0, instance:GB_Webapp.TestRunner.Nepal@46944ca9]" started-at="2024-12-02T12:56:06 IST" name="runScenario" description="Runs Cucumber Scenarios" data-provider="scenarios" finished-at="2024-12-02T12:56:16 IST" duration-ms="9564" status="PASS">
          <params>
            <param index="0">
              <value>
                <![CDATA["TC_013 Verify home page all scooter"]]>
              </value>
            </param>
            <param index="1">
              <value>
                <![CDATA["HomePage"]]>
              </value>
            </param>
          </params>
          <reporter-output>
          </reporter-output>
        </test-method> <!-- runScenario -->
        <test-method signature="runScenario(io.cucumber.testng.PickleWrapper,io.cucumber.testng.FeatureWrapper)[pri:0, instance:GB_Webapp.TestRunner.Nepal@46944ca9]" started-at="2024-12-02T12:56:16 IST" name="runScenario" description="Runs Cucumber Scenarios" data-provider="scenarios" finished-at="2024-12-02T12:56:34 IST" duration-ms="18094" status="PASS">
          <params>
            <param index="0">
              <value>
                <![CDATA["TC_014 Verify home page Splendor_Plus bike expanded card under Commuter icon"]]>
              </value>
            </param>
            <param index="1">
              <value>
                <![CDATA["HomePage"]]>
              </value>
            </param>
          </params>
          <reporter-output>
          </reporter-output>
        </test-method> <!-- runScenario -->
        <test-method signature="runScenario(io.cucumber.testng.PickleWrapper,io.cucumber.testng.FeatureWrapper)[pri:0, instance:GB_Webapp.TestRunner.Nepal@46944ca9]" started-at="2024-12-02T12:56:34 IST" name="runScenario" description="Runs Cucumber Scenarios" data-provider="scenarios" finished-at="2024-12-02T12:56:52 IST" duration-ms="18522" status="PASS">
          <params>
            <param index="0">
              <value>
                <![CDATA["TC_015 Verify home page Super_Splendor bike expanded card under Commuter icon"]]>
              </value>
            </param>
            <param index="1">
              <value>
                <![CDATA["HomePage"]]>
              </value>
            </param>
          </params>
          <reporter-output>
          </reporter-output>
        </test-method> <!-- runScenario -->
        <test-method signature="runScenario(io.cucumber.testng.PickleWrapper,io.cucumber.testng.FeatureWrapper)[pri:0, instance:GB_Webapp.TestRunner.Nepal@46944ca9]" started-at="2024-12-02T12:56:52 IST" name="runScenario" description="Runs Cucumber Scenarios" data-provider="scenarios" finished-at="2024-12-02T12:57:23 IST" duration-ms="30576" status="PASS">
          <params>
            <param index="0">
              <value>
                <![CDATA["TC_016 Verify home page Xpulse2004V bike expanded card under Premium icon"]]>
              </value>
            </param>
            <param index="1">
              <value>
                <![CDATA["HomePage"]]>
              </value>
            </param>
          </params>
          <reporter-output>
          </reporter-output>
        </test-method> <!-- runScenario -->
        <test-method signature="runScenario(io.cucumber.testng.PickleWrapper,io.cucumber.testng.FeatureWrapper)[pri:0, instance:GB_Webapp.TestRunner.Nepal@46944ca9]" started-at="2024-12-02T12:57:23 IST" name="runScenario" description="Runs Cucumber Scenarios" data-provider="scenarios" finished-at="2024-12-02T12:57:43 IST" duration-ms="19841" status="PASS">
          <params>
            <param index="0">
              <value>
                <![CDATA["TC_017 Verify home page Xoom110 bike expanded card under scooter icon"]]>
              </value>
            </param>
            <param index="1">
              <value>
                <![CDATA["HomePage"]]>
              </value>
            </param>
          </params>
          <reporter-output>
          </reporter-output>
        </test-method> <!-- runScenario -->
        <test-method signature="runScenario(io.cucumber.testng.PickleWrapper,io.cucumber.testng.FeatureWrapper)[pri:0, instance:GB_Webapp.TestRunner.Nepal@46944ca9]" started-at="2024-12-02T12:57:43 IST" name="runScenario" description="Runs Cucumber Scenarios" data-provider="scenarios" finished-at="2024-12-02T12:57:47 IST" duration-ms="3995" status="PASS">
          <params>
            <param index="0">
              <value>
                <![CDATA["TC_018 Verify home page promotion banner"]]>
              </value>
            </param>
            <param index="1">
              <value>
                <![CDATA["HomePage"]]>
              </value>
            </param>
          </params>
          <reporter-output>
          </reporter-output>
        </test-method> <!-- runScenario -->
        <test-method signature="runScenario(io.cucumber.testng.PickleWrapper,io.cucumber.testng.FeatureWrapper)[pri:0, instance:GB_Webapp.TestRunner.Nepal@46944ca9]" started-at="2024-12-02T12:57:47 IST" name="runScenario" description="Runs Cucumber Scenarios" data-provider="scenarios" finished-at="2024-12-02T12:57:48 IST" duration-ms="1002" status="PASS">
          <params>
            <param index="0">
              <value>
                <![CDATA["TC_019 Verify home page let us call you back form mandatory field"]]>
              </value>
            </param>
            <param index="1">
              <value>
                <![CDATA["HomePage"]]>
              </value>
            </param>
          </params>
          <reporter-output>
          </reporter-output>
        </test-method> <!-- runScenario -->
        <test-method signature="runScenario(io.cucumber.testng.PickleWrapper,io.cucumber.testng.FeatureWrapper)[pri:0, instance:GB_Webapp.TestRunner.Nepal@46944ca9]" started-at="2024-12-02T12:57:48 IST" name="runScenario" description="Runs Cucumber Scenarios" data-provider="scenarios" finished-at="2024-12-02T12:57:51 IST" duration-ms="3267" status="PASS">
          <params>
            <param index="0">
              <value>
                <![CDATA["TC_020 Successfully fill home page let us call you back form"]]>
              </value>
            </param>
            <param index="1">
              <value>
                <![CDATA["HomePage"]]>
              </value>
            </param>
          </params>
          <reporter-output>
          </reporter-output>
        </test-method> <!-- runScenario -->
        <test-method signature="runScenario(io.cucumber.testng.PickleWrapper,io.cucumber.testng.FeatureWrapper)[pri:0, instance:GB_Webapp.TestRunner.Nepal@46944ca9]" started-at="2024-12-02T12:57:51 IST" name="runScenario" description="Runs Cucumber Scenarios" data-provider="scenarios" finished-at="2024-12-02T12:57:52 IST" duration-ms="860" status="PASS">
          <params>
            <param index="0">
              <value>
                <![CDATA["TC_021 Verify home page marketing advertisement banner text"]]>
              </value>
            </param>
            <param index="1">
              <value>
                <![CDATA["HomePage"]]>
              </value>
            </param>
          </params>
          <reporter-output>
          </reporter-output>
        </test-method> <!-- runScenario -->
        <test-method signature="runScenario(io.cucumber.testng.PickleWrapper,io.cucumber.testng.FeatureWrapper)[pri:0, instance:GB_Webapp.TestRunner.Nepal@46944ca9]" started-at="2024-12-02T12:57:52 IST" name="runScenario" description="Runs Cucumber Scenarios" data-provider="scenarios" finished-at="2024-12-02T12:58:15 IST" duration-ms="23232" status="PASS">
          <params>
            <param index="0">
              <value>
                <![CDATA["TC_022 Verify home page footer link inside the product all icons rediretions"]]>
              </value>
            </param>
            <param index="1">
              <value>
                <![CDATA["HomePage"]]>
              </value>
            </param>
          </params>
          <reporter-output>
          </reporter-output>
        </test-method> <!-- runScenario -->
        <test-method signature="runScenario(io.cucumber.testng.PickleWrapper,io.cucumber.testng.FeatureWrapper)[pri:0, instance:GB_Webapp.TestRunner.Nepal@46944ca9]" started-at="2024-12-02T12:58:15 IST" name="runScenario" description="Runs Cucumber Scenarios" data-provider="scenarios" finished-at="2024-12-02T12:58:35 IST" duration-ms="20082" status="FAIL">
          <params>
            <param index="0">
              <value>
                <![CDATA["TC_023 Verify home page footer link inside the support all icons rediretions"]]>
              </value>
            </param>
            <param index="1">
              <value>
                <![CDATA["HomePage"]]>
              </value>
            </param>
          </params>
          <exception class="java.lang.AssertionError">
            <message>
              <![CDATA[Unable to visible field  : Become A Dealer Page  --  Proxy element for: DefaultElementLocator 'By.xpath: //h2[normalize-space()='Become a Dealer']'  --  org.openqa.selenium.NoSuchElementException: no such element: Unable to locate element: {"method":"xpath","selector":"//h2[normalize-space()='Become a Dealer']"}
  (Session info: chrome=131.0.6778.86)
For documentation on this error, please visit: https://www.selenium.dev/documentation/webdriver/troubleshooting/errors#no-such-element-exception
Build info: version: '4.13.0', revision: 'ba948ece5b*'
System info: os.name: 'Windows 10', os.arch: 'amd64', os.version: '10.0', java.version: '22.0.1'
Driver info: org.openqa.selenium.chrome.ChromeDriver
Command: [b956134a066ebe77ef0e167fc703d58b, findElement {using=xpath, value=//h2[normalize-space()='Become a Dealer']}]
Capabilities {acceptInsecureCerts: false, browserName: chrome, browserVersion: 131.0.6778.86, chrome: {chromedriverVersion: 131.0.6778.85 (3d81e41b6f3a..., userDataDir: C:\Users\QA\AppData\Local\T...}, fedcm:accounts: true, goog:chromeOptions: {debuggerAddress: localhost:58922}, networkConnectionEnabled: false, pageLoadStrategy: normal, platformName: windows, proxy: Proxy(), se:cdp: ws://localhost:58922/devtoo..., se:cdpVersion: 131.0.6778.86, setWindowRect: true, strictFileInteractability: false, timeouts: {implicit: 0, pageLoad: 300000, script: 30000}, unhandledPromptBehavior: dismiss and notify, webauthn:extension:credBlob: true, webauthn:extension:largeBlob: true, webauthn:extension:minPinLength: true, webauthn:extension:prf: true, webauthn:virtualAuthenticators: true}
Session ID: b956134a066ebe77ef0e167fc703d58b expected [true] but found [false]]]>
            </message>
            <full-stacktrace>
              <![CDATA[java.lang.AssertionError: Unable to visible field  : Become A Dealer Page  --  Proxy element for: DefaultElementLocator 'By.xpath: //h2[normalize-space()='Become a Dealer']'  --  org.openqa.selenium.NoSuchElementException: no such element: Unable to locate element: {"method":"xpath","selector":"//h2[normalize-space()='Become a Dealer']"}
  (Session info: chrome=131.0.6778.86)
For documentation on this error, please visit: https://www.selenium.dev/documentation/webdriver/troubleshooting/errors#no-such-element-exception
Build info: version: '4.13.0', revision: 'ba948ece5b*'
System info: os.name: 'Windows 10', os.arch: 'amd64', os.version: '10.0', java.version: '22.0.1'
Driver info: org.openqa.selenium.chrome.ChromeDriver
Command: [b956134a066ebe77ef0e167fc703d58b, findElement {using=xpath, value=//h2[normalize-space()='Become a Dealer']}]
Capabilities {acceptInsecureCerts: false, browserName: chrome, browserVersion: 131.0.6778.86, chrome: {chromedriverVersion: 131.0.6778.85 (3d81e41b6f3a..., userDataDir: C:\Users\QA\AppData\Local\T...}, fedcm:accounts: true, goog:chromeOptions: {debuggerAddress: localhost:58922}, networkConnectionEnabled: false, pageLoadStrategy: normal, platformName: windows, proxy: Proxy(), se:cdp: ws://localhost:58922/devtoo..., se:cdpVersion: 131.0.6778.86, setWindowRect: true, strictFileInteractability: false, timeouts: {implicit: 0, pageLoad: 300000, script: 30000}, unhandledPromptBehavior: dismiss and notify, webauthn:extension:credBlob: true, webauthn:extension:largeBlob: true, webauthn:extension:minPinLength: true, webauthn:extension:prf: true, webauthn:virtualAuthenticators: true}
Session ID: b956134a066ebe77ef0e167fc703d58b expected [true] but found [false]
at org.testng.Assert.fail(Assert.java:110)
at org.testng.Assert.failNotEquals(Assert.java:1577)
at org.testng.Assert.assertTrue(Assert.java:56)
at GB_Webapp.Utility.Library.visible_link(Library.java:69)
at GB_Webapp.Page.HomePage.verify_beacome_a_dealer_icon_redirection(HomePage.java:1026)
at GB_Webapp.StepDefinition.HomePageTest.verify_icon_redirection(HomePageTest.java:325)
at ✽.Verify "become_a_dealer" icon redirection(file:///C:/Users/QA/OneDrive/Documents/Zoom/Intellij_trial/Hero_GB_WebApp_UI_Testing_BDD/./AllCountryFeatureFiles/FeatureFilesNepal/01_HomePage.feature:121)
]]>
            </full-stacktrace>
          </exception> <!-- java.lang.AssertionError -->
          <reporter-output>
          </reporter-output>
        </test-method> <!-- runScenario -->
        <test-method signature="runScenario(io.cucumber.testng.PickleWrapper,io.cucumber.testng.FeatureWrapper)[pri:0, instance:GB_Webapp.TestRunner.Nepal@46944ca9]" started-at="2024-12-02T12:58:35 IST" name="runScenario" description="Runs Cucumber Scenarios" data-provider="scenarios" finished-at="2024-12-02T12:58:45 IST" duration-ms="9835" status="PASS">
          <params>
            <param index="0">
              <value>
                <![CDATA["TC_024 Verify home page footer link facebook and instagram logo"]]>
              </value>
            </param>
            <param index="1">
              <value>
                <![CDATA["HomePage"]]>
              </value>
            </param>
          </params>
          <reporter-output>
          </reporter-output>
        </test-method> <!-- runScenario -->
        <test-method signature="runScenario(io.cucumber.testng.PickleWrapper,io.cucumber.testng.FeatureWrapper)[pri:0, instance:GB_Webapp.TestRunner.Nepal@46944ca9]" started-at="2024-12-02T12:58:45 IST" name="runScenario" description="Runs Cucumber Scenarios" data-provider="scenarios" finished-at="2024-12-02T12:58:46 IST" duration-ms="1412" status="PASS">
          <params>
            <param index="0">
              <value>
                <![CDATA["TC_025 Verify home page request a call back popup form mandatory field"]]>
              </value>
            </param>
            <param index="1">
              <value>
                <![CDATA["HomePage"]]>
              </value>
            </param>
          </params>
          <reporter-output>
          </reporter-output>
        </test-method> <!-- runScenario -->
        <test-method signature="runScenario(io.cucumber.testng.PickleWrapper,io.cucumber.testng.FeatureWrapper)[pri:0, instance:GB_Webapp.TestRunner.Nepal@46944ca9]" started-at="2024-12-02T12:58:46 IST" name="runScenario" description="Runs Cucumber Scenarios" data-provider="scenarios" finished-at="2024-12-02T12:58:50 IST" duration-ms="3305" status="PASS">
          <params>
            <param index="0">
              <value>
                <![CDATA["TC_026 Successfully fill home page let us call you back popup form"]]>
              </value>
            </param>
            <param index="1">
              <value>
                <![CDATA["HomePage"]]>
              </value>
            </param>
          </params>
          <reporter-output>
          </reporter-output>
        </test-method> <!-- runScenario -->
        <test-method signature="runScenario(io.cucumber.testng.PickleWrapper,io.cucumber.testng.FeatureWrapper)[pri:0, instance:GB_Webapp.TestRunner.Nepal@46944ca9]" started-at="2024-12-02T12:58:50 IST" name="runScenario" description="Runs Cucumber Scenarios" data-provider="scenarios" finished-at="2024-12-02T12:59:08 IST" duration-ms="17895" status="PASS">
          <params>
            <param index="0">
              <value>
                <![CDATA["TC_027 Verify home page find a dealer icon and redirection"]]>
              </value>
            </param>
            <param index="1">
              <value>
                <![CDATA["HomePage"]]>
              </value>
            </param>
          </params>
          <reporter-output>
          </reporter-output>
        </test-method> <!-- runScenario -->
        <test-method signature="runScenario(io.cucumber.testng.PickleWrapper,io.cucumber.testng.FeatureWrapper)[pri:0, instance:GB_Webapp.TestRunner.Nepal@46944ca9]" started-at="2024-12-02T12:59:08 IST" name="runScenario" description="Runs Cucumber Scenarios" data-provider="scenarios" finished-at="2024-12-02T12:59:19 IST" duration-ms="11718" status="PASS">
          <params>
            <param index="0">
              <value>
                <![CDATA["TC_028 Successfully verify all product image icons"]]>
              </value>
            </param>
            <param index="1">
              <value>
                <![CDATA["HomePage"]]>
              </value>
            </param>
          </params>
          <reporter-output>
          </reporter-output>
        </test-method> <!-- runScenario -->
        <test-method signature="runScenario(io.cucumber.testng.PickleWrapper,io.cucumber.testng.FeatureWrapper)[pri:0, instance:GB_Webapp.TestRunner.Nepal@46944ca9]" started-at="2024-12-02T12:59:19 IST" name="runScenario" description="Runs Cucumber Scenarios" data-provider="scenarios" finished-at="2024-12-02T12:59:32 IST" duration-ms="13181" status="PASS">
          <params>
            <param index="0">
              <value>
                <![CDATA["TC_029 Successfully verify Splendor_Plus bike feature under commuter icon"]]>
              </value>
            </param>
            <param index="1">
              <value>
                <![CDATA["BikeFeature"]]>
              </value>
            </param>
          </params>
          <reporter-output>
          </reporter-output>
        </test-method> <!-- runScenario -->
        <test-method signature="runScenario(io.cucumber.testng.PickleWrapper,io.cucumber.testng.FeatureWrapper)[pri:0, instance:GB_Webapp.TestRunner.Nepal@46944ca9]" started-at="2024-12-02T12:59:32 IST" name="runScenario" description="Runs Cucumber Scenarios" data-provider="scenarios" finished-at="2024-12-02T12:59:45 IST" duration-ms="12730" status="PASS">
          <params>
            <param index="0">
              <value>
                <![CDATA["TC_030 Successfully verify Super_Splendor bike feature under commuter icon"]]>
              </value>
            </param>
            <param index="1">
              <value>
                <![CDATA["BikeFeature"]]>
              </value>
            </param>
          </params>
          <reporter-output>
          </reporter-output>
        </test-method> <!-- runScenario -->
        <test-method signature="runScenario(io.cucumber.testng.PickleWrapper,io.cucumber.testng.FeatureWrapper)[pri:0, instance:GB_Webapp.TestRunner.Nepal@46944ca9]" started-at="2024-12-02T12:59:45 IST" name="runScenario" description="Runs Cucumber Scenarios" data-provider="scenarios" finished-at="2024-12-02T13:00:00 IST" duration-ms="14669" status="PASS">
          <params>
            <param index="0">
              <value>
                <![CDATA["TC_031 Successfully verify Xpulse2004V bike feature under Premium icon"]]>
              </value>
            </param>
            <param index="1">
              <value>
                <![CDATA["BikeFeature"]]>
              </value>
            </param>
          </params>
          <reporter-output>
          </reporter-output>
        </test-method> <!-- runScenario -->
        <test-method signature="runScenario(io.cucumber.testng.PickleWrapper,io.cucumber.testng.FeatureWrapper)[pri:0, instance:GB_Webapp.TestRunner.Nepal@46944ca9]" started-at="2024-12-02T13:00:00 IST" name="runScenario" description="Runs Cucumber Scenarios" data-provider="scenarios" finished-at="2024-12-02T13:01:26 IST" duration-ms="86044" status="FAIL">
          <params>
            <param index="0">
              <value>
                <![CDATA["TC_032 Successfully verify Xoom110 bike feature under Scooter icon"]]>
              </value>
            </param>
            <param index="1">
              <value>
                <![CDATA["BikeFeature"]]>
              </value>
            </param>
          </params>
          <exception class="org.openqa.selenium.TimeoutException">
            <message>
              <![CDATA[timeout: Timed out receiving message from renderer: 14.680
  (Session info: chrome=131.0.6778.86)
Build info: version: '4.13.0', revision: 'ba948ece5b*'
System info: os.name: 'Windows 10', os.arch: 'amd64', os.version: '10.0', java.version: '22.0.1'
Driver info: org.openqa.selenium.chrome.ChromeDriver
Command: [b956134a066ebe77ef0e167fc703d58b, get {url=https://www.heromotocorp.com/en-np.html}]
Capabilities {acceptInsecureCerts: false, browserName: chrome, browserVersion: 131.0.6778.86, chrome: {chromedriverVersion: 131.0.6778.85 (3d81e41b6f3a..., userDataDir: C:\Users\QA\AppData\Local\T...}, fedcm:accounts: true, goog:chromeOptions: {debuggerAddress: localhost:58922}, networkConnectionEnabled: false, pageLoadStrategy: normal, platformName: windows, proxy: Proxy(), se:cdp: ws://localhost:58922/devtoo..., se:cdpVersion: 131.0.6778.86, setWindowRect: true, strictFileInteractability: false, timeouts: {implicit: 0, pageLoad: 300000, script: 30000}, unhandledPromptBehavior: dismiss and notify, webauthn:extension:credBlob: true, webauthn:extension:largeBlob: true, webauthn:extension:minPinLength: true, webauthn:extension:prf: true, webauthn:virtualAuthenticators: true}
Session ID: b956134a066ebe77ef0e167fc703d58b]]>
            </message>
            <full-stacktrace>
              <![CDATA[org.openqa.selenium.TimeoutException: timeout: Timed out receiving message from renderer: 14.680
  (Session info: chrome=131.0.6778.86)
Build info: version: '4.13.0', revision: 'ba948ece5b*'
System info: os.name: 'Windows 10', os.arch: 'amd64', os.version: '10.0', java.version: '22.0.1'
Driver info: org.openqa.selenium.chrome.ChromeDriver
Command: [b956134a066ebe77ef0e167fc703d58b, get {url=https://www.heromotocorp.com/en-np.html}]
Capabilities {acceptInsecureCerts: false, browserName: chrome, browserVersion: 131.0.6778.86, chrome: {chromedriverVersion: 131.0.6778.85 (3d81e41b6f3a..., userDataDir: C:\Users\QA\AppData\Local\T...}, fedcm:accounts: true, goog:chromeOptions: {debuggerAddress: localhost:58922}, networkConnectionEnabled: false, pageLoadStrategy: normal, platformName: windows, proxy: Proxy(), se:cdp: ws://localhost:58922/devtoo..., se:cdpVersion: 131.0.6778.86, setWindowRect: true, strictFileInteractability: false, timeouts: {implicit: 0, pageLoad: 300000, script: 30000}, unhandledPromptBehavior: dismiss and notify, webauthn:extension:credBlob: true, webauthn:extension:largeBlob: true, webauthn:extension:minPinLength: true, webauthn:extension:prf: true, webauthn:virtualAuthenticators: true}
Session ID: b956134a066ebe77ef0e167fc703d58b
at java.base/jdk.internal.reflect.DirectConstructorHandleAccessor.newInstance(DirectConstructorHandleAccessor.java:62)
at java.base/java.lang.reflect.Constructor.newInstanceWithCaller(Constructor.java:502)
at java.base/java.lang.reflect.Constructor.newInstance(Constructor.java:486)
at org.openqa.selenium.remote.codec.w3c.W3CHttpResponseCodec.createException(W3CHttpResponseCodec.java:200)
at org.openqa.selenium.remote.codec.w3c.W3CHttpResponseCodec.decode(W3CHttpResponseCodec.java:133)
at org.openqa.selenium.remote.codec.w3c.W3CHttpResponseCodec.decode(W3CHttpResponseCodec.java:52)
at org.openqa.selenium.remote.HttpCommandExecutor.execute(HttpCommandExecutor.java:191)
at org.openqa.selenium.remote.service.DriverCommandExecutor.invokeExecute(DriverCommandExecutor.java:196)
at org.openqa.selenium.remote.service.DriverCommandExecutor.execute(DriverCommandExecutor.java:171)
at org.openqa.selenium.remote.RemoteWebDriver.execute(RemoteWebDriver.java:602)
at org.openqa.selenium.remote.RemoteWebDriver.get(RemoteWebDriver.java:304)
at GB_Webapp.Utility.Library.open_new_Window_and_close_previous_Window(Library.java:316)
at GB_Webapp.Page.HomePage.user_open_Nepal_website_link(HomePage.java:1237)
at GB_Webapp.StepDefinition.HomePageTest.user_open_website_link(HomePageTest.java:75)
at ✽.User open "Nepal" website link(file:///C:/Users/QA/OneDrive/Documents/Zoom/Intellij_trial/Hero_GB_WebApp_UI_Testing_BDD/./AllCountryFeatureFiles/FeatureFilesNepal/02_BikeFeature.feature:4)
]]>
            </full-stacktrace>
          </exception> <!-- org.openqa.selenium.TimeoutException -->
          <reporter-output>
          </reporter-output>
        </test-method> <!-- runScenario -->
        <test-method signature="runScenario(io.cucumber.testng.PickleWrapper,io.cucumber.testng.FeatureWrapper)[pri:0, instance:GB_Webapp.TestRunner.Nepal@46944ca9]" started-at="2024-12-02T13:01:26 IST" name="runScenario" description="Runs Cucumber Scenarios" data-provider="scenarios" finished-at="2024-12-02T13:01:35 IST" duration-ms="9371" status="PASS">
          <params>
            <param index="0">
              <value>
                <![CDATA["TC_033 verify dealers information"]]>
              </value>
            </param>
            <param index="1">
              <value>
                <![CDATA["Dealers"]]>
              </value>
            </param>
          </params>
          <reporter-output>
          </reporter-output>
        </test-method> <!-- runScenario -->
        <test-method signature="runScenario(io.cucumber.testng.PickleWrapper,io.cucumber.testng.FeatureWrapper)[pri:0, instance:GB_Webapp.TestRunner.Nepal@46944ca9]" started-at="2024-12-02T13:01:35 IST" name="runScenario" description="Runs Cucumber Scenarios" data-provider="scenarios" finished-at="2024-12-02T13:01:41 IST" duration-ms="5887" status="PASS">
          <params>
            <param index="0">
              <value>
                <![CDATA["TC_034 verify Close button under service icon"]]>
              </value>
            </param>
            <param index="1">
              <value>
                <![CDATA["Service"]]>
              </value>
            </param>
          </params>
          <reporter-output>
          </reporter-output>
        </test-method> <!-- runScenario -->
        <test-method signature="runScenario(io.cucumber.testng.PickleWrapper,io.cucumber.testng.FeatureWrapper)[pri:0, instance:GB_Webapp.TestRunner.Nepal@46944ca9]" started-at="2024-12-02T13:01:41 IST" name="runScenario" description="Runs Cucumber Scenarios" data-provider="scenarios" finished-at="2024-12-02T13:01:49 IST" duration-ms="7665" status="FAIL">
          <params>
            <param index="0">
              <value>
                <![CDATA["TC_035 verify service and maintenance tips all information"]]>
              </value>
            </param>
            <param index="1">
              <value>
                <![CDATA["Service"]]>
              </value>
            </param>
          </params>
          <exception class="java.lang.AssertionError">
            <message>
              <![CDATA[Fail msg : Unable to visible field  : Select Bike DropDown is not working properly]]>
            </message>
            <full-stacktrace>
              <![CDATA[java.lang.AssertionError: Fail msg : Unable to visible field  : Select Bike DropDown is not working properly
at org.testng.Assert.fail(Assert.java:110)
at GB_Webapp.Utility.Library.failmsg(Library.java:273)
at GB_Webapp.Page.ServicePage.verify_service_schedule_and_dropdown_three_bikes(ServicePage.java:471)
at GB_Webapp.StepDefinition.ServiceTest.verify_service_schedule_and_dropdown_three_bikes(ServiceTest.java:148)
at ✽.Verify service schedule and dropdown three bikes(file:///C:/Users/QA/OneDrive/Documents/Zoom/Intellij_trial/Hero_GB_WebApp_UI_Testing_BDD/./AllCountryFeatureFiles/FeatureFilesNepal/04_Service.feature:18)
]]>
            </full-stacktrace>
          </exception> <!-- java.lang.AssertionError -->
          <reporter-output>
          </reporter-output>
        </test-method> <!-- runScenario -->
        <test-method signature="runScenario(io.cucumber.testng.PickleWrapper,io.cucumber.testng.FeatureWrapper)[pri:0, instance:GB_Webapp.TestRunner.Nepal@46944ca9]" started-at="2024-12-02T13:01:49 IST" name="runScenario" description="Runs Cucumber Scenarios" data-provider="scenarios" finished-at="2024-12-02T13:02:09 IST" duration-ms="20082" status="FAIL">
          <params>
            <param index="0">
              <value>
                <![CDATA["TC_036 verify pre ride inspection guide under two wheeler tips header icon"]]>
              </value>
            </param>
            <param index="1">
              <value>
                <![CDATA["Service"]]>
              </value>
            </param>
          </params>
          <exception class="java.lang.AssertionError">
            <message>
              <![CDATA[Unable to click element : Steering  --  [[ChromeDriver: chrome on windows (34c7599589e95c2389ed27b3b5250e95)] -> xpath: //div[@class='two-wheeler-tips']//div[13]]  --  org.openqa.selenium.ElementClickInterceptedException: element click intercepted: Element <div class="tips-box">...</div> is not clickable at point (440, 24). Other element would receive the click: <img src="/content/dam/hero-aem-website/in/design-bd/brand/hero-logo.svg" class="img-fluid " alt="Logo of Hero Motor">
  (Session info: chrome=131.0.6778.86)
Build info: version: '4.13.0', revision: 'ba948ece5b*'
System info: os.name: 'Windows 10', os.arch: 'amd64', os.version: '10.0', java.version: '22.0.1'
Driver info: org.openqa.selenium.chrome.ChromeDriver
Command: [34c7599589e95c2389ed27b3b5250e95, clickElement {id=f.051723CF3798B06214F9A69F8F371B70.d.337988A62DD7284545E5BD7D5198E66B.e.1254}]
Capabilities {acceptInsecureCerts: false, browserName: chrome, browserVersion: 131.0.6778.86, chrome: {chromedriverVersion: 131.0.6778.85 (3d81e41b6f3a..., userDataDir: C:\Users\QA\AppData\Local\T...}, fedcm:accounts: true, goog:chromeOptions: {debuggerAddress: localhost:59137}, networkConnectionEnabled: false, pageLoadStrategy: normal, platformName: windows, proxy: Proxy(), se:cdp: ws://localhost:59137/devtoo..., se:cdpVersion: 131.0.6778.86, setWindowRect: true, strictFileInteractability: false, timeouts: {implicit: 0, pageLoad: 300000, script: 30000}, unhandledPromptBehavior: dismiss and notify, webauthn:extension:credBlob: true, webauthn:extension:largeBlob: true, webauthn:extension:minPinLength: true, webauthn:extension:prf: true, webauthn:virtualAuthenticators: true}
Element: [[ChromeDriver: chrome on windows (34c7599589e95c2389ed27b3b5250e95)] -> xpath: //div[@class='two-wheeler-tips']//div[13]]
Session ID: 34c7599589e95c2389ed27b3b5250e95 expected [true] but found [false]]]>
            </message>
            <full-stacktrace>
              <![CDATA[java.lang.AssertionError: Unable to click element : Steering  --  [[ChromeDriver: chrome on windows (34c7599589e95c2389ed27b3b5250e95)] -> xpath: //div[@class='two-wheeler-tips']//div[13]]  --  org.openqa.selenium.ElementClickInterceptedException: element click intercepted: Element <div class="tips-box">...</div> is not clickable at point (440, 24). Other element would receive the click: <img src="/content/dam/hero-aem-website/in/design-bd/brand/hero-logo.svg" class="img-fluid " alt="Logo of Hero Motor">
  (Session info: chrome=131.0.6778.86)
Build info: version: '4.13.0', revision: 'ba948ece5b*'
System info: os.name: 'Windows 10', os.arch: 'amd64', os.version: '10.0', java.version: '22.0.1'
Driver info: org.openqa.selenium.chrome.ChromeDriver
Command: [34c7599589e95c2389ed27b3b5250e95, clickElement {id=f.051723CF3798B06214F9A69F8F371B70.d.337988A62DD7284545E5BD7D5198E66B.e.1254}]
Capabilities {acceptInsecureCerts: false, browserName: chrome, browserVersion: 131.0.6778.86, chrome: {chromedriverVersion: 131.0.6778.85 (3d81e41b6f3a..., userDataDir: C:\Users\QA\AppData\Local\T...}, fedcm:accounts: true, goog:chromeOptions: {debuggerAddress: localhost:59137}, networkConnectionEnabled: false, pageLoadStrategy: normal, platformName: windows, proxy: Proxy(), se:cdp: ws://localhost:59137/devtoo..., se:cdpVersion: 131.0.6778.86, setWindowRect: true, strictFileInteractability: false, timeouts: {implicit: 0, pageLoad: 300000, script: 30000}, unhandledPromptBehavior: dismiss and notify, webauthn:extension:credBlob: true, webauthn:extension:largeBlob: true, webauthn:extension:minPinLength: true, webauthn:extension:prf: true, webauthn:virtualAuthenticators: true}
Element: [[ChromeDriver: chrome on windows (34c7599589e95c2389ed27b3b5250e95)] -> xpath: //div[@class='two-wheeler-tips']//div[13]]
Session ID: 34c7599589e95c2389ed27b3b5250e95 expected [true] but found [false]
at org.testng.Assert.fail(Assert.java:110)
at org.testng.Assert.failNotEquals(Assert.java:1577)
at org.testng.Assert.assertTrue(Assert.java:56)
at GB_Webapp.Utility.Library.click(Library.java:38)
at GB_Webapp.Page.ServicePage.verify_all_inspection_guide(ServicePage.java:413)
at GB_Webapp.StepDefinition.ServiceTest.verify_all_inspection_guide(ServiceTest.java:109)
at ✽.Verify all inspection guide(file:///C:/Users/QA/OneDrive/Documents/Zoom/Intellij_trial/Hero_GB_WebApp_UI_Testing_BDD/./AllCountryFeatureFiles/FeatureFilesNepal/04_Service.feature:26)
]]>
            </full-stacktrace>
          </exception> <!-- java.lang.AssertionError -->
          <reporter-output>
          </reporter-output>
        </test-method> <!-- runScenario -->
        <test-method signature="runScenario(io.cucumber.testng.PickleWrapper,io.cucumber.testng.FeatureWrapper)[pri:0, instance:GB_Webapp.TestRunner.Nepal@46944ca9]" started-at="2024-12-02T13:02:09 IST" name="runScenario" description="Runs Cucumber Scenarios" data-provider="scenarios" finished-at="2024-12-02T13:02:13 IST" duration-ms="4477" status="PASS">
          <params>
            <param index="0">
              <value>
                <![CDATA["TC_037 verify fuel saving tips under two wheeler tips header icon"]]>
              </value>
            </param>
            <param index="1">
              <value>
                <![CDATA["Service"]]>
              </value>
            </param>
          </params>
          <reporter-output>
          </reporter-output>
        </test-method> <!-- runScenario -->
        <test-method signature="runScenario(io.cucumber.testng.PickleWrapper,io.cucumber.testng.FeatureWrapper)[pri:0, instance:GB_Webapp.TestRunner.Nepal@46944ca9]" started-at="2024-12-02T13:02:13 IST" name="runScenario" description="Runs Cucumber Scenarios" data-provider="scenarios" finished-at="2024-12-02T13:02:16 IST" duration-ms="2126" status="PASS">
          <params>
            <param index="0">
              <value>
                <![CDATA["TC_038 verify hero genuine parts"]]>
              </value>
            </param>
            <param index="1">
              <value>
                <![CDATA["Service"]]>
              </value>
            </param>
          </params>
          <reporter-output>
          </reporter-output>
        </test-method> <!-- runScenario -->
        <test-method signature="runScenario(io.cucumber.testng.PickleWrapper,io.cucumber.testng.FeatureWrapper)[pri:0, instance:GB_Webapp.TestRunner.Nepal@46944ca9]" started-at="2024-12-02T13:02:16 IST" name="runScenario" description="Runs Cucumber Scenarios" data-provider="scenarios" finished-at="2024-12-02T13:02:31 IST" duration-ms="15420" status="PASS">
          <params>
            <param index="0">
              <value>
                <![CDATA["TC_039 verify about hero right side image close button and find a delear redirection"]]>
              </value>
            </param>
            <param index="1">
              <value>
                <![CDATA["Nepal About Hero"]]>
              </value>
            </param>
          </params>
          <reporter-output>
          </reporter-output>
        </test-method> <!-- runScenario -->
        <test-method signature="runScenario(io.cucumber.testng.PickleWrapper,io.cucumber.testng.FeatureWrapper)[pri:0, instance:GB_Webapp.TestRunner.Nepal@46944ca9]" started-at="2024-12-02T13:02:31 IST" name="runScenario" description="Runs Cucumber Scenarios" data-provider="scenarios" finished-at="2024-12-02T13:02:56 IST" duration-ms="25114" status="PASS">
          <params>
            <param index="0">
              <value>
                <![CDATA["TC_040 verify about hero page"]]>
              </value>
            </param>
            <param index="1">
              <value>
                <![CDATA["Nepal About Hero"]]>
              </value>
            </param>
          </params>
          <reporter-output>
          </reporter-output>
        </test-method> <!-- runScenario -->
        <test-method signature="runScenario(io.cucumber.testng.PickleWrapper,io.cucumber.testng.FeatureWrapper)[pri:0, instance:GB_Webapp.TestRunner.Nepal@46944ca9]" started-at="2024-12-02T13:02:56 IST" name="runScenario" description="Runs Cucumber Scenarios" data-provider="scenarios" finished-at="2024-12-02T13:03:07 IST" duration-ms="10929" status="PASS">
          <params>
            <param index="0">
              <value>
                <![CDATA["TC_041 verify about hero become a dealer page form"]]>
              </value>
            </param>
            <param index="1">
              <value>
                <![CDATA["Nepal About Hero"]]>
              </value>
            </param>
          </params>
          <reporter-output>
          </reporter-output>
        </test-method> <!-- runScenario -->
        <test-method signature="runScenario(io.cucumber.testng.PickleWrapper,io.cucumber.testng.FeatureWrapper)[pri:0, instance:GB_Webapp.TestRunner.Nepal@46944ca9]" started-at="2024-12-02T13:03:07 IST" name="runScenario" description="Runs Cucumber Scenarios" data-provider="scenarios" finished-at="2024-12-02T13:03:27 IST" duration-ms="19839" status="PASS">
          <params>
            <param index="0">
              <value>
                <![CDATA["TC_042 verify share holder details in become a dealer page form"]]>
              </value>
            </param>
            <param index="1">
              <value>
                <![CDATA["Nepal About Hero"]]>
              </value>
            </param>
          </params>
          <reporter-output>
          </reporter-output>
        </test-method> <!-- runScenario -->
        <test-method is-config="true" signature="tearDownClass()[pri:0, instance:GB_Webapp.TestRunner.Nepal@46944ca9]" started-at="2024-12-02T13:03:27 IST" name="tearDownClass" finished-at="2024-12-02T13:03:28 IST" duration-ms="956" status="PASS">
          <reporter-output>
          </reporter-output>
        </test-method> <!-- tearDownClass -->
      </class> <!-- GB_Webapp.TestRunner.Nepal -->
    </test> <!-- Default test -->
  </suite> <!-- Default suite -->
</testng-results>
