<?xml version="1.0" encoding="UTF-8"?>
<!-- Generated by org.testng.reporters.JUnitReportReporter -->
<testsuite hostname="DESKTOP-LMKUKFJ" failures="6" tests="42" name="GB_Webapp.TestRunner.Nepal" time="735.204" errors="1" timestamp="2024-12-03T17:08:06 IST" skipped="0">
  <testcase classname="GB_Webapp.TestRunner.Nepal" name="runScenario" time="12.414"/>
  <system-out/>
  <testcase classname="GB_Webapp.TestRunner.Nepal" name="runScenario" time="16.119"/>
  <system-out/>
  <testcase classname="GB_Webapp.TestRunner.Nepal" name="runScenario" time="5.263"/>
  <system-out/>
  <testcase classname="GB_Webapp.TestRunner.Nepal" name="runScenario" time="0.549"/>
  <system-out/>
  <testcase classname="GB_Webapp.TestRunner.Nepal" name="runScenario" time="4.399"/>
  <system-out/>
  <testcase classname="GB_Webapp.TestRunner.Nepal" name="runScenario" time="2.451"/>
  <system-out/>
  <testcase classname="GB_Webapp.TestRunner.Nepal" name="runScenario" time="32.853"/>
  <system-out/>
  <testcase classname="GB_Webapp.TestRunner.Nepal" name="runScenario" time="13.520"/>
  <system-out/>
  <testcase classname="GB_Webapp.TestRunner.Nepal" name="runScenario" time="14.075">
    <failure message="Unable to click element : Product icon  --  [[ChromeDriver: chrome on windows (140beac059fab4e895387281b0865788)] -&gt; xpath: //a[normalize-space()=&#039;PRODUCTS&#039;]]  --  org.openqa.selenium.ElementClickInterceptedException: element click intercepted: Element &lt;a class=&quot;nav-link showMegaMenuContainer ps-lg-0&quot; href=&quot;javascript:void(0)&quot; aa-data-attr=&quot;track_cta&quot; aria-haspopup=&quot;true&quot; aria-expanded=&quot;false&quot; value=&quot;productsMegaMenu&quot;&gt;...&lt;/a&gt; is not clickable at point (553, 30). Other element would receive the click: &lt;div class=&quot;modal-popup modal-large book-bike-ride request-callback&quot; id=&quot;requestCallBackModel&quot;&gt;...&lt;/div&gt;
  (Session info: chrome=131.0.6778.86)
Build info: version: &#039;4.13.0&#039;, revision: &#039;ba948ece5b*&#039;
System info: os.name: &#039;Windows 10&#039;, os.arch: &#039;amd64&#039;, os.version: &#039;10.0&#039;, java.version: &#039;22.0.1&#039;
Driver info: org.openqa.selenium.chrome.ChromeDriver
Command: [140beac059fab4e895387281b0865788, clickElement {id=f.99C08BA3100F567DD7E36CCDDEBDA3AF.d.ED3A7AE85F75EE73796B09B63800A876.e.202}]
Capabilities {acceptInsecureCerts: false, browserName: chrome, browserVersion: 131.0.6778.86, chrome: {chromedriverVersion: 131.0.6778.85 (3d81e41b6f3a..., userDataDir: C:\Users\QA\AppData\Local\T...}, fedcm:accounts: true, goog:chromeOptions: {debuggerAddress: localhost:55213}, networkConnectionEnabled: false, pageLoadStrategy: normal, platformName: windows, proxy: Proxy(), se:cdp: ws://localhost:55213/devtoo..., se:cdpVersion: 131.0.6778.86, setWindowRect: true, strictFileInteractability: false, timeouts: {implicit: 0, pageLoad: 300000, script: 30000}, unhandledPromptBehavior: dismiss and notify, webauthn:extension:credBlob: true, webauthn:extension:largeBlob: true, webauthn:extension:minPinLength: true, webauthn:extension:prf: true, webauthn:virtualAuthenticators: true}
Element: [[ChromeDriver: chrome on windows (140beac059fab4e895387281b0865788)] -&gt; xpath: //a[normalize-space()=&#039;PRODUCTS&#039;]]
Session ID: 140beac059fab4e895387281b0865788 expected [true] but found [false]" type="java.lang.AssertionError">
      <![CDATA[java.lang.AssertionError: Unable to click element : Product icon  --  [[ChromeDriver: chrome on windows (140beac059fab4e895387281b0865788)] -> xpath: //a[normalize-space()='PRODUCTS']]  --  org.openqa.selenium.ElementClickInterceptedException: element click intercepted: Element <a class="nav-link showMegaMenuContainer ps-lg-0" href="javascript:void(0)" aa-data-attr="track_cta" aria-haspopup="true" aria-expanded="false" value="productsMegaMenu">...</a> is not clickable at point (553, 30). Other element would receive the click: <div class="modal-popup modal-large book-bike-ride request-callback" id="requestCallBackModel">...</div>
  (Session info: chrome=131.0.6778.86)
Build info: version: '4.13.0', revision: 'ba948ece5b*'
System info: os.name: 'Windows 10', os.arch: 'amd64', os.version: '10.0', java.version: '22.0.1'
Driver info: org.openqa.selenium.chrome.ChromeDriver
Command: [140beac059fab4e895387281b0865788, clickElement {id=f.99C08BA3100F567DD7E36CCDDEBDA3AF.d.ED3A7AE85F75EE73796B09B63800A876.e.202}]
Capabilities {acceptInsecureCerts: false, browserName: chrome, browserVersion: 131.0.6778.86, chrome: {chromedriverVersion: 131.0.6778.85 (3d81e41b6f3a..., userDataDir: C:\Users\QA\AppData\Local\T...}, fedcm:accounts: true, goog:chromeOptions: {debuggerAddress: localhost:55213}, networkConnectionEnabled: false, pageLoadStrategy: normal, platformName: windows, proxy: Proxy(), se:cdp: ws://localhost:55213/devtoo..., se:cdpVersion: 131.0.6778.86, setWindowRect: true, strictFileInteractability: false, timeouts: {implicit: 0, pageLoad: 300000, script: 30000}, unhandledPromptBehavior: dismiss and notify, webauthn:extension:credBlob: true, webauthn:extension:largeBlob: true, webauthn:extension:minPinLength: true, webauthn:extension:prf: true, webauthn:virtualAuthenticators: true}
Element: [[ChromeDriver: chrome on windows (140beac059fab4e895387281b0865788)] -> xpath: //a[normalize-space()='PRODUCTS']]
Session ID: 140beac059fab4e895387281b0865788 expected [true] but found [false]
at org.testng.Assert.fail(Assert.java:110)
at org.testng.Assert.failNotEquals(Assert.java:1577)
at org.testng.Assert.assertTrue(Assert.java:56)
at GB_Webapp.Utility.Library.click(Library.java:38)
at GB_Webapp.StepDefinition.LoginPageTest.click_on(LoginPageTest.java:117)
at ✽.Click on "Product"(file:///C:/Users/QA/OneDrive/Documents/Zoom/Intellij_trial/Hero_GB_WebApp_UI_Testing_BDD/./AllCountryFeatureFiles/FeatureFilesNepal/01_HomePage.feature:22)
]]>
    </failure>
  </testcase> <!-- runScenario -->
  <system-out/>
  <testcase classname="GB_Webapp.TestRunner.Nepal" name="runScenario" time="31.193"/>
  <system-out/>
  <testcase classname="GB_Webapp.TestRunner.Nepal" name="runScenario" time="24.068"/>
  <system-out/>
  <testcase classname="GB_Webapp.TestRunner.Nepal" name="runScenario" time="66.813">
    <failure message="Unable to click element : Footer Scooter  --  [[ChromeDriver: chrome on windows (140beac059fab4e895387281b0865788)] -&gt; xpath: //a[normalize-space()=&#039;Scooter&#039;]]  --  org.openqa.selenium.ElementClickInterceptedException: element click intercepted: Element is not clickable at point (373, 1616)
  (Session info: chrome=131.0.6778.86)
Build info: version: &#039;4.13.0&#039;, revision: &#039;ba948ece5b*&#039;
System info: os.name: &#039;Windows 10&#039;, os.arch: &#039;amd64&#039;, os.version: &#039;10.0&#039;, java.version: &#039;22.0.1&#039;
Driver info: org.openqa.selenium.chrome.ChromeDriver
Command: [140beac059fab4e895387281b0865788, clickElement {id=f.C7ECC1C898ED04A02CD9FBF18ADDB17F.d.EBFBC1205994A2F0F611D204A45C6A64.e.2166}]
Capabilities {acceptInsecureCerts: false, browserName: chrome, browserVersion: 131.0.6778.86, chrome: {chromedriverVersion: 131.0.6778.85 (3d81e41b6f3a..., userDataDir: C:\Users\QA\AppData\Local\T...}, fedcm:accounts: true, goog:chromeOptions: {debuggerAddress: localhost:55213}, networkConnectionEnabled: false, pageLoadStrategy: normal, platformName: windows, proxy: Proxy(), se:cdp: ws://localhost:55213/devtoo..., se:cdpVersion: 131.0.6778.86, setWindowRect: true, strictFileInteractability: false, timeouts: {implicit: 0, pageLoad: 300000, script: 30000}, unhandledPromptBehavior: dismiss and notify, webauthn:extension:credBlob: true, webauthn:extension:largeBlob: true, webauthn:extension:minPinLength: true, webauthn:extension:prf: true, webauthn:virtualAuthenticators: true}
Element: [[ChromeDriver: chrome on windows (140beac059fab4e895387281b0865788)] -&gt; xpath: //a[normalize-space()=&#039;Scooter&#039;]]
Session ID: 140beac059fab4e895387281b0865788 expected [true] but found [false]" type="java.lang.AssertionError">
      <![CDATA[java.lang.AssertionError: Unable to click element : Footer Scooter  --  [[ChromeDriver: chrome on windows (140beac059fab4e895387281b0865788)] -> xpath: //a[normalize-space()='Scooter']]  --  org.openqa.selenium.ElementClickInterceptedException: element click intercepted: Element is not clickable at point (373, 1616)
  (Session info: chrome=131.0.6778.86)
Build info: version: '4.13.0', revision: 'ba948ece5b*'
System info: os.name: 'Windows 10', os.arch: 'amd64', os.version: '10.0', java.version: '22.0.1'
Driver info: org.openqa.selenium.chrome.ChromeDriver
Command: [140beac059fab4e895387281b0865788, clickElement {id=f.C7ECC1C898ED04A02CD9FBF18ADDB17F.d.EBFBC1205994A2F0F611D204A45C6A64.e.2166}]
Capabilities {acceptInsecureCerts: false, browserName: chrome, browserVersion: 131.0.6778.86, chrome: {chromedriverVersion: 131.0.6778.85 (3d81e41b6f3a..., userDataDir: C:\Users\QA\AppData\Local\T...}, fedcm:accounts: true, goog:chromeOptions: {debuggerAddress: localhost:55213}, networkConnectionEnabled: false, pageLoadStrategy: normal, platformName: windows, proxy: Proxy(), se:cdp: ws://localhost:55213/devtoo..., se:cdpVersion: 131.0.6778.86, setWindowRect: true, strictFileInteractability: false, timeouts: {implicit: 0, pageLoad: 300000, script: 30000}, unhandledPromptBehavior: dismiss and notify, webauthn:extension:credBlob: true, webauthn:extension:largeBlob: true, webauthn:extension:minPinLength: true, webauthn:extension:prf: true, webauthn:virtualAuthenticators: true}
Element: [[ChromeDriver: chrome on windows (140beac059fab4e895387281b0865788)] -> xpath: //a[normalize-space()='Scooter']]
Session ID: 140beac059fab4e895387281b0865788 expected [true] but found [false]
at org.testng.Assert.fail(Assert.java:110)
at org.testng.Assert.failNotEquals(Assert.java:1577)
at org.testng.Assert.assertTrue(Assert.java:56)
at GB_Webapp.Utility.Library.click(Library.java:38)
at GB_Webapp.Page.HomePage.verify_scooter_icon_redirection(HomePage.java:1011)
at GB_Webapp.StepDefinition.HomePageTest.verify_icon_redirection(HomePageTest.java:319)
at ✽.Verify "scooter" icon redirection(file:///C:/Users/QA/OneDrive/Documents/Zoom/Intellij_trial/Hero_GB_WebApp_UI_Testing_BDD/./AllCountryFeatureFiles/FeatureFilesNepal/01_HomePage.feature:113)
]]>
    </failure>
  </testcase> <!-- runScenario -->
  <system-out/>
  <testcase classname="GB_Webapp.TestRunner.Nepal" name="runScenario" time="5.335"/>
  <system-out/>
  <testcase classname="GB_Webapp.TestRunner.Nepal" name="runScenario" time="1.786"/>
  <system-out/>
  <testcase classname="GB_Webapp.TestRunner.Nepal" name="runScenario" time="11.147"/>
  <system-out/>
  <testcase classname="GB_Webapp.TestRunner.Nepal" name="runScenario" time="15.470"/>
  <system-out/>
  <testcase classname="GB_Webapp.TestRunner.Nepal" name="runScenario" time="27.808">
    <failure message="Unable to click element : Variant Wise Price  --  Proxy element for: DefaultElementLocator &#039;By.xpath: //div[@class=&#039;bike-detail animate__animated bikeDetailsSection&#039;]//a[normalize-space()=&#039;Variant Wise Price&#039;]&#039;  --  org.openqa.selenium.TimeoutException: timeout: Timed out receiving message from renderer: 15.000
  (Session info: chrome=131.0.6778.86)
Build info: version: &#039;4.13.0&#039;, revision: &#039;ba948ece5b*&#039;
System info: os.name: &#039;Windows 10&#039;, os.arch: &#039;amd64&#039;, os.version: &#039;10.0&#039;, java.version: &#039;22.0.1&#039;
Driver info: org.openqa.selenium.chrome.ChromeDriver
Command: [140beac059fab4e895387281b0865788, clickElement {id=f.CF4A89F7EFEFF9619C48FBA93A469F38.d.8BEE2C29513118B73F37C5795868BB1B.e.1228}]
Capabilities {acceptInsecureCerts: false, browserName: chrome, browserVersion: 131.0.6778.86, chrome: {chromedriverVersion: 131.0.6778.85 (3d81e41b6f3a..., userDataDir: C:\Users\QA\AppData\Local\T...}, fedcm:accounts: true, goog:chromeOptions: {debuggerAddress: localhost:55213}, networkConnectionEnabled: false, pageLoadStrategy: normal, platformName: windows, proxy: Proxy(), se:cdp: ws://localhost:55213/devtoo..., se:cdpVersion: 131.0.6778.86, setWindowRect: true, strictFileInteractability: false, timeouts: {implicit: 0, pageLoad: 300000, script: 30000}, unhandledPromptBehavior: dismiss and notify, webauthn:extension:credBlob: true, webauthn:extension:largeBlob: true, webauthn:extension:minPinLength: true, webauthn:extension:prf: true, webauthn:virtualAuthenticators: true}
Element: [[ChromeDriver: chrome on windows (140beac059fab4e895387281b0865788)] -&gt; xpath: //div[@class=&#039;bike-detail animate__animated bikeDetailsSection&#039;]//a[normalize-space()=&#039;Variant Wise Price&#039;]]
Session ID: 140beac059fab4e895387281b0865788 expected [true] but found [false]" type="java.lang.AssertionError">
      <![CDATA[java.lang.AssertionError: Unable to click element : Variant Wise Price  --  Proxy element for: DefaultElementLocator 'By.xpath: //div[@class='bike-detail animate__animated bikeDetailsSection']//a[normalize-space()='Variant Wise Price']'  --  org.openqa.selenium.TimeoutException: timeout: Timed out receiving message from renderer: 15.000
  (Session info: chrome=131.0.6778.86)
Build info: version: '4.13.0', revision: 'ba948ece5b*'
System info: os.name: 'Windows 10', os.arch: 'amd64', os.version: '10.0', java.version: '22.0.1'
Driver info: org.openqa.selenium.chrome.ChromeDriver
Command: [140beac059fab4e895387281b0865788, clickElement {id=f.CF4A89F7EFEFF9619C48FBA93A469F38.d.8BEE2C29513118B73F37C5795868BB1B.e.1228}]
Capabilities {acceptInsecureCerts: false, browserName: chrome, browserVersion: 131.0.6778.86, chrome: {chromedriverVersion: 131.0.6778.85 (3d81e41b6f3a..., userDataDir: C:\Users\QA\AppData\Local\T...}, fedcm:accounts: true, goog:chromeOptions: {debuggerAddress: localhost:55213}, networkConnectionEnabled: false, pageLoadStrategy: normal, platformName: windows, proxy: Proxy(), se:cdp: ws://localhost:55213/devtoo..., se:cdpVersion: 131.0.6778.86, setWindowRect: true, strictFileInteractability: false, timeouts: {implicit: 0, pageLoad: 300000, script: 30000}, unhandledPromptBehavior: dismiss and notify, webauthn:extension:credBlob: true, webauthn:extension:largeBlob: true, webauthn:extension:minPinLength: true, webauthn:extension:prf: true, webauthn:virtualAuthenticators: true}
Element: [[ChromeDriver: chrome on windows (140beac059fab4e895387281b0865788)] -> xpath: //div[@class='bike-detail animate__animated bikeDetailsSection']//a[normalize-space()='Variant Wise Price']]
Session ID: 140beac059fab4e895387281b0865788 expected [true] but found [false]
at org.testng.Assert.fail(Assert.java:110)
at org.testng.Assert.failNotEquals(Assert.java:1577)
at org.testng.Assert.assertTrue(Assert.java:56)
at GB_Webapp.Utility.Library.click(Library.java:38)
at GB_Webapp.Page.HomePage.homePageAllBikesExpandedCardFullDetails(HomePage.java:653)
at GB_Webapp.Page.HomePage.verify_Xpulse2004V_Bike(HomePage.java:1265)
at GB_Webapp.StepDefinition.HomePageTest.click_on_bike_name_and_verify_expanded_card_info(HomePageTest.java:211)
at ✽.Click on "Xpulse2004V" bike name and verify expanded card info(file:///C:/Users/QA/OneDrive/Documents/Zoom/Intellij_trial/Hero_GB_WebApp_UI_Testing_BDD/./AllCountryFeatureFiles/FeatureFilesNepal/01_HomePage.feature:70)
]]>
    </failure>
  </testcase> <!-- runScenario -->
  <system-out/>
  <testcase classname="GB_Webapp.TestRunner.Nepal" name="runScenario" time="4.334"/>
  <system-out/>
  <testcase classname="GB_Webapp.TestRunner.Nepal" name="runScenario" time="26.602">
    <failure message="Unable to visible field  : Become A Dealer Page  --  Proxy element for: DefaultElementLocator &#039;By.xpath: //h2[normalize-space()=&#039;Become a Dealer&#039;]&#039;  --  org.openqa.selenium.NoSuchElementException: no such element: Unable to locate element: {&quot;method&quot;:&quot;xpath&quot;,&quot;selector&quot;:&quot;//h2[normalize-space()=&#039;Become a Dealer&#039;]&quot;}
  (Session info: chrome=131.0.6778.86)
For documentation on this error, please visit: https://www.selenium.dev/documentation/webdriver/troubleshooting/errors#no-such-element-exception
Build info: version: &#039;4.13.0&#039;, revision: &#039;ba948ece5b*&#039;
System info: os.name: &#039;Windows 10&#039;, os.arch: &#039;amd64&#039;, os.version: &#039;10.0&#039;, java.version: &#039;22.0.1&#039;
Driver info: org.openqa.selenium.chrome.ChromeDriver
Command: [140beac059fab4e895387281b0865788, findElement {using=xpath, value=//h2[normalize-space()=&#039;Become a Dealer&#039;]}]
Capabilities {acceptInsecureCerts: false, browserName: chrome, browserVersion: 131.0.6778.86, chrome: {chromedriverVersion: 131.0.6778.85 (3d81e41b6f3a..., userDataDir: C:\Users\QA\AppData\Local\T...}, fedcm:accounts: true, goog:chromeOptions: {debuggerAddress: localhost:55213}, networkConnectionEnabled: false, pageLoadStrategy: normal, platformName: windows, proxy: Proxy(), se:cdp: ws://localhost:55213/devtoo..., se:cdpVersion: 131.0.6778.86, setWindowRect: true, strictFileInteractability: false, timeouts: {implicit: 0, pageLoad: 300000, script: 30000}, unhandledPromptBehavior: dismiss and notify, webauthn:extension:credBlob: true, webauthn:extension:largeBlob: true, webauthn:extension:minPinLength: true, webauthn:extension:prf: true, webauthn:virtualAuthenticators: true}
Session ID: 140beac059fab4e895387281b0865788 expected [true] but found [false]" type="java.lang.AssertionError">
      <![CDATA[java.lang.AssertionError: Unable to visible field  : Become A Dealer Page  --  Proxy element for: DefaultElementLocator 'By.xpath: //h2[normalize-space()='Become a Dealer']'  --  org.openqa.selenium.NoSuchElementException: no such element: Unable to locate element: {"method":"xpath","selector":"//h2[normalize-space()='Become a Dealer']"}
  (Session info: chrome=131.0.6778.86)
For documentation on this error, please visit: https://www.selenium.dev/documentation/webdriver/troubleshooting/errors#no-such-element-exception
Build info: version: '4.13.0', revision: 'ba948ece5b*'
System info: os.name: 'Windows 10', os.arch: 'amd64', os.version: '10.0', java.version: '22.0.1'
Driver info: org.openqa.selenium.chrome.ChromeDriver
Command: [140beac059fab4e895387281b0865788, findElement {using=xpath, value=//h2[normalize-space()='Become a Dealer']}]
Capabilities {acceptInsecureCerts: false, browserName: chrome, browserVersion: 131.0.6778.86, chrome: {chromedriverVersion: 131.0.6778.85 (3d81e41b6f3a..., userDataDir: C:\Users\QA\AppData\Local\T...}, fedcm:accounts: true, goog:chromeOptions: {debuggerAddress: localhost:55213}, networkConnectionEnabled: false, pageLoadStrategy: normal, platformName: windows, proxy: Proxy(), se:cdp: ws://localhost:55213/devtoo..., se:cdpVersion: 131.0.6778.86, setWindowRect: true, strictFileInteractability: false, timeouts: {implicit: 0, pageLoad: 300000, script: 30000}, unhandledPromptBehavior: dismiss and notify, webauthn:extension:credBlob: true, webauthn:extension:largeBlob: true, webauthn:extension:minPinLength: true, webauthn:extension:prf: true, webauthn:virtualAuthenticators: true}
Session ID: 140beac059fab4e895387281b0865788 expected [true] but found [false]
at org.testng.Assert.fail(Assert.java:110)
at org.testng.Assert.failNotEquals(Assert.java:1577)
at org.testng.Assert.assertTrue(Assert.java:56)
at GB_Webapp.Utility.Library.visible_link(Library.java:69)
at GB_Webapp.Page.HomePage.verify_beacome_a_dealer_icon_redirection(HomePage.java:1028)
at GB_Webapp.StepDefinition.HomePageTest.verify_icon_redirection(HomePageTest.java:328)
at ✽.Verify "become_a_dealer" icon redirection(file:///C:/Users/QA/OneDrive/Documents/Zoom/Intellij_trial/Hero_GB_WebApp_UI_Testing_BDD/./AllCountryFeatureFiles/FeatureFilesNepal/01_HomePage.feature:121)
]]>
    </failure>
  </testcase> <!-- runScenario -->
  <system-out/>
  <testcase classname="GB_Webapp.TestRunner.Nepal" name="runScenario" time="5.778"/>
  <system-out/>
  <testcase classname="GB_Webapp.TestRunner.Nepal" name="runScenario" time="6.665"/>
  <system-out/>
  <testcase classname="GB_Webapp.TestRunner.Nepal" name="runScenario" time="26.900"/>
  <system-out/>
  <testcase classname="GB_Webapp.TestRunner.Nepal" name="runScenario" time="1.553"/>
  <system-out/>
  <testcase classname="GB_Webapp.TestRunner.Nepal" name="runScenario" time="3.556"/>
  <system-out/>
  <testcase classname="GB_Webapp.TestRunner.Nepal" name="runScenario" time="9.377">
    <failure message="Fail msg : Unable to visible field  : Select Bike DropDown is not working properly" type="java.lang.AssertionError">
      <![CDATA[java.lang.AssertionError: Fail msg : Unable to visible field  : Select Bike DropDown is not working properly
at org.testng.Assert.fail(Assert.java:110)
at GB_Webapp.Utility.Library.failmsg(Library.java:273)
at GB_Webapp.Page.ServicePage.verify_service_schedule_and_dropdown_three_bikes(ServicePage.java:471)
at GB_Webapp.StepDefinition.ServiceTest.verify_service_schedule_and_dropdown_three_bikes(ServiceTest.java:148)
at ✽.Verify service schedule and dropdown three bikes(file:///C:/Users/QA/OneDrive/Documents/Zoom/Intellij_trial/Hero_GB_WebApp_UI_Testing_BDD/./AllCountryFeatureFiles/FeatureFilesNepal/04_Service.feature:18)
]]>
    </failure>
  </testcase> <!-- runScenario -->
  <system-out/>
  <testcase classname="GB_Webapp.TestRunner.Nepal" name="runScenario" time="35.442"/>
  <system-out/>
  <testcase classname="GB_Webapp.TestRunner.Nepal" name="runScenario" time="19.117"/>
  <system-out/>
  <testcase classname="GB_Webapp.TestRunner.Nepal" name="runScenario" time="5.323"/>
  <system-out/>
  <testcase classname="GB_Webapp.TestRunner.Nepal" name="runScenario" time="35.655"/>
  <system-out/>
  <testcase classname="GB_Webapp.TestRunner.Nepal" name="runScenario" time="17.585"/>
  <system-out/>
  <testcase classname="GB_Webapp.TestRunner.Nepal" name="runScenario" time="93.646">
    <error message="timeout: Timed out receiving message from renderer: 14.764
  (Session info: chrome=131.0.6778.86)
Build info: version: &#039;4.13.0&#039;, revision: &#039;ba948ece5b*&#039;
System info: os.name: &#039;Windows 10&#039;, os.arch: &#039;amd64&#039;, os.version: &#039;10.0&#039;, java.version: &#039;22.0.1&#039;
Driver info: org.openqa.selenium.chrome.ChromeDriver
Command: [140beac059fab4e895387281b0865788, get {url=https://www.heromotocorp.com/en-np.html}]
Capabilities {acceptInsecureCerts: false, browserName: chrome, browserVersion: 131.0.6778.86, chrome: {chromedriverVersion: 131.0.6778.85 (3d81e41b6f3a..., userDataDir: C:\Users\QA\AppData\Local\T...}, fedcm:accounts: true, goog:chromeOptions: {debuggerAddress: localhost:55213}, networkConnectionEnabled: false, pageLoadStrategy: normal, platformName: windows, proxy: Proxy(), se:cdp: ws://localhost:55213/devtoo..., se:cdpVersion: 131.0.6778.86, setWindowRect: true, strictFileInteractability: false, timeouts: {implicit: 0, pageLoad: 300000, script: 30000}, unhandledPromptBehavior: dismiss and notify, webauthn:extension:credBlob: true, webauthn:extension:largeBlob: true, webauthn:extension:minPinLength: true, webauthn:extension:prf: true, webauthn:virtualAuthenticators: true}
Session ID: 140beac059fab4e895387281b0865788" type="org.openqa.selenium.TimeoutException">
      <![CDATA[org.openqa.selenium.TimeoutException: timeout: Timed out receiving message from renderer: 14.764
  (Session info: chrome=131.0.6778.86)
Build info: version: '4.13.0', revision: 'ba948ece5b*'
System info: os.name: 'Windows 10', os.arch: 'amd64', os.version: '10.0', java.version: '22.0.1'
Driver info: org.openqa.selenium.chrome.ChromeDriver
Command: [140beac059fab4e895387281b0865788, get {url=https://www.heromotocorp.com/en-np.html}]
Capabilities {acceptInsecureCerts: false, browserName: chrome, browserVersion: 131.0.6778.86, chrome: {chromedriverVersion: 131.0.6778.85 (3d81e41b6f3a..., userDataDir: C:\Users\QA\AppData\Local\T...}, fedcm:accounts: true, goog:chromeOptions: {debuggerAddress: localhost:55213}, networkConnectionEnabled: false, pageLoadStrategy: normal, platformName: windows, proxy: Proxy(), se:cdp: ws://localhost:55213/devtoo..., se:cdpVersion: 131.0.6778.86, setWindowRect: true, strictFileInteractability: false, timeouts: {implicit: 0, pageLoad: 300000, script: 30000}, unhandledPromptBehavior: dismiss and notify, webauthn:extension:credBlob: true, webauthn:extension:largeBlob: true, webauthn:extension:minPinLength: true, webauthn:extension:prf: true, webauthn:virtualAuthenticators: true}
Session ID: 140beac059fab4e895387281b0865788
at java.base/jdk.internal.reflect.DirectConstructorHandleAccessor.newInstance(DirectConstructorHandleAccessor.java:62)
at java.base/java.lang.reflect.Constructor.newInstanceWithCaller(Constructor.java:502)
at java.base/java.lang.reflect.Constructor.newInstance(Constructor.java:486)
at org.openqa.selenium.remote.codec.w3c.W3CHttpResponseCodec.createException(W3CHttpResponseCodec.java:200)
at org.openqa.selenium.remote.codec.w3c.W3CHttpResponseCodec.decode(W3CHttpResponseCodec.java:133)
at org.openqa.selenium.remote.codec.w3c.W3CHttpResponseCodec.decode(W3CHttpResponseCodec.java:52)
at org.openqa.selenium.remote.HttpCommandExecutor.execute(HttpCommandExecutor.java:191)
at org.openqa.selenium.remote.service.DriverCommandExecutor.invokeExecute(DriverCommandExecutor.java:196)
at org.openqa.selenium.remote.service.DriverCommandExecutor.execute(DriverCommandExecutor.java:171)
at org.openqa.selenium.remote.RemoteWebDriver.execute(RemoteWebDriver.java:602)
at org.openqa.selenium.remote.RemoteWebDriver.get(RemoteWebDriver.java:304)
at GB_Webapp.Utility.Library.open_new_Window_and_close_previous_Window(Library.java:316)
at GB_Webapp.Page.HomePage.user_open_Nepal_website_link(HomePage.java:1239)
at GB_Webapp.StepDefinition.HomePageTest.user_open_website_link(HomePageTest.java:78)
at ✽.User open "Nepal" website link(file:///C:/Users/QA/OneDrive/Documents/Zoom/Intellij_trial/Hero_GB_WebApp_UI_Testing_BDD/./AllCountryFeatureFiles/FeatureFilesNepal/02_BikeFeature.feature:4)
]]>
    </error>
  </testcase> <!-- runScenario -->
  <system-out/>
  <testcase classname="GB_Webapp.TestRunner.Nepal" name="runScenario" time="9.886"/>
  <system-out/>
  <testcase classname="GB_Webapp.TestRunner.Nepal" name="runScenario" time="43.955"/>
  <system-out/>
  <testcase classname="GB_Webapp.TestRunner.Nepal" name="runScenario" time="1.497"/>
  <system-out/>
  <testcase classname="GB_Webapp.TestRunner.Nepal" name="runScenario" time="18.490">
    <failure message="Unable to click element : Variant Wise Price  --  [[ChromeDriver: chrome on windows (140beac059fab4e895387281b0865788)] -&gt; xpath: //div[@class=&#039;bike-detail animate__animated bikeDetailsSection&#039;]//a[normalize-space()=&#039;Variant Wise Price&#039;]]  --  org.openqa.selenium.ElementClickInterceptedException: element click intercepted: Element &lt;a style=&quot;	color: red;
&quot; href=&quot;/en-np/products/commuter/super-splendor.html#priceSection&quot;&gt;...&lt;/a&gt; is not clickable at point (1127, 450). Other element would receive the click: &lt;input class=&quot;form-control req-email&quot; type=&quot;email&quot; placeholder=&quot;Enter Email&quot; aria-label=&quot;Email&quot; onkeyup=&quot;removeAnimateClassOffers()&quot; name=&quot;email&quot; oninput=&quot;this.value=this.value.replace(/[^a-zA-Z@.\d]/g, &#039;&#039;);&quot;&gt;
  (Session info: chrome=131.0.6778.86)
Build info: version: &#039;4.13.0&#039;, revision: &#039;ba948ece5b*&#039;
System info: os.name: &#039;Windows 10&#039;, os.arch: &#039;amd64&#039;, os.version: &#039;10.0&#039;, java.version: &#039;22.0.1&#039;
Driver info: org.openqa.selenium.chrome.ChromeDriver
Command: [140beac059fab4e895387281b0865788, clickElement {id=f.40BBD5C10D9A8B05C93487D3D4DAFADD.d.2A05D69048DA9CA4A40AEBEBEFB9C70B.e.1153}]
Capabilities {acceptInsecureCerts: false, browserName: chrome, browserVersion: 131.0.6778.86, chrome: {chromedriverVersion: 131.0.6778.85 (3d81e41b6f3a..., userDataDir: C:\Users\QA\AppData\Local\T...}, fedcm:accounts: true, goog:chromeOptions: {debuggerAddress: localhost:55213}, networkConnectionEnabled: false, pageLoadStrategy: normal, platformName: windows, proxy: Proxy(), se:cdp: ws://localhost:55213/devtoo..., se:cdpVersion: 131.0.6778.86, setWindowRect: true, strictFileInteractability: false, timeouts: {implicit: 0, pageLoad: 300000, script: 30000}, unhandledPromptBehavior: dismiss and notify, webauthn:extension:credBlob: true, webauthn:extension:largeBlob: true, webauthn:extension:minPinLength: true, webauthn:extension:prf: true, webauthn:virtualAuthenticators: true}
Element: [[ChromeDriver: chrome on windows (140beac059fab4e895387281b0865788)] -&gt; xpath: //div[@class=&#039;bike-detail animate__animated bikeDetailsSection&#039;]//a[normalize-space()=&#039;Variant Wise Price&#039;]]
Session ID: 140beac059fab4e895387281b0865788 expected [true] but found [false]" type="java.lang.AssertionError">
      <![CDATA[java.lang.AssertionError: Unable to click element : Variant Wise Price  --  [[ChromeDriver: chrome on windows (140beac059fab4e895387281b0865788)] -> xpath: //div[@class='bike-detail animate__animated bikeDetailsSection']//a[normalize-space()='Variant Wise Price']]  --  org.openqa.selenium.ElementClickInterceptedException: element click intercepted: Element <a style="color: red;
" href="/en-np/products/commuter/super-splendor.html#priceSection">...</a> is not clickable at point (1127, 450). Other element would receive the click: <input class="form-control req-email" type="email" placeholder="Enter Email" aria-label="Email" onkeyup="removeAnimateClassOffers()" name="email" oninput="this.value=this.value.replace(/[^a-zA-Z@.\d]/g, '');">
  (Session info: chrome=131.0.6778.86)
Build info: version: '4.13.0', revision: 'ba948ece5b*'
System info: os.name: 'Windows 10', os.arch: 'amd64', os.version: '10.0', java.version: '22.0.1'
Driver info: org.openqa.selenium.chrome.ChromeDriver
Command: [140beac059fab4e895387281b0865788, clickElement {id=f.40BBD5C10D9A8B05C93487D3D4DAFADD.d.2A05D69048DA9CA4A40AEBEBEFB9C70B.e.1153}]
Capabilities {acceptInsecureCerts: false, browserName: chrome, browserVersion: 131.0.6778.86, chrome: {chromedriverVersion: 131.0.6778.85 (3d81e41b6f3a..., userDataDir: C:\Users\QA\AppData\Local\T...}, fedcm:accounts: true, goog:chromeOptions: {debuggerAddress: localhost:55213}, networkConnectionEnabled: false, pageLoadStrategy: normal, platformName: windows, proxy: Proxy(), se:cdp: ws://localhost:55213/devtoo..., se:cdpVersion: 131.0.6778.86, setWindowRect: true, strictFileInteractability: false, timeouts: {implicit: 0, pageLoad: 300000, script: 30000}, unhandledPromptBehavior: dismiss and notify, webauthn:extension:credBlob: true, webauthn:extension:largeBlob: true, webauthn:extension:minPinLength: true, webauthn:extension:prf: true, webauthn:virtualAuthenticators: true}
Element: [[ChromeDriver: chrome on windows (140beac059fab4e895387281b0865788)] -> xpath: //div[@class='bike-detail animate__animated bikeDetailsSection']//a[normalize-space()='Variant Wise Price']]
Session ID: 140beac059fab4e895387281b0865788 expected [true] but found [false]
at org.testng.Assert.fail(Assert.java:110)
at org.testng.Assert.failNotEquals(Assert.java:1577)
at org.testng.Assert.assertTrue(Assert.java:56)
at GB_Webapp.Utility.Library.click(Library.java:38)
at GB_Webapp.Page.HomePage.homePageAllBikesExpandedCardFullDetails(HomePage.java:653)
at GB_Webapp.Page.HomePage.verify_Super_Splendor_Bike(HomePage.java:1260)
at GB_Webapp.StepDefinition.HomePageTest.click_on_bike_name_and_verify_expanded_card_info(HomePageTest.java:208)
at ✽.Click on "Super_Splendor" bike name and verify expanded card info(file:///C:/Users/QA/OneDrive/Documents/Zoom/Intellij_trial/Hero_GB_WebApp_UI_Testing_BDD/./AllCountryFeatureFiles/FeatureFilesNepal/01_HomePage.feature:70)
]]>
    </failure>
  </testcase> <!-- runScenario -->
  <system-out/>
  <testcase classname="GB_Webapp.TestRunner.Nepal" name="runScenario" time="9.697"/>
  <system-out/>
  <testcase classname="GB_Webapp.TestRunner.Nepal" name="runScenario" time="10.444"/>
  <system-out/>
  <testcase classname="GB_Webapp.TestRunner.Nepal" name="runScenario" time="12.638"/>
  <system-out/>
  <testcase classname="GB_Webapp.TestRunner.Nepal" name="runScenario" time="24.392"/>
  <system-out/>
  <testcase classname="GB_Webapp.TestRunner.Nepal" name="runScenario" time="19.795"/>
  <system-out/>
  <testcase classname="GB_Webapp.TestRunner.Nepal" name="runScenario" time="6.365"/>
  <system-out/>
  <testcase classname="GB_Webapp.TestRunner.Nepal" name="runScenario" time="1.249"/>
  <system-out/>
</testsuite> <!-- GB_Webapp.TestRunner.Nepal -->
