<?xml version="1.0" encoding="UTF-8"?>
<!-- Generated by org.testng.reporters.JUnitReportReporter -->
<testsuite hostname="DESKTOP-LMKUKFJ" failures="1" tests="1" name="GB_Webapp.TestRunner.Philippines" time="16.120" errors="0" timestamp="2024-11-22T13:56:24 IST" skipped="0">
  <testcase classname="GB_Webapp.TestRunner.Philippines" name="runScenario" time="16.120">
    <failure message="Fail msg : Unable to visible field  : Select Bike DropDown is not working properly11" type="java.lang.AssertionError">
      <![CDATA[java.lang.AssertionError: Fail msg : Unable to visible field  : Select Bike DropDown is not working properly11
at org.testng.Assert.fail(Assert.java:110)
at GB_Webapp.Utility.Library.failmsg(Library.java:273)
at GB_Webapp.Page.ServicePage.verify_service_schedule_and_dropdown_three_bikes(ServicePage.java:474)
at GB_Webapp.StepDefinition.ServiceTest.verify_service_schedule_and_dropdown_three_bikes(ServiceTest.java:148)
at ✽.Verify service schedule and dropdown three bikes(file:///C:/Users/QA/OneDrive/Documents/Zoom/Intellij_trial/Hero_GB_WebApp_UI_Testing_BDD/./FeatureFilesPhilippines/04_Service.feature:18)
]]>
    </failure>
  </testcase> <!-- runScenario -->
  <system-out/>
</testsuite> <!-- GB_Webapp.TestRunner.Philippines -->
