<?xml version="1.0" encoding="UTF-8"?>
<!-- Generated by org.testng.reporters.JUnitReportReporter -->
<testsuite hostname="DESKTOP-LMKUKFJ" failures="3" tests="36" name="GB_Webapp.TestRunner.Philippines" time="447.661" errors="1" timestamp="2024-11-18T17:30:06 IST" skipped="0">
  <testcase classname="GB_Webapp.TestRunner.Philippines" name="runScenario" time="11.670"/>
  <system-out/>
  <testcase classname="GB_Webapp.TestRunner.Philippines" name="runScenario" time="17.339"/>
  <system-out/>
  <testcase classname="GB_Webapp.TestRunner.Philippines" name="runScenario" time="0.777"/>
  <system-out/>
  <testcase classname="GB_Webapp.TestRunner.Philippines" name="runScenario" time="24.448"/>
  <system-out/>
  <testcase classname="GB_Webapp.TestRunner.Philippines" name="runScenario" time="33.886"/>
  <system-out/>
  <testcase classname="GB_Webapp.TestRunner.Philippines" name="runScenario" time="7.166"/>
  <system-out/>
  <testcase classname="GB_Webapp.TestRunner.Philippines" name="runScenario" time="3.152"/>
  <system-out/>
  <testcase classname="GB_Webapp.TestRunner.Philippines" name="runScenario" time="13.811"/>
  <system-out/>
  <testcase classname="GB_Webapp.TestRunner.Philippines" name="runScenario" time="5.285"/>
  <system-out/>
  <testcase classname="GB_Webapp.TestRunner.Philippines" name="runScenario" time="10.667"/>
  <system-out/>
  <testcase classname="GB_Webapp.TestRunner.Philippines" name="runScenario" time="1.219"/>
  <system-out/>
  <testcase classname="GB_Webapp.TestRunner.Philippines" name="runScenario" time="9.454">
    <failure message="Unable to click element : Header Two Wheeler Tips  --  [[EdgeDriver: MicrosoftEdge on windows (7bcf423cec398c8c613865492490e260)] -&gt; xpath: //a[contains(text(),&#039;Two Wheeler Tips&#039;)]]  --  org.openqa.selenium.ElementClickInterceptedException: element click intercepted: Element &lt;a class=&quot;nav-link  active&quot; href=&quot;/en-ph/two-wheeler-tips.html&quot; target=&quot;_self&quot;&gt;...&lt;/a&gt; is not clickable at point (590, 32). Other element would receive the click: &lt;a class=&quot;nav-link showMegaMenuContainer ps-lg-0&quot; href=&quot;javascript:void(0)&quot; aa-data-attr=&quot;track_cta&quot; aria-haspopup=&quot;true&quot; aria-expanded=&quot;false&quot; value=&quot;productsMegaMenu&quot;&gt;...&lt;/a&gt;
  (Session info: MicrosoftEdge=131.0.2903.51)
Build info: version: &#039;4.13.0&#039;, revision: &#039;ba948ece5b*&#039;
System info: os.name: &#039;Windows 10&#039;, os.arch: &#039;amd64&#039;, os.version: &#039;10.0&#039;, java.version: &#039;22.0.1&#039;
Driver info: org.openqa.selenium.edge.EdgeDriver
Command: [7bcf423cec398c8c613865492490e260, clickElement {id=f.7E8110485056CD8BF85338F2DDA94B4F.d.AB958A080F1CD386DA2007E6FE50DDB1.e.3133}]
Capabilities {acceptInsecureCerts: false, browserName: MicrosoftEdge, browserVersion: 131.0.2903.51, fedcm:accounts: true, ms:edgeOptions: {debuggerAddress: localhost:49320}, msedge: {msedgedriverVersion: 131.0.2903.51 (e8c8535333b9..., userDataDir: C:\Users\QA\AppData\Local\T...}, networkConnectionEnabled: false, pageLoadStrategy: normal, platformName: windows, proxy: Proxy(), se:cdp: ws://localhost:49320/devtoo..., se:cdpVersion: 131.0.2903.51, setWindowRect: true, strictFileInteractability: false, timeouts: {implicit: 0, pageLoad: 300000, script: 30000}, unhandledPromptBehavior: dismiss and notify, webauthn:extension:credBlob: true, webauthn:extension:largeBlob: true, webauthn:extension:minPinLength: true, webauthn:extension:prf: true, webauthn:virtualAuthenticators: true}
Element: [[EdgeDriver: MicrosoftEdge on windows (7bcf423cec398c8c613865492490e260)] -&gt; xpath: //a[contains(text(),&#039;Two Wheeler Tips&#039;)]]
Session ID: 7bcf423cec398c8c613865492490e260 expected [true] but found [false]" type="java.lang.AssertionError">
      <![CDATA[java.lang.AssertionError: Unable to click element : Header Two Wheeler Tips  --  [[EdgeDriver: MicrosoftEdge on windows (7bcf423cec398c8c613865492490e260)] -> xpath: //a[contains(text(),'Two Wheeler Tips')]]  --  org.openqa.selenium.ElementClickInterceptedException: element click intercepted: Element <a class="nav-link  active" href="/en-ph/two-wheeler-tips.html" target="_self">...</a> is not clickable at point (590, 32). Other element would receive the click: <a class="nav-link showMegaMenuContainer ps-lg-0" href="javascript:void(0)" aa-data-attr="track_cta" aria-haspopup="true" aria-expanded="false" value="productsMegaMenu">...</a>
  (Session info: MicrosoftEdge=131.0.2903.51)
Build info: version: '4.13.0', revision: 'ba948ece5b*'
System info: os.name: 'Windows 10', os.arch: 'amd64', os.version: '10.0', java.version: '22.0.1'
Driver info: org.openqa.selenium.edge.EdgeDriver
Command: [7bcf423cec398c8c613865492490e260, clickElement {id=f.7E8110485056CD8BF85338F2DDA94B4F.d.AB958A080F1CD386DA2007E6FE50DDB1.e.3133}]
Capabilities {acceptInsecureCerts: false, browserName: MicrosoftEdge, browserVersion: 131.0.2903.51, fedcm:accounts: true, ms:edgeOptions: {debuggerAddress: localhost:49320}, msedge: {msedgedriverVersion: 131.0.2903.51 (e8c8535333b9..., userDataDir: C:\Users\QA\AppData\Local\T...}, networkConnectionEnabled: false, pageLoadStrategy: normal, platformName: windows, proxy: Proxy(), se:cdp: ws://localhost:49320/devtoo..., se:cdpVersion: 131.0.2903.51, setWindowRect: true, strictFileInteractability: false, timeouts: {implicit: 0, pageLoad: 300000, script: 30000}, unhandledPromptBehavior: dismiss and notify, webauthn:extension:credBlob: true, webauthn:extension:largeBlob: true, webauthn:extension:minPinLength: true, webauthn:extension:prf: true, webauthn:virtualAuthenticators: true}
Element: [[EdgeDriver: MicrosoftEdge on windows (7bcf423cec398c8c613865492490e260)] -> xpath: //a[contains(text(),'Two Wheeler Tips')]]
Session ID: 7bcf423cec398c8c613865492490e260 expected [true] but found [false]
at org.testng.Assert.fail(Assert.java:110)
at org.testng.Assert.failNotEquals(Assert.java:1577)
at org.testng.Assert.assertTrue(Assert.java:56)
at GB_Webapp.Utility.Library.click(Library.java:37)
at GB_Webapp.Page.ServicePage.verify_all_inspection_guide(ServicePage.java:366)
at GB_Webapp.StepDefinition.ServiceTest.verify_all_inspection_guide(ServiceTest.java:107)
at ✽.Verify all inspection guide(file:///C:/Users/QA/OneDrive/Documents/Zoom/Intellij_trial/Hero_GB_WebApp_UI_Testing_BDD/./FeatureFilesPhilippines/04_Service.feature:26)
]]>
    </failure>
  </testcase> <!-- runScenario -->
  <system-out/>
  <testcase classname="GB_Webapp.TestRunner.Philippines" name="runScenario" time="5.482"/>
  <system-out/>
  <testcase classname="GB_Webapp.TestRunner.Philippines" name="runScenario" time="10.427"/>
  <system-out/>
  <testcase classname="GB_Webapp.TestRunner.Philippines" name="runScenario" time="45.798">
    <failure message="Unable to visible field  : Thank You Popup  --  Proxy element for: DefaultElementLocator &#039;By.xpath: //h2[normalize-space()=&#039;Thank You&#039;]&#039;  --  org.openqa.selenium.NoSuchElementException: no such element: Unable to locate element: {&quot;method&quot;:&quot;xpath&quot;,&quot;selector&quot;:&quot;//h2[normalize-space()=&#039;Thank You&#039;]&quot;}
  (Session info: MicrosoftEdge=131.0.2903.51)
For documentation on this error, please visit: https://www.selenium.dev/documentation/webdriver/troubleshooting/errors#no-such-element-exception
Build info: version: &#039;4.13.0&#039;, revision: &#039;ba948ece5b*&#039;
System info: os.name: &#039;Windows 10&#039;, os.arch: &#039;amd64&#039;, os.version: &#039;10.0&#039;, java.version: &#039;22.0.1&#039;
Driver info: org.openqa.selenium.edge.EdgeDriver
Command: [7bcf423cec398c8c613865492490e260, findElement {using=xpath, value=//h2[normalize-space()=&#039;Thank You&#039;]}]
Capabilities {acceptInsecureCerts: false, browserName: MicrosoftEdge, browserVersion: 131.0.2903.51, fedcm:accounts: true, ms:edgeOptions: {debuggerAddress: localhost:49320}, msedge: {msedgedriverVersion: 131.0.2903.51 (e8c8535333b9..., userDataDir: C:\Users\QA\AppData\Local\T...}, networkConnectionEnabled: false, pageLoadStrategy: normal, platformName: windows, proxy: Proxy(), se:cdp: ws://localhost:49320/devtoo..., se:cdpVersion: 131.0.2903.51, setWindowRect: true, strictFileInteractability: false, timeouts: {implicit: 0, pageLoad: 300000, script: 30000}, unhandledPromptBehavior: dismiss and notify, webauthn:extension:credBlob: true, webauthn:extension:largeBlob: true, webauthn:extension:minPinLength: true, webauthn:extension:prf: true, webauthn:virtualAuthenticators: true}
Session ID: 7bcf423cec398c8c613865492490e260 expected [true] but found [false]" type="java.lang.AssertionError">
      <![CDATA[java.lang.AssertionError: Unable to visible field  : Thank You Popup  --  Proxy element for: DefaultElementLocator 'By.xpath: //h2[normalize-space()='Thank You']'  --  org.openqa.selenium.NoSuchElementException: no such element: Unable to locate element: {"method":"xpath","selector":"//h2[normalize-space()='Thank You']"}
  (Session info: MicrosoftEdge=131.0.2903.51)
For documentation on this error, please visit: https://www.selenium.dev/documentation/webdriver/troubleshooting/errors#no-such-element-exception
Build info: version: '4.13.0', revision: 'ba948ece5b*'
System info: os.name: 'Windows 10', os.arch: 'amd64', os.version: '10.0', java.version: '22.0.1'
Driver info: org.openqa.selenium.edge.EdgeDriver
Command: [7bcf423cec398c8c613865492490e260, findElement {using=xpath, value=//h2[normalize-space()='Thank You']}]
Capabilities {acceptInsecureCerts: false, browserName: MicrosoftEdge, browserVersion: 131.0.2903.51, fedcm:accounts: true, ms:edgeOptions: {debuggerAddress: localhost:49320}, msedge: {msedgedriverVersion: 131.0.2903.51 (e8c8535333b9..., userDataDir: C:\Users\QA\AppData\Local\T...}, networkConnectionEnabled: false, pageLoadStrategy: normal, platformName: windows, proxy: Proxy(), se:cdp: ws://localhost:49320/devtoo..., se:cdpVersion: 131.0.2903.51, setWindowRect: true, strictFileInteractability: false, timeouts: {implicit: 0, pageLoad: 300000, script: 30000}, unhandledPromptBehavior: dismiss and notify, webauthn:extension:credBlob: true, webauthn:extension:largeBlob: true, webauthn:extension:minPinLength: true, webauthn:extension:prf: true, webauthn:virtualAuthenticators: true}
Session ID: 7bcf423cec398c8c613865492490e260 expected [true] but found [false]
at org.testng.Assert.fail(Assert.java:110)
at org.testng.Assert.failNotEquals(Assert.java:1577)
at org.testng.Assert.assertTrue(Assert.java:56)
at GB_Webapp.Utility.Library.visible_link(Library.java:68)
at GB_Webapp.Page.AboutHeroPage.click_on_submit_button_and_verify_thank_you_pop_up(AboutHeroPage.java:296)
at GB_Webapp.StepDefinition.AboutHeroTest.click_on_submit_button_and_verify_thank_you_pop_up(AboutHeroTest.java:86)
at ✽.Click on Submit button and verify Thank you pop up(file:///C:/Users/QA/OneDrive/Documents/Zoom/Intellij_trial/Hero_GB_WebApp_UI_Testing_BDD/./FeatureFilesPhilippines/05_AboutHero.feature:48)
]]>
    </failure>
  </testcase> <!-- runScenario -->
  <system-out/>
  <testcase classname="GB_Webapp.TestRunner.Philippines" name="runScenario" time="6.200"/>
  <system-out/>
  <testcase classname="GB_Webapp.TestRunner.Philippines" name="runScenario" time="6.017"/>
  <system-out/>
  <testcase classname="GB_Webapp.TestRunner.Philippines" name="runScenario" time="4.980"/>
  <system-out/>
  <testcase classname="GB_Webapp.TestRunner.Philippines" name="runScenario" time="20.794"/>
  <system-out/>
  <testcase classname="GB_Webapp.TestRunner.Philippines" name="runScenario" time="11.157">
    <error message="Index 1 out of bounds for length 0" type="java.lang.IndexOutOfBoundsException">
      <![CDATA[java.lang.IndexOutOfBoundsException: Index 1 out of bounds for length 0
at java.base/jdk.internal.util.Preconditions.outOfBounds(Preconditions.java:100)
at java.base/jdk.internal.util.Preconditions.outOfBoundsCheckIndex(Preconditions.java:106)
at java.base/jdk.internal.util.Preconditions.checkIndex(Preconditions.java:302)
at java.base/java.util.Objects.checkIndex(Objects.java:365)
at java.base/java.util.ArrayList.get(ArrayList.java:428)
at java.base/jdk.internal.reflect.DirectMethodHandleAccessor.invoke(DirectMethodHandleAccessor.java:103)
at java.base/java.lang.reflect.Method.invoke(Method.java:580)
at org.openqa.selenium.support.pagefactory.internal.LocatingElementListHandler.invoke(LocatingElementListHandler.java:39)
at jdk.proxy2/jdk.proxy2.$Proxy50.get(Unknown Source)
at GB_Webapp.Page.ServicePage.select_any_bikes_and_verify_bikes_servicing_information_it_should_be_displayed(ServicePage.java:324)
at GB_Webapp.StepDefinition.ServiceTest.select_any_bikes_and_verify_bikes_servicing_information_it_should_be_displayed(ServiceTest.java:94)
at ✽.select any bikes and verify bikes servicing information it should be displayed(file:///C:/Users/QA/OneDrive/Documents/Zoom/Intellij_trial/Hero_GB_WebApp_UI_Testing_BDD/./FeatureFilesPhilippines/04_Service.feature:19)
]]>
    </error>
  </testcase> <!-- runScenario -->
  <system-out/>
  <testcase classname="GB_Webapp.TestRunner.Philippines" name="runScenario" time="29.744">
    <failure message="Unable to visible field  : Thank You Popup  --  Proxy element for: DefaultElementLocator &#039;By.xpath: //h2[normalize-space()=&#039;Thank You&#039;]&#039;  --  org.openqa.selenium.NoSuchElementException: no such element: Unable to locate element: {&quot;method&quot;:&quot;xpath&quot;,&quot;selector&quot;:&quot;//h2[normalize-space()=&#039;Thank You&#039;]&quot;}
  (Session info: MicrosoftEdge=131.0.2903.51)
For documentation on this error, please visit: https://www.selenium.dev/documentation/webdriver/troubleshooting/errors#no-such-element-exception
Build info: version: &#039;4.13.0&#039;, revision: &#039;ba948ece5b*&#039;
System info: os.name: &#039;Windows 10&#039;, os.arch: &#039;amd64&#039;, os.version: &#039;10.0&#039;, java.version: &#039;22.0.1&#039;
Driver info: org.openqa.selenium.edge.EdgeDriver
Command: [7bcf423cec398c8c613865492490e260, findElement {using=xpath, value=//h2[normalize-space()=&#039;Thank You&#039;]}]
Capabilities {acceptInsecureCerts: false, browserName: MicrosoftEdge, browserVersion: 131.0.2903.51, fedcm:accounts: true, ms:edgeOptions: {debuggerAddress: localhost:49320}, msedge: {msedgedriverVersion: 131.0.2903.51 (e8c8535333b9..., userDataDir: C:\Users\QA\AppData\Local\T...}, networkConnectionEnabled: false, pageLoadStrategy: normal, platformName: windows, proxy: Proxy(), se:cdp: ws://localhost:49320/devtoo..., se:cdpVersion: 131.0.2903.51, setWindowRect: true, strictFileInteractability: false, timeouts: {implicit: 0, pageLoad: 300000, script: 30000}, unhandledPromptBehavior: dismiss and notify, webauthn:extension:credBlob: true, webauthn:extension:largeBlob: true, webauthn:extension:minPinLength: true, webauthn:extension:prf: true, webauthn:virtualAuthenticators: true}
Session ID: 7bcf423cec398c8c613865492490e260 expected [true] but found [false]" type="java.lang.AssertionError">
      <![CDATA[java.lang.AssertionError: Unable to visible field  : Thank You Popup  --  Proxy element for: DefaultElementLocator 'By.xpath: //h2[normalize-space()='Thank You']'  --  org.openqa.selenium.NoSuchElementException: no such element: Unable to locate element: {"method":"xpath","selector":"//h2[normalize-space()='Thank You']"}
  (Session info: MicrosoftEdge=131.0.2903.51)
For documentation on this error, please visit: https://www.selenium.dev/documentation/webdriver/troubleshooting/errors#no-such-element-exception
Build info: version: '4.13.0', revision: 'ba948ece5b*'
System info: os.name: 'Windows 10', os.arch: 'amd64', os.version: '10.0', java.version: '22.0.1'
Driver info: org.openqa.selenium.edge.EdgeDriver
Command: [7bcf423cec398c8c613865492490e260, findElement {using=xpath, value=//h2[normalize-space()='Thank You']}]
Capabilities {acceptInsecureCerts: false, browserName: MicrosoftEdge, browserVersion: 131.0.2903.51, fedcm:accounts: true, ms:edgeOptions: {debuggerAddress: localhost:49320}, msedge: {msedgedriverVersion: 131.0.2903.51 (e8c8535333b9..., userDataDir: C:\Users\QA\AppData\Local\T...}, networkConnectionEnabled: false, pageLoadStrategy: normal, platformName: windows, proxy: Proxy(), se:cdp: ws://localhost:49320/devtoo..., se:cdpVersion: 131.0.2903.51, setWindowRect: true, strictFileInteractability: false, timeouts: {implicit: 0, pageLoad: 300000, script: 30000}, unhandledPromptBehavior: dismiss and notify, webauthn:extension:credBlob: true, webauthn:extension:largeBlob: true, webauthn:extension:minPinLength: true, webauthn:extension:prf: true, webauthn:virtualAuthenticators: true}
Session ID: 7bcf423cec398c8c613865492490e260 expected [true] but found [false]
at org.testng.Assert.fail(Assert.java:110)
at org.testng.Assert.failNotEquals(Assert.java:1577)
at org.testng.Assert.assertTrue(Assert.java:56)
at GB_Webapp.Utility.Library.visible_link(Library.java:68)
at GB_Webapp.Page.AboutHeroPage.click_on_submit_button_and_verify_thank_you_pop_up(AboutHeroPage.java:296)
at GB_Webapp.StepDefinition.AboutHeroTest.click_on_submit_button_and_verify_thank_you_pop_up(AboutHeroTest.java:86)
at ✽.Click on Submit button and verify Thank you pop up(file:///C:/Users/QA/OneDrive/Documents/Zoom/Intellij_trial/Hero_GB_WebApp_UI_Testing_BDD/./FeatureFilesPhilippines/05_AboutHero.feature:36)
]]>
    </failure>
  </testcase> <!-- runScenario -->
  <system-out/>
  <testcase classname="GB_Webapp.TestRunner.Philippines" name="runScenario" time="29.051"/>
  <system-out/>
  <testcase classname="GB_Webapp.TestRunner.Philippines" name="runScenario" time="1.457"/>
  <system-out/>
  <testcase classname="GB_Webapp.TestRunner.Philippines" name="runScenario" time="32.255"/>
  <system-out/>
  <testcase classname="GB_Webapp.TestRunner.Philippines" name="runScenario" time="28.703"/>
  <system-out/>
  <testcase classname="GB_Webapp.TestRunner.Philippines" name="runScenario" time="4.330"/>
  <system-out/>
  <testcase classname="GB_Webapp.TestRunner.Philippines" name="runScenario" time="5.824"/>
  <system-out/>
  <testcase classname="GB_Webapp.TestRunner.Philippines" name="runScenario" time="1.759"/>
  <system-out/>
  <testcase classname="GB_Webapp.TestRunner.Philippines" name="runScenario" time="7.487"/>
  <system-out/>
  <testcase classname="GB_Webapp.TestRunner.Philippines" name="runScenario" time="7.590"/>
  <system-out/>
  <testcase classname="GB_Webapp.TestRunner.Philippines" name="runScenario" time="1.403"/>
  <system-out/>
  <testcase classname="GB_Webapp.TestRunner.Philippines" name="runScenario" time="6.522"/>
  <system-out/>
  <testcase classname="GB_Webapp.TestRunner.Philippines" name="runScenario" time="4.175"/>
  <system-out/>
  <testcase classname="GB_Webapp.TestRunner.Philippines" name="runScenario" time="2.277"/>
  <system-out/>
  <testcase classname="GB_Webapp.TestRunner.Philippines" name="runScenario" time="1.687"/>
  <system-out/>
  <testcase classname="GB_Webapp.TestRunner.Philippines" name="runScenario" time="33.668"/>
  <system-out/>
</testsuite> <!-- GB_Webapp.TestRunner.Philippines -->
