<?xml version="1.0" encoding="UTF-8"?>
<!-- Generated by org.testng.reporters.JUnitReportReporter -->
<testsuite hostname="DESKTOP-LMKUKFJ" failures="2" tests="28" name="GB_Webapp.TestRunner.Nepal" time="323.219" errors="0" timestamp="2024-11-29T00:42:21 IST" skipped="0">
  <testcase classname="GB_Webapp.TestRunner.Nepal" name="runScenario" time="6.020"/>
  <system-out/>
  <testcase classname="GB_Webapp.TestRunner.Nepal" name="runScenario" time="1.010"/>
  <system-out/>
  <testcase classname="GB_Webapp.TestRunner.Nepal" name="runScenario" time="39.251"/>
  <system-out/>
  <testcase classname="GB_Webapp.TestRunner.Nepal" name="runScenario" time="25.775"/>
  <system-out/>
  <testcase classname="GB_Webapp.TestRunner.Nepal" name="runScenario" time="2.147"/>
  <system-out/>
  <testcase classname="GB_Webapp.TestRunner.Nepal" name="runScenario" time="15.109"/>
  <system-out/>
  <testcase classname="GB_Webapp.TestRunner.Nepal" name="runScenario" time="26.996"/>
  <system-out/>
  <testcase classname="GB_Webapp.TestRunner.Nepal" name="runScenario" time="21.636"/>
  <system-out/>
  <testcase classname="GB_Webapp.TestRunner.Nepal" name="runScenario" time="10.419"/>
  <system-out/>
  <testcase classname="GB_Webapp.TestRunner.Nepal" name="runScenario" time="11.875"/>
  <system-out/>
  <testcase classname="GB_Webapp.TestRunner.Nepal" name="runScenario" time="1.003"/>
  <system-out/>
  <testcase classname="GB_Webapp.TestRunner.Nepal" name="runScenario" time="13.848">
    <failure message="Unable to click element : Select city  --  Proxy element for: DefaultElementLocator &#039;By.xpath: (//span[normalize-space()=&#039;ALBAY&#039;])[1] | (//ul[@role=&#039;presentation&#039;])[2]//li[1]&#039;  --  org.openqa.selenium.NoSuchElementException: no such element: Unable to locate element: {&quot;method&quot;:&quot;xpath&quot;,&quot;selector&quot;:&quot;(//span[normalize-space()=&#039;ALBAY&#039;])[1] | (//ul[@role=&#039;presentation&#039;])[2]//li[1]&quot;}
  (Session info: chrome=131.0.6778.86)
For documentation on this error, please visit: https://www.selenium.dev/documentation/webdriver/troubleshooting/errors#no-such-element-exception
Build info: version: &#039;4.13.0&#039;, revision: &#039;ba948ece5b*&#039;
System info: os.name: &#039;Windows 10&#039;, os.arch: &#039;amd64&#039;, os.version: &#039;10.0&#039;, java.version: &#039;22.0.1&#039;
Driver info: org.openqa.selenium.chrome.ChromeDriver
Command: [af7391ff0a1839640af1d17bd45763d6, findElement {using=xpath, value=(//span[normalize-space()=&#039;ALBAY&#039;])[1] | (//ul[@role=&#039;presentation&#039;])[2]//li[1]}]
Capabilities {acceptInsecureCerts: false, browserName: chrome, browserVersion: 131.0.6778.86, chrome: {chromedriverVersion: 131.0.6778.85 (3d81e41b6f3a..., userDataDir: C:\Users\QA\AppData\Local\T...}, fedcm:accounts: true, goog:chromeOptions: {debuggerAddress: localhost:61040}, networkConnectionEnabled: false, pageLoadStrategy: normal, platformName: windows, proxy: Proxy(), se:cdp: ws://localhost:61040/devtoo..., se:cdpVersion: 131.0.6778.86, setWindowRect: true, strictFileInteractability: false, timeouts: {implicit: 0, pageLoad: 300000, script: 30000}, unhandledPromptBehavior: dismiss and notify, webauthn:extension:credBlob: true, webauthn:extension:largeBlob: true, webauthn:extension:minPinLength: true, webauthn:extension:prf: true, webauthn:virtualAuthenticators: true}
Session ID: af7391ff0a1839640af1d17bd45763d6 expected [true] but found [false]" type="java.lang.AssertionError">
      <![CDATA[java.lang.AssertionError: Unable to click element : Select city  --  Proxy element for: DefaultElementLocator 'By.xpath: (//span[normalize-space()='ALBAY'])[1] | (//ul[@role='presentation'])[2]//li[1]'  --  org.openqa.selenium.NoSuchElementException: no such element: Unable to locate element: {"method":"xpath","selector":"(//span[normalize-space()='ALBAY'])[1] | (//ul[@role='presentation'])[2]//li[1]"}
  (Session info: chrome=131.0.6778.86)
For documentation on this error, please visit: https://www.selenium.dev/documentation/webdriver/troubleshooting/errors#no-such-element-exception
Build info: version: '4.13.0', revision: 'ba948ece5b*'
System info: os.name: 'Windows 10', os.arch: 'amd64', os.version: '10.0', java.version: '22.0.1'
Driver info: org.openqa.selenium.chrome.ChromeDriver
Command: [af7391ff0a1839640af1d17bd45763d6, findElement {using=xpath, value=(//span[normalize-space()='ALBAY'])[1] | (//ul[@role='presentation'])[2]//li[1]}]
Capabilities {acceptInsecureCerts: false, browserName: chrome, browserVersion: 131.0.6778.86, chrome: {chromedriverVersion: 131.0.6778.85 (3d81e41b6f3a..., userDataDir: C:\Users\QA\AppData\Local\T...}, fedcm:accounts: true, goog:chromeOptions: {debuggerAddress: localhost:61040}, networkConnectionEnabled: false, pageLoadStrategy: normal, platformName: windows, proxy: Proxy(), se:cdp: ws://localhost:61040/devtoo..., se:cdpVersion: 131.0.6778.86, setWindowRect: true, strictFileInteractability: false, timeouts: {implicit: 0, pageLoad: 300000, script: 30000}, unhandledPromptBehavior: dismiss and notify, webauthn:extension:credBlob: true, webauthn:extension:largeBlob: true, webauthn:extension:minPinLength: true, webauthn:extension:prf: true, webauthn:virtualAuthenticators: true}
Session ID: af7391ff0a1839640af1d17bd45763d6 expected [true] but found [false]
at org.testng.Assert.fail(Assert.java:110)
at org.testng.Assert.failNotEquals(Assert.java:1577)
at org.testng.Assert.assertTrue(Assert.java:56)
at GB_Webapp.Utility.Library.click(Library.java:38)
at GB_Webapp.Page.HomePage.select_city1(HomePage.java:1209)
at GB_Webapp.StepDefinition.HomePageTest.select_city_in_dropdown(HomePageTest.java:427)
at ✽.select city in dropdown "city1"(file:///C:/Users/QA/OneDrive/Documents/Zoom/Intellij_trial/Hero_GB_WebApp_UI_Testing_BDD/./AllCountryFeatureFiles/FeatureFilesNepal/01_HomePage.feature:143)
]]>
    </failure>
  </testcase> <!-- runScenario -->
  <system-out/>
  <testcase classname="GB_Webapp.TestRunner.Nepal" name="runScenario" time="5.098"/>
  <system-out/>
  <testcase classname="GB_Webapp.TestRunner.Nepal" name="runScenario" time="23.259">
    <failure message="Unable to visible field  : Become A Dealer Page  --  Proxy element for: DefaultElementLocator &#039;By.xpath: //h2[normalize-space()=&#039;Become a Dealer&#039;]&#039;  --  org.openqa.selenium.NoSuchElementException: no such element: Unable to locate element: {&quot;method&quot;:&quot;xpath&quot;,&quot;selector&quot;:&quot;//h2[normalize-space()=&#039;Become a Dealer&#039;]&quot;}
  (Session info: chrome=131.0.6778.86)
For documentation on this error, please visit: https://www.selenium.dev/documentation/webdriver/troubleshooting/errors#no-such-element-exception
Build info: version: &#039;4.13.0&#039;, revision: &#039;ba948ece5b*&#039;
System info: os.name: &#039;Windows 10&#039;, os.arch: &#039;amd64&#039;, os.version: &#039;10.0&#039;, java.version: &#039;22.0.1&#039;
Driver info: org.openqa.selenium.chrome.ChromeDriver
Command: [af7391ff0a1839640af1d17bd45763d6, findElement {using=xpath, value=//h2[normalize-space()=&#039;Become a Dealer&#039;]}]
Capabilities {acceptInsecureCerts: false, browserName: chrome, browserVersion: 131.0.6778.86, chrome: {chromedriverVersion: 131.0.6778.85 (3d81e41b6f3a..., userDataDir: C:\Users\QA\AppData\Local\T...}, fedcm:accounts: true, goog:chromeOptions: {debuggerAddress: localhost:61040}, networkConnectionEnabled: false, pageLoadStrategy: normal, platformName: windows, proxy: Proxy(), se:cdp: ws://localhost:61040/devtoo..., se:cdpVersion: 131.0.6778.86, setWindowRect: true, strictFileInteractability: false, timeouts: {implicit: 0, pageLoad: 300000, script: 30000}, unhandledPromptBehavior: dismiss and notify, webauthn:extension:credBlob: true, webauthn:extension:largeBlob: true, webauthn:extension:minPinLength: true, webauthn:extension:prf: true, webauthn:virtualAuthenticators: true}
Session ID: af7391ff0a1839640af1d17bd45763d6 expected [true] but found [false]" type="java.lang.AssertionError">
      <![CDATA[java.lang.AssertionError: Unable to visible field  : Become A Dealer Page  --  Proxy element for: DefaultElementLocator 'By.xpath: //h2[normalize-space()='Become a Dealer']'  --  org.openqa.selenium.NoSuchElementException: no such element: Unable to locate element: {"method":"xpath","selector":"//h2[normalize-space()='Become a Dealer']"}
  (Session info: chrome=131.0.6778.86)
For documentation on this error, please visit: https://www.selenium.dev/documentation/webdriver/troubleshooting/errors#no-such-element-exception
Build info: version: '4.13.0', revision: 'ba948ece5b*'
System info: os.name: 'Windows 10', os.arch: 'amd64', os.version: '10.0', java.version: '22.0.1'
Driver info: org.openqa.selenium.chrome.ChromeDriver
Command: [af7391ff0a1839640af1d17bd45763d6, findElement {using=xpath, value=//h2[normalize-space()='Become a Dealer']}]
Capabilities {acceptInsecureCerts: false, browserName: chrome, browserVersion: 131.0.6778.86, chrome: {chromedriverVersion: 131.0.6778.85 (3d81e41b6f3a..., userDataDir: C:\Users\QA\AppData\Local\T...}, fedcm:accounts: true, goog:chromeOptions: {debuggerAddress: localhost:61040}, networkConnectionEnabled: false, pageLoadStrategy: normal, platformName: windows, proxy: Proxy(), se:cdp: ws://localhost:61040/devtoo..., se:cdpVersion: 131.0.6778.86, setWindowRect: true, strictFileInteractability: false, timeouts: {implicit: 0, pageLoad: 300000, script: 30000}, unhandledPromptBehavior: dismiss and notify, webauthn:extension:credBlob: true, webauthn:extension:largeBlob: true, webauthn:extension:minPinLength: true, webauthn:extension:prf: true, webauthn:virtualAuthenticators: true}
Session ID: af7391ff0a1839640af1d17bd45763d6 expected [true] but found [false]
at org.testng.Assert.fail(Assert.java:110)
at org.testng.Assert.failNotEquals(Assert.java:1577)
at org.testng.Assert.assertTrue(Assert.java:56)
at GB_Webapp.Utility.Library.visible_link(Library.java:69)
at GB_Webapp.Page.HomePage.verify_beacome_a_dealer_icon_redirection(HomePage.java:1023)
at GB_Webapp.StepDefinition.HomePageTest.verify_icon_redirection(HomePageTest.java:325)
at ✽.Verify "become_a_dealer" icon redirection(file:///C:/Users/QA/OneDrive/Documents/Zoom/Intellij_trial/Hero_GB_WebApp_UI_Testing_BDD/./AllCountryFeatureFiles/FeatureFilesNepal/01_HomePage.feature:121)
]]>
    </failure>
  </testcase> <!-- runScenario -->
  <system-out/>
  <testcase classname="GB_Webapp.TestRunner.Nepal" name="runScenario" time="8.747"/>
  <system-out/>
  <testcase classname="GB_Webapp.TestRunner.Nepal" name="runScenario" time="10.414"/>
  <system-out/>
  <testcase classname="GB_Webapp.TestRunner.Nepal" name="runScenario" time="11.530"/>
  <system-out/>
  <testcase classname="GB_Webapp.TestRunner.Nepal" name="runScenario" time="1.876"/>
  <system-out/>
  <testcase classname="GB_Webapp.TestRunner.Nepal" name="runScenario" time="1.467"/>
  <system-out/>
  <testcase classname="GB_Webapp.TestRunner.Nepal" name="runScenario" time="1.752"/>
  <system-out/>
  <testcase classname="GB_Webapp.TestRunner.Nepal" name="runScenario" time="7.513"/>
  <system-out/>
  <testcase classname="GB_Webapp.TestRunner.Nepal" name="runScenario" time="0.824"/>
  <system-out/>
  <testcase classname="GB_Webapp.TestRunner.Nepal" name="runScenario" time="1.848"/>
  <system-out/>
  <testcase classname="GB_Webapp.TestRunner.Nepal" name="runScenario" time="24.716"/>
  <system-out/>
  <testcase classname="GB_Webapp.TestRunner.Nepal" name="runScenario" time="11.630"/>
  <system-out/>
  <testcase classname="GB_Webapp.TestRunner.Nepal" name="runScenario" time="3.725"/>
  <system-out/>
  <testcase classname="GB_Webapp.TestRunner.Nepal" name="runScenario" time="27.737"/>
  <system-out/>
  <testcase classname="GB_Webapp.TestRunner.Nepal" name="runScenario" time="5.994"/>
  <system-out/>
</testsuite> <!-- GB_Webapp.TestRunner.Nepal -->
